<?xml version="1.0" encoding="UTF-8"?>
<!-- Generated by org.testng.reporters.JUnitXMLReporter -->
<testsuite ignored="0" hostname="ATMECSINLT-060" failures="0" tests="5" name="SampleTest" time="244.807" errors="0" timestamp="28 Feb 2020 06:55:39 GMT">
  <testcase classname="com.atmecs.qa.falcondashboard.testscript.TC08_DashboardSlidder" name="dashboardSlidder" time="32.693"/>
  <testcase classname="com.atmecs.qa.falcondashboard.testscript.TC09_ProductEnvironment" name="environmentOfProduct" time="32.42"/>
  <testcase classname="com.atmecs.qa.falcondashboard.testscript.TC10_TestPhase" name="testPhase" time="22.863"/>
  <testcase classname="com.atmecs.qa.falcondashboard.testscript.TC36_StartTime" name="startTime" time="23.437"/>
  <testcase classname="com.atmecs.qa.falcondashboard.testscript.TC37_EndTime" name="endTime" time="27.167"/>
</testsuite> <!-- SampleTest -->
