<?xml version="1.0" encoding="UTF-8"?>
<!-- Generated by org.testng.reporters.JUnitXMLReporter -->
<testsuite ignored="3" hostname="ATMECSINLT-060" failures="2" tests="4" name="SampleTest" time="239.599" errors="0" timestamp="12 Mar 2020 12:56:28 GMT">
  <testcase classname="com.atmecs.qa.falcondashboard.testscript.TC05_ProductPage" name="productPage" time="26.758"/>
  <testcase classname="com.atmecs.qa.falcondashboard.testscript.TC06_ProductMedium" name="mediumOfProduct" time="21.933">
    <failure type="java.lang.AssertionError" message="expected [row Medium or column -1 does not exist  in xlsx] but found [ Web Services ]">
      <![CDATA[java.lang.AssertionError: expected [row Medium or column -1 does not exist  in xlsx] but found [ Web Services ]
at com.atmecs.falcon.automation.verifyresult.VerificationManager.verifyString(VerificationManager.java:250)
at com.atmecs.qa.falcondashboard.testscript.TC06_ProductMedium.mediumOfProduct(TC06_ProductMedium.java:59)
at java.base/java.util.concurrent.ThreadPoolExecutor.runWorker(ThreadPoolExecutor.java:1128)
at java.base/java.util.concurrent.ThreadPoolExecutor$Worker.run(ThreadPoolExecutor.java:628)
at java.base/java.lang.Thread.run(Thread.java:830)
... Removed 24 stack frames]]>
    </failure>
  </testcase> <!-- mediumOfProduct -->
  <testcase classname="com.atmecs.qa.falcondashboard.testscript.TC11_DownloadOption" name="downloadOption" time="38.656"/>
  <testcase classname="com.atmecs.qa.falcondashboard.testscript.TC12_ExecutionDate" name="dateOfExecution" time="26.602">
    <failure type="java.lang.AssertionError" message="expected [row Date or column -1 does not exist  in xlsx] but found [Mar12,2020]">
      <![CDATA[java.lang.AssertionError: expected [row Date or column -1 does not exist  in xlsx] but found [Mar12,2020]
at com.atmecs.falcon.automation.verifyresult.VerificationManager.verifyString(VerificationManager.java:250)
at com.atmecs.qa.falcondashboard.testscript.TC12_ExecutionDate.dateOfExecution(TC12_ExecutionDate.java:60)
at java.base/java.util.concurrent.ThreadPoolExecutor.runWorker(ThreadPoolExecutor.java:1128)
at java.base/java.util.concurrent.ThreadPoolExecutor$Worker.run(ThreadPoolExecutor.java:628)
at java.base/java.lang.Thread.run(Thread.java:830)
... Removed 24 stack frames]]>
    </failure>
  </testcase> <!-- dateOfExecution -->
  <testcase classname="com.atmecs.qa.falcondashboard.testsuite.TestSuiteBase" name="@BeforeSuite startTest" time="0.0">
    <ignored/>
  </testcase> <!-- @BeforeSuite startTest -->
  <testcase classname="com.atmecs.qa.falcondashboard.testsuite.TestSuiteBase" name="@BeforeSuite startTest" time="0.0">
    <ignored/>
  </testcase> <!-- @BeforeSuite startTest -->
  <testcase classname="com.atmecs.qa.falcondashboard.testsuite.TestSuiteBase" name="@BeforeSuite startTest" time="0.0">
    <ignored/>
  </testcase> <!-- @BeforeSuite startTest -->
</testsuite> <!-- SampleTest -->
