<?xml version="1.0" encoding="UTF-8"?>
<!-- Generated by org.testng.reporters.JUnitXMLReporter -->
<testsuite ignored="0" hostname="ATMECSINLT-060" failures="0" tests="4" name="SampleTest" time="218.805" errors="0" timestamp="06 Mar 2020 13:47:17 GMT">
  <testcase classname="com.atmecs.qa.falcondashboard.testscript.TC05_ProductPage" name="productPage" time="23.825"/>
  <testcase classname="com.atmecs.qa.falcondashboard.testscript.TC06_ProductMedium" name="mediumOfProduct" time="22.538"/>
  <testcase classname="com.atmecs.qa.falcondashboard.testscript.TC11_DownloadOption" name="downloadOption" time="26.377"/>
  <testcase classname="com.atmecs.qa.falcondashboard.testscript.TC12_ExecutionDate" name="dateOfExecution" time="21.84"/>
</testsuite> <!-- SampleTest -->
