<?xml version="1.0" encoding="UTF-8"?>
<!-- Generated by org.testng.reporters.JUnitXMLReporter -->
<testsuite ignored="5" hostname="ATMECSINLT-060" failures="0" tests="6" name="SampleTest" time="293.385" errors="0" timestamp="16 Mar 2020 13:32:52 GMT">
  <testcase classname="com.atmecs.qa.falcondashboard.testscript.TC17_RecentRuns" name="recentrun" time="35.155"/>
  <testcase classname="com.atmecs.qa.falcondashboard.testscript.TC18_ProductName" name="productName" time="19.008"/>
  <testcase classname="com.atmecs.qa.falcondashboard.testscript.TC19_ProductComponent" name="componentOfProduct" time="36.95"/>
  <testcase classname="com.atmecs.qa.falcondashboard.testscript.TC21_PassPercentage" name="rececntPassPercentage" time="38.136"/>
  <testcase classname="com.atmecs.qa.falcondashboard.testscript.TC22_DeleteOption" name="deleteOption" time="33.405"/>
  <testcase classname="com.atmecs.qa.falcondashboard.testscript.TC35_LastRun" name="lastRun" time="35.163"/>
  <testcase classname="com.atmecs.qa.falcondashboard.testsuite.TestSuiteBase" name="@BeforeSuite startTest" time="0.0">
    <ignored/>
  </testcase> <!-- @BeforeSuite startTest -->
  <testcase classname="com.atmecs.qa.falcondashboard.testsuite.TestSuiteBase" name="@BeforeSuite startTest" time="0.0">
    <ignored/>
  </testcase> <!-- @BeforeSuite startTest -->
  <testcase classname="com.atmecs.qa.falcondashboard.testsuite.TestSuiteBase" name="@BeforeSuite startTest" time="0.0">
    <ignored/>
  </testcase> <!-- @BeforeSuite startTest -->
  <testcase classname="com.atmecs.qa.falcondashboard.testsuite.TestSuiteBase" name="@BeforeSuite startTest" time="0.0">
    <ignored/>
  </testcase> <!-- @BeforeSuite startTest -->
  <testcase classname="com.atmecs.qa.falcondashboard.testsuite.TestSuiteBase" name="@BeforeSuite startTest" time="0.0">
    <ignored/>
  </testcase> <!-- @BeforeSuite startTest -->
</testsuite> <!-- SampleTest -->
