<?xml version="1.0" encoding="UTF-8"?>
<!-- Generated by org.testng.reporters.JUnitXMLReporter -->
<testsuite ignored="0" hostname="ATMECSINLT-060" failures="0" tests="4" name="SampleTest" time="362.009" errors="0" timestamp="18 Mar 2020 10:55:38 GMT">
  <testcase classname="com.atmecs.qa.falcondashboard.testscript.TC07_Dropdowns" name="dropdown" time="83.934"/>
  <testcase classname="com.atmecs.qa.falcondashboard.testscript.TC13_PassedTestCases" name="dropdownPassedTestCases" time="51.646"/>
  <testcase classname="com.atmecs.qa.falcondashboard.testscript.TC14_FailedTestCases" name="dropdownFailedTestCases" time="65.932"/>
  <testcase classname="com.atmecs.qa.falcondashboard.testscript.TC15_SkippedTestCases" name="dropdownSkippedTestCases" time="71.202"/>
</testsuite> <!-- SampleTest -->
