<?xml version="1.0" encoding="UTF-8"?>
<!-- Generated by org.testng.reporters.JUnitXMLReporter -->
<testsuite ignored="0" hostname="ATMECSINLT-060" failures="1" tests="4" name="SampleTest" time="245.565" errors="0" timestamp="04 Mar 2020 11:45:09 GMT">
  <testcase classname="com.atmecs.qa.falcondashboard.testscript.TC07_Dropdowns" name="dropdown" time="22.59">
    <failure type="java.lang.AssertionError" message="expected [row Customer or column -1 does not exist  in xlsx] but found [Falcon]">
      <![CDATA[java.lang.AssertionError: expected [row Customer or column -1 does not exist  in xlsx] but found [Falcon]
at com.atmecs.qa.falcondashboard.helper.ValidationHelper.getDataofRow(ValidationHelper.java:27)
at com.atmecs.qa.falcondashboard.validationresults.DropdownValidation.validateCustomer(DropdownValidation.java:23)
at com.atmecs.qa.falcondashboard.testscript.TC07_Dropdowns.dropdown(TC07_Dropdowns.java:58)
at java.base/java.util.concurrent.ThreadPoolExecutor.runWorker(ThreadPoolExecutor.java:1128)
at java.base/java.util.concurrent.ThreadPoolExecutor$Worker.run(ThreadPoolExecutor.java:628)
at java.base/java.lang.Thread.run(Thread.java:830)
... Removed 24 stack frames]]>
    </failure>
  </testcase> <!-- dropdown -->
  <testcase classname="com.atmecs.qa.falcondashboard.testscript.TC13_PassedTestCases" name="dropdownPassedTestCases" time="33.243"/>
  <testcase classname="com.atmecs.qa.falcondashboard.testscript.TC14_FailedTestCases" name="dropdownFailedTestCases" time="34.621"/>
  <testcase classname="com.atmecs.qa.falcondashboard.testscript.TC15_SkippedTestCases" name="dropdownSkippedTestCases" time="32.574"/>
</testsuite> <!-- SampleTest -->
