<?xml version="1.0" encoding="UTF-8"?>
<!-- Generated by org.testng.reporters.JUnitXMLReporter -->
<testsuite ignored="3" hostname="ATMECSINLT-060" failures="0" tests="4" name="SampleTest" time="403.958" errors="0" timestamp="17 Mar 2020 14:00:56 GMT">
  <testcase classname="com.atmecs.qa.falcondashboard.testscript.TC07_Dropdowns" name="dropdown" time="84.447"/>
  <testcase classname="com.atmecs.qa.falcondashboard.testscript.TC13_PassedTestCases" name="dropdownPassedTestCases" time="68.112"/>
  <testcase classname="com.atmecs.qa.falcondashboard.testscript.TC14_FailedTestCases" name="dropdownFailedTestCases" time="72.081"/>
  <testcase classname="com.atmecs.qa.falcondashboard.testscript.TC15_SkippedTestCases" name="dropdownSkippedTestCases" time="73.358"/>
  <testcase classname="com.atmecs.qa.falcondashboard.testsuite.TestSuiteBase" name="@BeforeSuite startTest" time="0.0">
    <ignored/>
  </testcase> <!-- @BeforeSuite startTest -->
  <testcase classname="com.atmecs.qa.falcondashboard.testsuite.TestSuiteBase" name="@BeforeSuite startTest" time="0.0">
    <ignored/>
  </testcase> <!-- @BeforeSuite startTest -->
  <testcase classname="com.atmecs.qa.falcondashboard.testsuite.TestSuiteBase" name="@BeforeSuite startTest" time="0.0">
    <ignored/>
  </testcase> <!-- @BeforeSuite startTest -->
</testsuite> <!-- SampleTest -->
