<?xml version="1.0" encoding="UTF-8"?>
<!-- Generated by org.testng.reporters.JUnitXMLReporter -->
<testsuite ignored="0" hostname="ATMECSINLT-060" failures="0" tests="4" name="SampleTest" time="243.246" errors="0" timestamp="06 Mar 2020 13:47:12 GMT">
  <testcase classname="com.atmecs.qa.falcondashboard.testscript.TC07_Dropdowns" name="dropdown" time="24.52"/>
  <testcase classname="com.atmecs.qa.falcondashboard.testscript.TC13_PassedTestCases" name="dropdownPassedTestCases" time="31.711"/>
  <testcase classname="com.atmecs.qa.falcondashboard.testscript.TC14_FailedTestCases" name="dropdownFailedTestCases" time="31.782"/>
  <testcase classname="com.atmecs.qa.falcondashboard.testscript.TC15_SkippedTestCases" name="dropdownSkippedTestCases" time="32.551"/>
</testsuite> <!-- SampleTest -->
