<?xml version="1.0" encoding="UTF-8"?>
<!-- Generated by org.testng.reporters.JUnitXMLReporter -->
<testsuite ignored="0" hostname="ATMECSINLT-060" failures="0" tests="4" name="SampleTest" time="205.377" errors="0" timestamp="28 Feb 2020 06:53:50 GMT">
  <testcase classname="com.atmecs.qa.falcondashboard.testscript.TC07_Dropdowns" name="dropdown" time="24.735"/>
  <testcase classname="com.atmecs.qa.falcondashboard.testscript.TC13_PassedTestCases" name="dropdownPassedTestCases" time="36.772"/>
  <testcase classname="com.atmecs.qa.falcondashboard.testscript.TC14_FailedTestCases" name="dropdownFailedTestCases" time="34.685"/>
  <testcase classname="com.atmecs.qa.falcondashboard.testscript.TC15_SkippedTestCases" name="dropdownSkippedTestCases" time="32.905"/>
</testsuite> <!-- SampleTest -->
