<?xml version="1.0" encoding="UTF-8"?>
<!-- Generated by org.testng.reporters.JUnitXMLReporter -->
<testsuite ignored="0" hostname="ATMECSINLT-060" failures="1" tests="1" name="SampleTest" time="3.841" errors="0" timestamp="21 Feb 2020 05:27:04 GMT">
  <testcase classname="com.atmecs.qa.falcondashboard.testscript.TC05_ProductPage" name="productPage" time="2.497">
    <failure type="java.lang.NullPointerException">
      <![CDATA[java.lang.NullPointerException
at com.atmecs.qa.falcondashboard.utils.Pageactions.getText(Pageactions.java:96)
at com.atmecs.qa.falcondashboard.helper.ValidationHelper.getDataofRow(ValidationHelper.java:27)
at com.atmecs.qa.falcondashboard.validationresults.ProductPageValidation.validateProduct(ProductPageValidation.java:25)
at com.atmecs.qa.falcondashboard.testscript.TC05_ProductPage.productPage(TC05_ProductPage.java:39)
at com.atmecs.qa.falcondashboard.runner.TestNGRunner.main(TestNGRunner.java:59)
at org.codehaus.mojo.exec.ExecJavaMojo$1.run(ExecJavaMojo.java:294)
at java.base/java.lang.Thread.run(Thread.java:830)
... Removed 26 stack frames]]>
    </failure>
  </testcase> <!-- productPage -->
</testsuite> <!-- SampleTest -->
