<?xml version="1.0" encoding="UTF-8"?>
<!-- Generated by org.testng.reporters.JUnitXMLReporter -->
<testsuite ignored="0" hostname="ATMECSINLT-060" failures="0" tests="6" name="SampleTest" time="354.109" errors="0" timestamp="20 Mar 2020 13:28:47 GMT">
  <testcase classname="com.atmecs.qa.falcondashboard.testscript.TC17_RecentRuns" name="recentrun" time="35.26"/>
  <testcase classname="com.atmecs.qa.falcondashboard.testscript.TC18_ProductName" name="productName" time="33.903"/>
  <testcase classname="com.atmecs.qa.falcondashboard.testscript.TC19_ProductComponent" name="componentOfProduct" time="37.541"/>
  <testcase classname="com.atmecs.qa.falcondashboard.testscript.TC21_PassPercentage" name="rececntPassPercentage" time="34.472"/>
  <testcase classname="com.atmecs.qa.falcondashboard.testscript.TC22_DeleteOption" name="deleteOption" time="33.623"/>
  <testcase classname="com.atmecs.qa.falcondashboard.testscript.TC35_LastRun" name="lastRun" time="36.413"/>
</testsuite> <!-- SampleTest -->
