<?xml version="1.0" encoding="UTF-8"?>
<!-- Generated by org.testng.reporters.JUnitXMLReporter -->
<testsuite ignored="0" hostname="ATMECSINLT-060" failures="0" tests="9" name="SampleTest" time="450.663" errors="0" timestamp="28 Feb 2020 07:01:20 GMT">
  <testcase classname="com.atmecs.qa.falcondashboard.testscript.TC26_ColorOfTotalTestCases" name="colorofTotalTestCases" time="22.635"/>
  <testcase classname="com.atmecs.qa.falcondashboard.testscript.TC27_TotalTestCases" name="totalTestCases" time="27.9"/>
  <testcase classname="com.atmecs.qa.falcondashboard.testscript.TC28_ColorOfPassTestCases" name="colorofPassedTestCases" time="22.67"/>
  <testcase classname="com.atmecs.qa.falcondashboard.testscript.TC29_PassedTestCases" name="passTestCases" time="37.41"/>
  <testcase classname="com.atmecs.qa.falcondashboard.testscript.TC30_ColorOfFailedTestCases" name="colorofFailedTestCases" time="22.327"/>
  <testcase classname="com.atmecs.qa.falcondashboard.testscript.TC31_FailedTestCases" name="failTestCases" time="38.18"/>
  <testcase classname="com.atmecs.qa.falcondashboard.testscript.TC32_ColorOfSkippedTestCases" name="colorofSkippedTestCases" time="23.584"/>
  <testcase classname="com.atmecs.qa.falcondashboard.testscript.TC33_SkippedTestCases" name="skippedTestCases" time="33.707"/>
  <testcase classname="com.atmecs.qa.falcondashboard.testscript.TC34_ViewPage" name="viewPage" time="29.89"/>
</testsuite> <!-- SampleTest -->
