<?xml version="1.0" encoding="UTF-8"?>
<!-- Generated by org.testng.reporters.JUnitXMLReporter -->
<testsuite ignored="0" hostname="ATMECSINLT-060" failures="2" tests="6" name="SampleTest" time="416.896" errors="0" timestamp="04 Mar 2020 09:12:09 GMT">
  <testcase classname="com.atmecs.qa.falcondashboard.testsuite.SampleTestSuiteBase" name="@AfterClass teardown" time="0.002">
    <failure type="org.openqa.selenium.NoSuchSessionException" message="Tried to run command without establishing a connection
Build info: version: &amp;apos;3.141.59&amp;apos;, revision: &amp;apos;e82be7d358&amp;apos;, time: &amp;apos;2018-11-14T08:17:03&amp;apos;
System info: host: &amp;apos;ATMECSINLT-060&amp;apos;, ip: &amp;apos;55.55.52.253&amp;apos;, os.name: &amp;apos;Windows 10&amp;apos;, os.arch: &amp;apos;amd64&amp;apos;, os.version: &amp;apos;10.0&amp;apos;, java.version: &amp;apos;13.0.1&amp;apos;
Driver info: org.openqa.selenium.firefox.FirefoxDriver
Capabilities {acceptInsecureCerts: true, browserName: firefox, browserVersion: 73.0.1, javascriptEnabled: true, moz:accessibilityChecks: false, moz:buildID: 20200217142647, moz:geckodriverVersion: 0.24.0, moz:headless: false, moz:processID: 27832, moz:profile: C:\Users\srinischal.thipara..., moz:shutdownTimeout: 60000, moz:useNonSpecCompliantPointerOrigin: false, moz:webdriverClick: true, pageLoadStrategy: normal, platform: WINDOWS, platformName: WINDOWS, platformVersion: 10.0, rotatable: false, setWindowRect: true, strictFileInteractability: false, timeouts: {implicit: 0, pageLoad: 300000, script: 30000}, unhandledPromptBehavior: dismiss and notify}
Session ID: b2338bc6-ee73-43ce-bc17-6a29c51b303f">
      <![CDATA[org.openqa.selenium.NoSuchSessionException: Tried to run command without establishing a connection
Build info: version: '3.141.59', revision: 'e82be7d358', time: '2018-11-14T08:17:03'
System info: host: 'ATMECSINLT-060', ip: '55.55.52.253', os.name: 'Windows 10', os.arch: 'amd64', os.version: '10.0', java.version: '13.0.1'
Driver info: org.openqa.selenium.firefox.FirefoxDriver
Capabilities {acceptInsecureCerts: true, browserName: firefox, browserVersion: 73.0.1, javascriptEnabled: true, moz:accessibilityChecks: false, moz:buildID: 20200217142647, moz:geckodriverVersion: 0.24.0, moz:headless: false, moz:processID: 27832, moz:profile: C:\Users\srinischal.thipara..., moz:shutdownTimeout: 60000, moz:useNonSpecCompliantPointerOrigin: false, moz:webdriverClick: true, pageLoadStrategy: normal, platform: WINDOWS, platformName: WINDOWS, platformVersion: 10.0, rotatable: false, setWindowRect: true, strictFileInteractability: false, timeouts: {implicit: 0, pageLoad: 300000, script: 30000}, unhandledPromptBehavior: dismiss and notify}
Session ID: b2338bc6-ee73-43ce-bc17-6a29c51b303f
at org.openqa.selenium.remote.http.W3CHttpResponseCodec.createException(W3CHttpResponseCodec.java:187)
at org.openqa.selenium.remote.http.W3CHttpResponseCodec.decode(W3CHttpResponseCodec.java:122)
at org.openqa.selenium.remote.http.W3CHttpResponseCodec.decode(W3CHttpResponseCodec.java:49)
at org.openqa.selenium.remote.HttpCommandExecutor.execute(HttpCommandExecutor.java:158)
at org.openqa.selenium.remote.service.DriverCommandExecutor.execute(DriverCommandExecutor.java:83)
at org.openqa.selenium.remote.RemoteWebDriver.execute(RemoteWebDriver.java:552)
at org.openqa.selenium.remote.RemoteWebDriver.execute(RemoteWebDriver.java:609)
at org.openqa.selenium.remote.RemoteWebDriver.close(RemoteWebDriver.java:442)
at com.atmecs.falcon.automation.ui.selenium.Browser.closeBrowser(Browser.java:115)
at com.atmecs.qa.falcondashboard.testsuite.SampleTestSuiteBase.teardown(SampleTestSuiteBase.java:46)
at java.base/java.util.concurrent.ThreadPoolExecutor.runWorker(ThreadPoolExecutor.java:1128)
at java.base/java.util.concurrent.ThreadPoolExecutor$Worker.run(ThreadPoolExecutor.java:628)
at java.base/java.lang.Thread.run(Thread.java:830)
... Removed 23 stack frames]]>
    </failure>
  </testcase> <!-- @AfterClass teardown -->
  <testcase classname="com.atmecs.qa.falcondashboard.testscript.TC17_RecentRuns" name="recentrun" time="12.214">
    <failure type="java.lang.AssertionError" message="expected [Recent Runs] but found [Dashboard]">
      <![CDATA[java.lang.AssertionError: expected [Recent Runs] but found [Dashboard]
at com.atmecs.qa.falcondashboard.helper.ValidationHelper.getDataofRow(ValidationHelper.java:27)
at com.atmecs.qa.falcondashboard.validationresults.RecentrunsValidation.validateText(RecentrunsValidation.java:19)
at com.atmecs.qa.falcondashboard.testscript.TC17_RecentRuns.recentrun(TC17_RecentRuns.java:60)
at java.base/java.util.concurrent.ThreadPoolExecutor.runWorker(ThreadPoolExecutor.java:1128)
at java.base/java.util.concurrent.ThreadPoolExecutor$Worker.run(ThreadPoolExecutor.java:628)
at java.base/java.lang.Thread.run(Thread.java:830)
... Removed 24 stack frames]]>
    </failure>
  </testcase> <!-- recentrun -->
  <testcase classname="com.atmecs.qa.falcondashboard.testscript.TC18_ProductName" name="productName" time="16.609"/>
  <testcase classname="com.atmecs.qa.falcondashboard.testscript.TC19_ProductComponent" name="componentOfProduct" time="24.138"/>
  <testcase classname="com.atmecs.qa.falcondashboard.testscript.TC21_PassPercentage" name="rececntPassPercentage" time="13.528"/>
  <testcase classname="com.atmecs.qa.falcondashboard.testscript.TC22_DeleteOption" name="deleteOption" time="48.747">
    <failure type="java.lang.IllegalArgumentException" message="Must provide a location for a move action.">
      <![CDATA[java.lang.IllegalArgumentException: Must provide a location for a move action.
at org.openqa.selenium.interactions.MoveMouseAction.<init>(MoveMouseAction.java:37)
at org.openqa.selenium.interactions.Actions.moveToElement(Actions.java:386)
at com.atmecs.qa.falcondashboard.utils.Pageactions.mouseOver(Pageactions.java:110)
at com.atmecs.qa.falcondashboard.testscript.TC22_DeleteOption.deleteOption(TC22_DeleteOption.java:52)
at java.base/java.util.concurrent.ThreadPoolExecutor.runWorker(ThreadPoolExecutor.java:1128)
at java.base/java.util.concurrent.ThreadPoolExecutor$Worker.run(ThreadPoolExecutor.java:628)
at java.base/java.lang.Thread.run(Thread.java:830)
... Removed 18 stack frames]]>
    </failure>
  </testcase> <!-- deleteOption -->
  <testcase classname="com.atmecs.qa.falcondashboard.testscript.TC35_LastRun" name="lastRun" time="15.092"/>
</testsuite> <!-- SampleTest -->
