<?xml version="1.0" encoding="UTF-8"?>
<!-- Generated by org.testng.reporters.JUnitXMLReporter -->
<testsuite ignored="0" hostname="ATMECSINLT-060" failures="0" tests="5" name="SampleTest" time="275.843" errors="0" timestamp="03 Mar 2020 14:50:56 GMT">
  <testcase classname="com.atmecs.qa.falcondashboard.testscript.TC08_DashboardSlidder" name="dashboardSlidder" time="31.679"/>
  <testcase classname="com.atmecs.qa.falcondashboard.testscript.TC09_ProductEnvironment" name="environmentOfProduct" time="33.877"/>
  <testcase classname="com.atmecs.qa.falcondashboard.testscript.TC10_TestPhase" name="testPhase" time="22.882"/>
  <testcase classname="com.atmecs.qa.falcondashboard.testscript.TC36_StartTime" name="startTime" time="22.584"/>
  <testcase classname="com.atmecs.qa.falcondashboard.testscript.TC37_EndTime" name="endTime" time="23.657"/>
</testsuite> <!-- SampleTest -->
