<?xml version="1.0" encoding="UTF-8"?>
<!-- Generated by org.testng.reporters.JUnitXMLReporter -->
<testsuite ignored="0" hostname="ATMECSINLT-060" failures="0" tests="4" name="SampleTest" time="208.278" errors="0" timestamp="26 Feb 2020 14:25:41 GMT">
  <testcase classname="com.atmecs.qa.falcondashboard.testscript.TC05_ProductPage" name="productPage" time="24.549"/>
  <testcase classname="com.atmecs.qa.falcondashboard.testscript.TC06_ProductMedium" name="mediumOfProduct" time="21.595"/>
  <testcase classname="com.atmecs.qa.falcondashboard.testscript.TC11_DownloadOption" name="downloadOption" time="26.855"/>
  <testcase classname="com.atmecs.qa.falcondashboard.testscript.TC12_ExecutionDate" name="dateOfExecution" time="22.086"/>
</testsuite> <!-- SampleTest -->
