<?xml version="1.0" encoding="UTF-8"?>
<!-- Generated by org.testng.reporters.JUnitXMLReporter -->
<testsuite ignored="0" hostname="ATMECSINLT-060" failures="0" tests="2" name="SampleTest" time="147.355" errors="0" timestamp="28 Feb 2020 07:25:36 GMT">
  <testcase classname="com.atmecs.qa.falcondashboard.testscript.TC20_FailTestCase" name="failTestCasesOfProduct" time="60.418"/>
  <testcase classname="com.atmecs.qa.falcondashboard.testscript.TC25_StepsOfProduct" name="stepsOfProduct" time="40.483"/>
</testsuite> <!-- SampleTest -->
