<?xml version="1.0" encoding="UTF-8"?>
<!-- Generated by org.testng.reporters.JUnitXMLReporter -->
<testsuite ignored="4" hostname="ATMECSINLT-060" failures="1" tests="5" name="SampleTest" time="371.719" errors="0" timestamp="17 Mar 2020 13:54:12 GMT">
  <testcase classname="com.atmecs.qa.falcondashboard.testscript.TC08_DashboardSlidder" name="dashboardSlidder" time="49.362"/>
  <testcase classname="com.atmecs.qa.falcondashboard.testscript.TC09_ProductEnvironment" name="environmentOfProduct" time="50.867"/>
  <testcase classname="com.atmecs.qa.falcondashboard.testscript.TC10_TestPhase" name="testPhase" time="35.876">
    <failure type="java.lang.AssertionError" message="expected [row Test Phase or column -1 does not exist  in xlsx] but found [Regression]">
      <![CDATA[java.lang.AssertionError: expected [row Test Phase or column -1 does not exist  in xlsx] but found [Regression]
at com.atmecs.falcon.automation.verifyresult.VerificationManager.verifyString(VerificationManager.java:250)
at com.atmecs.qa.falcondashboard.helper.ValidationHelper.getDataofRow(ValidationHelper.java:30)
at com.atmecs.qa.falcondashboard.validationresults.ProductPageValidation.validateTestPhase(ProductPageValidation.java:33)
at com.atmecs.qa.falcondashboard.testscript.TC10_TestPhase.testPhase(TC10_TestPhase.java:50)
at java.base/java.util.concurrent.ThreadPoolExecutor.runWorker(ThreadPoolExecutor.java:1128)
at java.base/java.util.concurrent.ThreadPoolExecutor$Worker.run(ThreadPoolExecutor.java:628)
at java.base/java.lang.Thread.run(Thread.java:830)
... Removed 24 stack frames]]>
    </failure>
  </testcase> <!-- testPhase -->
  <testcase classname="com.atmecs.qa.falcondashboard.testscript.TC36_StartTime" name="startTime" time="33.549"/>
  <testcase classname="com.atmecs.qa.falcondashboard.testscript.TC37_EndTime" name="endTime" time="34.404"/>
  <testcase classname="com.atmecs.qa.falcondashboard.testsuite.TestSuiteBase" name="@BeforeSuite startTest" time="0.0">
    <ignored/>
  </testcase> <!-- @BeforeSuite startTest -->
  <testcase classname="com.atmecs.qa.falcondashboard.testsuite.TestSuiteBase" name="@BeforeSuite startTest" time="0.0">
    <ignored/>
  </testcase> <!-- @BeforeSuite startTest -->
  <testcase classname="com.atmecs.qa.falcondashboard.testsuite.TestSuiteBase" name="@BeforeSuite startTest" time="0.0">
    <ignored/>
  </testcase> <!-- @BeforeSuite startTest -->
  <testcase classname="com.atmecs.qa.falcondashboard.testsuite.TestSuiteBase" name="@BeforeSuite startTest" time="0.0">
    <ignored/>
  </testcase> <!-- @BeforeSuite startTest -->
</testsuite> <!-- SampleTest -->
