<?xml version="1.0" encoding="UTF-8"?>
<!-- Generated by org.testng.reporters.JUnitXMLReporter -->
<testsuite ignored="0" hostname="ATMECSINLT-060" failures="0" tests="5" name="SampleTest" time="269.617" errors="0" timestamp="05 Mar 2020 13:10:57 GMT">
  <testcase classname="com.atmecs.qa.falcondashboard.testscript.TC08_DashboardSlidder" name="dashboardSlidder" time="41.221"/>
  <testcase classname="com.atmecs.qa.falcondashboard.testscript.TC09_ProductEnvironment" name="environmentOfProduct" time="42.908"/>
  <testcase classname="com.atmecs.qa.falcondashboard.testscript.TC10_TestPhase" name="testPhase" time="27.543"/>
  <testcase classname="com.atmecs.qa.falcondashboard.testscript.TC36_StartTime" name="startTime" time="30.295"/>
  <testcase classname="com.atmecs.qa.falcondashboard.testscript.TC37_EndTime" name="endTime" time="33.821"/>
</testsuite> <!-- SampleTest -->
