<?xml version="1.0" encoding="UTF-8"?>
<!-- Generated by org.testng.reporters.JUnitXMLReporter -->
<testsuite ignored="3" hostname="ATMECSINLT-060" failures="0" tests="4" name="SampleTest" time="163.231" errors="0" timestamp="09 Mar 2020 13:31:08 GMT">
  <testcase classname="com.atmecs.qa.falcondashboard.testscript.TC05_ProductPage" name="productPage" time="22.978"/>
  <testcase classname="com.atmecs.qa.falcondashboard.testscript.TC06_ProductMedium" name="mediumOfProduct" time="21.202"/>
  <testcase classname="com.atmecs.qa.falcondashboard.testscript.TC11_DownloadOption" name="downloadOption" time="22.207"/>
  <testcase classname="com.atmecs.qa.falcondashboard.testscript.TC12_ExecutionDate" name="dateOfExecution" time="20.89"/>
  <testcase classname="com.atmecs.qa.falcondashboard.testsuite.TestSuiteBase" name="@BeforeSuite startTest" time="0.0">
    <ignored/>
  </testcase> <!-- @BeforeSuite startTest -->
  <testcase classname="com.atmecs.qa.falcondashboard.testsuite.TestSuiteBase" name="@BeforeSuite startTest" time="0.0">
    <ignored/>
  </testcase> <!-- @BeforeSuite startTest -->
  <testcase classname="com.atmecs.qa.falcondashboard.testsuite.TestSuiteBase" name="@BeforeSuite startTest" time="0.0">
    <ignored/>
  </testcase> <!-- @BeforeSuite startTest -->
</testsuite> <!-- SampleTest -->
