<?xml version="1.0" encoding="UTF-8"?>
<!-- Generated by org.testng.reporters.JUnitXMLReporter -->
<testsuite ignored="0" hostname="ATMECSINLT-060" failures="1" tests="1" name="SampleTest" time="13.352" errors="0" timestamp="04 Feb 2020 13:23:35 GMT">
  <testcase classname="com.atmecs.qa.falcondashboard.testscript.TC06_RecentRuns" name="recentrun" time="1.743">
    <failure type="org.openqa.selenium.ElementClickInterceptedException" message="element click intercepted: Element &amp;lt;span class=&amp;quot;ng-binding&amp;quot;&amp;gt;...&amp;lt;/span&amp;gt; is not clickable at point (95, 175). Other element would receive the click: &amp;lt;div data-preloader=&amp;quot;&amp;quot; class=&amp;quot;preloader ng-animate preloader-hidden-add preloader-hidden preloader-hidden-add-active&amp;quot; data-ng-animate=&amp;quot;2&amp;quot; style=&amp;quot;&amp;quot;&amp;gt;...&amp;lt;/div&amp;gt;
  (Session info: chrome=79.0.3945.130)
Build info: version: &amp;apos;3.141.59&amp;apos;, revision: &amp;apos;e82be7d358&amp;apos;, time: &amp;apos;2018-11-14T08:17:03&amp;apos;
System info: host: &amp;apos;ATMECSINLT-060&amp;apos;, ip: &amp;apos;55.55.52.253&amp;apos;, os.name: &amp;apos;Windows 10&amp;apos;, os.arch: &amp;apos;amd64&amp;apos;, os.version: &amp;apos;10.0&amp;apos;, java.version: &amp;apos;13.0.1&amp;apos;
Driver info: org.openqa.selenium.chrome.ChromeDriver
Capabilities {acceptInsecureCerts: false, browserName: chrome, browserVersion: 79.0.3945.130, chrome: {chromedriverVersion: 79.0.3945.36 (3582db32b3389..., userDataDir: C:\Users\SRINIS~1.THI\AppDa...}, goog:chromeOptions: {debuggerAddress: localhost:57533}, javascriptEnabled: true, networkConnectionEnabled: false, pageLoadStrategy: normal, platform: WINDOWS, platformName: WINDOWS, proxy: Proxy(), setWindowRect: true, strictFileInteractability: false, timeouts: {implicit: 0, pageLoad: 300000, script: 30000}, unhandledPromptBehavior: dismiss and notify}
Session ID: d5013182f2dca25dbf8971f02df436a6">
      <![CDATA[org.openqa.selenium.ElementClickInterceptedException: element click intercepted: Element <span class="ng-binding">...</span> is not clickable at point (95, 175). Other element would receive the click: <div data-preloader="" class="preloader ng-animate preloader-hidden-add preloader-hidden preloader-hidden-add-active" data-ng-animate="2" style="">...</div>
  (Session info: chrome=79.0.3945.130)
Build info: version: '3.141.59', revision: 'e82be7d358', time: '2018-11-14T08:17:03'
System info: host: 'ATMECSINLT-060', ip: '55.55.52.253', os.name: 'Windows 10', os.arch: 'amd64', os.version: '10.0', java.version: '13.0.1'
Driver info: org.openqa.selenium.chrome.ChromeDriver
Capabilities {acceptInsecureCerts: false, browserName: chrome, browserVersion: 79.0.3945.130, chrome: {chromedriverVersion: 79.0.3945.36 (3582db32b3389..., userDataDir: C:\Users\SRINIS~1.THI\AppDa...}, goog:chromeOptions: {debuggerAddress: localhost:57533}, javascriptEnabled: true, networkConnectionEnabled: false, pageLoadStrategy: normal, platform: WINDOWS, platformName: WINDOWS, proxy: Proxy(), setWindowRect: true, strictFileInteractability: false, timeouts: {implicit: 0, pageLoad: 300000, script: 30000}, unhandledPromptBehavior: dismiss and notify}
Session ID: d5013182f2dca25dbf8971f02df436a6
at org.openqa.selenium.remote.http.W3CHttpResponseCodec.createException(W3CHttpResponseCodec.java:187)
at org.openqa.selenium.remote.http.W3CHttpResponseCodec.decode(W3CHttpResponseCodec.java:122)
at org.openqa.selenium.remote.http.W3CHttpResponseCodec.decode(W3CHttpResponseCodec.java:49)
at org.openqa.selenium.remote.HttpCommandExecutor.execute(HttpCommandExecutor.java:158)
at org.openqa.selenium.remote.service.DriverCommandExecutor.execute(DriverCommandExecutor.java:83)
at org.openqa.selenium.remote.RemoteWebDriver.execute(RemoteWebDriver.java:552)
at org.openqa.selenium.remote.RemoteWebElement.execute(RemoteWebElement.java:285)
at org.openqa.selenium.remote.RemoteWebElement.click(RemoteWebElement.java:84)
at com.atmecs.qa.falcondashboard.utils.Pageactions.clickOnElement(Pageactions.java:86)
at com.atmecs.qa.falcondashboard.testscript.TC06_RecentRuns.recentrun(TC06_RecentRuns.java:51)
at com.atmecs.qa.falcondashboard.runner.TestNGRunner.main(TestNGRunner.java:59)
at org.codehaus.mojo.exec.ExecJavaMojo$1.run(ExecJavaMojo.java:294)
at java.base/java.lang.Thread.run(Thread.java:830)
... Removed 31 stack frames]]>
    </failure>
  </testcase> <!-- recentrun -->
</testsuite> <!-- SampleTest -->
