<?xml version="1.0" encoding="UTF-8"?>
<!-- Generated by org.testng.reporters.JUnitXMLReporter -->
<testsuite ignored="16" hostname="ATMECSINLT-060" failures="0" tests="9" name="SampleTest" time="480.717" errors="0" timestamp="10 Mar 2020 14:06:31 GMT">
  <testcase classname="com.atmecs.qa.falcondashboard.testscript.TC26_ColorOfTotalTestCases" name="colorofTotalTestCases" time="22.194"/>
  <testcase classname="com.atmecs.qa.falcondashboard.testscript.TC27_TotalTestCases" name="totalTestCases" time="32.585"/>
  <testcase classname="com.atmecs.qa.falcondashboard.testscript.TC28_ColorOfPassTestCases" name="colorofPassedTestCases" time="21.835"/>
  <testcase classname="com.atmecs.qa.falcondashboard.testscript.TC29_PassedTestCases" name="passTestCases" time="36.782"/>
  <testcase classname="com.atmecs.qa.falcondashboard.testscript.TC30_ColorOfFailedTestCases" name="colorofFailedTestCases" time="23.578"/>
  <testcase classname="com.atmecs.qa.falcondashboard.testscript.TC31_FailedTestCases" name="failTestCases" time="34.989"/>
  <testcase classname="com.atmecs.qa.falcondashboard.testscript.TC32_ColorOfSkippedTestCases" name="colorofSkippedTestCases" time="22.531"/>
  <testcase classname="com.atmecs.qa.falcondashboard.testscript.TC33_SkippedTestCases" name="skippedTestCases" time="35.61"/>
  <testcase classname="com.atmecs.qa.falcondashboard.testscript.TC34_ViewPage" name="viewPage" time="25.528"/>
  <testcase classname="com.atmecs.qa.falcondashboard.testsuite.TestSuiteBase" name="@AfterSuite tearDown" time="0.0">
    <ignored/>
  </testcase> <!-- @AfterSuite tearDown -->
  <testcase classname="com.atmecs.qa.falcondashboard.testsuite.TestSuiteBase" name="@AfterSuite tearDown" time="0.0">
    <ignored/>
  </testcase> <!-- @AfterSuite tearDown -->
  <testcase classname="com.atmecs.qa.falcondashboard.testsuite.TestSuiteBase" name="@AfterSuite tearDown" time="0.0">
    <ignored/>
  </testcase> <!-- @AfterSuite tearDown -->
  <testcase classname="com.atmecs.qa.falcondashboard.testsuite.TestSuiteBase" name="@AfterSuite tearDown" time="0.0">
    <ignored/>
  </testcase> <!-- @AfterSuite tearDown -->
  <testcase classname="com.atmecs.qa.falcondashboard.testsuite.TestSuiteBase" name="@AfterSuite tearDown" time="0.0">
    <ignored/>
  </testcase> <!-- @AfterSuite tearDown -->
  <testcase classname="com.atmecs.qa.falcondashboard.testsuite.TestSuiteBase" name="@AfterSuite tearDown" time="0.0">
    <ignored/>
  </testcase> <!-- @AfterSuite tearDown -->
  <testcase classname="com.atmecs.qa.falcondashboard.testsuite.TestSuiteBase" name="@AfterSuite tearDown" time="0.0">
    <ignored/>
  </testcase> <!-- @AfterSuite tearDown -->
  <testcase classname="com.atmecs.qa.falcondashboard.testsuite.TestSuiteBase" name="@AfterSuite tearDown" time="0.0">
    <ignored/>
  </testcase> <!-- @AfterSuite tearDown -->
  <testcase classname="com.atmecs.qa.falcondashboard.testsuite.TestSuiteBase" name="@BeforeSuite startTest" time="0.0">
    <ignored/>
  </testcase> <!-- @BeforeSuite startTest -->
  <testcase classname="com.atmecs.qa.falcondashboard.testsuite.TestSuiteBase" name="@BeforeSuite startTest" time="0.0">
    <ignored/>
  </testcase> <!-- @BeforeSuite startTest -->
  <testcase classname="com.atmecs.qa.falcondashboard.testsuite.TestSuiteBase" name="@BeforeSuite startTest" time="0.0">
    <ignored/>
  </testcase> <!-- @BeforeSuite startTest -->
  <testcase classname="com.atmecs.qa.falcondashboard.testsuite.TestSuiteBase" name="@BeforeSuite startTest" time="0.0">
    <ignored/>
  </testcase> <!-- @BeforeSuite startTest -->
  <testcase classname="com.atmecs.qa.falcondashboard.testsuite.TestSuiteBase" name="@BeforeSuite startTest" time="0.0">
    <ignored/>
  </testcase> <!-- @BeforeSuite startTest -->
  <testcase classname="com.atmecs.qa.falcondashboard.testsuite.TestSuiteBase" name="@BeforeSuite startTest" time="0.0">
    <ignored/>
  </testcase> <!-- @BeforeSuite startTest -->
  <testcase classname="com.atmecs.qa.falcondashboard.testsuite.TestSuiteBase" name="@BeforeSuite startTest" time="0.0">
    <ignored/>
  </testcase> <!-- @BeforeSuite startTest -->
  <testcase classname="com.atmecs.qa.falcondashboard.testsuite.TestSuiteBase" name="@BeforeSuite startTest" time="0.0">
    <ignored/>
  </testcase> <!-- @BeforeSuite startTest -->
</testsuite> <!-- SampleTest -->
