<?xml version="1.0" encoding="UTF-8"?>
<!-- Generated by org.testng.reporters.JUnitXMLReporter -->
<testsuite ignored="0" hostname="ATMECSINLT-060" failures="0" tests="2" name="SampleTest" time="133.591" errors="0" timestamp="03 Mar 2020 14:46:21 GMT">
  <testcase classname="com.atmecs.qa.falcondashboard.testscript.TC20_FailTestCase" name="failTestCasesOfProduct" time="54.478"/>
  <testcase classname="com.atmecs.qa.falcondashboard.testscript.TC25_StepsOfProduct" name="stepsOfProduct" time="36.341"/>
</testsuite> <!-- SampleTest -->
