<?xml version="1.0" encoding="UTF-8"?>
<!-- Generated by org.testng.reporters.JUnitXMLReporter -->
<testsuite ignored="0" hostname="ATMECSINLT-060" failures="0" tests="6" name="SampleTest" time="218.869" errors="0" timestamp="28 Feb 2020 06:45:37 GMT">
  <testcase classname="com.atmecs.qa.falcondashboard.testscript.TC17_RecentRuns" name="recentrun" time="18.994"/>
  <testcase classname="com.atmecs.qa.falcondashboard.testscript.TC18_ProductName" name="productName" time="16.933"/>
  <testcase classname="com.atmecs.qa.falcondashboard.testscript.TC19_ProductComponent" name="componentOfProduct" time="31.821"/>
  <testcase classname="com.atmecs.qa.falcondashboard.testscript.TC21_PassPercentage" name="rececntPassPercentage" time="15.181"/>
  <testcase classname="com.atmecs.qa.falcondashboard.testscript.TC22_DeleteOption" name="deleteOption" time="22.03"/>
  <testcase classname="com.atmecs.qa.falcondashboard.testscript.TC35_LastRun" name="lastRun" time="15.265"/>
</testsuite> <!-- SampleTest -->
