<?xml version="1.0" encoding="UTF-8"?>
<!-- Generated by org.testng.reporters.JUnitXMLReporter -->
<testsuite ignored="16" hostname="ATMECSINLT-060" failures="0" tests="9" name="SampleTest" time="488.894" errors="0" timestamp="10 Mar 2020 14:16:53 GMT">
  <testcase classname="com.atmecs.qa.falcondashboard.testscript.TC26_ColorOfTotalTestCases" name="colorofTotalTestCases" time="21.748"/>
  <testcase classname="com.atmecs.qa.falcondashboard.testscript.TC27_TotalTestCases" name="totalTestCases" time="33.617"/>
  <testcase classname="com.atmecs.qa.falcondashboard.testscript.TC28_ColorOfPassTestCases" name="colorofPassedTestCases" time="21.551"/>
  <testcase classname="com.atmecs.qa.falcondashboard.testscript.TC29_PassedTestCases" name="passTestCases" time="33.609"/>
  <testcase classname="com.atmecs.qa.falcondashboard.testscript.TC30_ColorOfFailedTestCases" name="colorofFailedTestCases" time="22.095"/>
  <testcase classname="com.atmecs.qa.falcondashboard.testscript.TC31_FailedTestCases" name="failTestCases" time="33.026"/>
  <testcase classname="com.atmecs.qa.falcondashboard.testscript.TC32_ColorOfSkippedTestCases" name="colorofSkippedTestCases" time="21.77"/>
  <testcase classname="com.atmecs.qa.falcondashboard.testscript.TC33_SkippedTestCases" name="skippedTestCases" time="33.684"/>
  <testcase classname="com.atmecs.qa.falcondashboard.testscript.TC34_ViewPage" name="viewPage" time="27.234"/>
  <testcase classname="com.atmecs.qa.falcondashboard.testsuite.TestSuiteBase" name="@AfterSuite tearDown" time="0.0">
    <ignored/>
  </testcase> <!-- @AfterSuite tearDown -->
  <testcase classname="com.atmecs.qa.falcondashboard.testsuite.TestSuiteBase" name="@AfterSuite tearDown" time="0.0">
    <ignored/>
  </testcase> <!-- @AfterSuite tearDown -->
  <testcase classname="com.atmecs.qa.falcondashboard.testsuite.TestSuiteBase" name="@AfterSuite tearDown" time="0.0">
    <ignored/>
  </testcase> <!-- @AfterSuite tearDown -->
  <testcase classname="com.atmecs.qa.falcondashboard.testsuite.TestSuiteBase" name="@AfterSuite tearDown" time="0.0">
    <ignored/>
  </testcase> <!-- @AfterSuite tearDown -->
  <testcase classname="com.atmecs.qa.falcondashboard.testsuite.TestSuiteBase" name="@AfterSuite tearDown" time="0.0">
    <ignored/>
  </testcase> <!-- @AfterSuite tearDown -->
  <testcase classname="com.atmecs.qa.falcondashboard.testsuite.TestSuiteBase" name="@AfterSuite tearDown" time="0.0">
    <ignored/>
  </testcase> <!-- @AfterSuite tearDown -->
  <testcase classname="com.atmecs.qa.falcondashboard.testsuite.TestSuiteBase" name="@AfterSuite tearDown" time="0.0">
    <ignored/>
  </testcase> <!-- @AfterSuite tearDown -->
  <testcase classname="com.atmecs.qa.falcondashboard.testsuite.TestSuiteBase" name="@AfterSuite tearDown" time="0.0">
    <ignored/>
  </testcase> <!-- @AfterSuite tearDown -->
  <testcase classname="com.atmecs.qa.falcondashboard.testsuite.TestSuiteBase" name="@BeforeSuite startTest" time="0.0">
    <ignored/>
  </testcase> <!-- @BeforeSuite startTest -->
  <testcase classname="com.atmecs.qa.falcondashboard.testsuite.TestSuiteBase" name="@BeforeSuite startTest" time="0.0">
    <ignored/>
  </testcase> <!-- @BeforeSuite startTest -->
  <testcase classname="com.atmecs.qa.falcondashboard.testsuite.TestSuiteBase" name="@BeforeSuite startTest" time="0.0">
    <ignored/>
  </testcase> <!-- @BeforeSuite startTest -->
  <testcase classname="com.atmecs.qa.falcondashboard.testsuite.TestSuiteBase" name="@BeforeSuite startTest" time="0.0">
    <ignored/>
  </testcase> <!-- @BeforeSuite startTest -->
  <testcase classname="com.atmecs.qa.falcondashboard.testsuite.TestSuiteBase" name="@BeforeSuite startTest" time="0.0">
    <ignored/>
  </testcase> <!-- @BeforeSuite startTest -->
  <testcase classname="com.atmecs.qa.falcondashboard.testsuite.TestSuiteBase" name="@BeforeSuite startTest" time="0.0">
    <ignored/>
  </testcase> <!-- @BeforeSuite startTest -->
  <testcase classname="com.atmecs.qa.falcondashboard.testsuite.TestSuiteBase" name="@BeforeSuite startTest" time="0.0">
    <ignored/>
  </testcase> <!-- @BeforeSuite startTest -->
  <testcase classname="com.atmecs.qa.falcondashboard.testsuite.TestSuiteBase" name="@BeforeSuite startTest" time="0.0">
    <ignored/>
  </testcase> <!-- @BeforeSuite startTest -->
</testsuite> <!-- SampleTest -->
