<?xml version="1.0" encoding="UTF-8"?>
<!-- Generated by org.testng.reporters.JUnitXMLReporter -->
<testsuite ignored="0" hostname="ATMECSINLT-060" failures="1" tests="2" name="SampleTest" time="163.455" errors="0" timestamp="04 Mar 2020 09:08:50 GMT">
  <testcase classname="com.atmecs.qa.falcondashboard.testscript.TC20_FailTestCase" name="failTestCasesOfProduct" time="56.73"/>
  <testcase classname="com.atmecs.qa.falcondashboard.testscript.TC25_StepsOfProduct" name="stepsOfProduct" time="12.285">
    <failure type="org.openqa.selenium.ElementClickInterceptedException" message="Element &amp;lt;h4 class=&amp;quot;media-box-heading ng-binding&amp;quot;&amp;gt; is not clickable at point (573,183) because another element &amp;lt;div class=&amp;quot;block-ui-overlay&amp;quot;&amp;gt; obscures it
Build info: version: &amp;apos;3.141.59&amp;apos;, revision: &amp;apos;e82be7d358&amp;apos;, time: &amp;apos;2018-11-14T08:17:03&amp;apos;
System info: host: &amp;apos;ATMECSINLT-060&amp;apos;, ip: &amp;apos;55.55.52.253&amp;apos;, os.name: &amp;apos;Windows 10&amp;apos;, os.arch: &amp;apos;amd64&amp;apos;, os.version: &amp;apos;10.0&amp;apos;, java.version: &amp;apos;13.0.1&amp;apos;
Driver info: org.openqa.selenium.firefox.FirefoxDriver
Capabilities {acceptInsecureCerts: true, browserName: firefox, browserVersion: 73.0.1, javascriptEnabled: true, moz:accessibilityChecks: false, moz:buildID: 20200217142647, moz:geckodriverVersion: 0.24.0, moz:headless: false, moz:processID: 122296, moz:profile: C:\Users\srinischal.thipara..., moz:shutdownTimeout: 60000, moz:useNonSpecCompliantPointerOrigin: false, moz:webdriverClick: true, pageLoadStrategy: normal, platform: WINDOWS, platformName: WINDOWS, platformVersion: 10.0, rotatable: false, setWindowRect: true, strictFileInteractability: false, timeouts: {implicit: 0, pageLoad: 300000, script: 30000}, unhandledPromptBehavior: dismiss and notify}
Session ID: 19ebfe0c-ecc4-4d29-bc57-05b03e3715a3">
      <![CDATA[org.openqa.selenium.ElementClickInterceptedException: Element <h4 class="media-box-heading ng-binding"> is not clickable at point (573,183) because another element <div class="block-ui-overlay"> obscures it
Build info: version: '3.141.59', revision: 'e82be7d358', time: '2018-11-14T08:17:03'
System info: host: 'ATMECSINLT-060', ip: '55.55.52.253', os.name: 'Windows 10', os.arch: 'amd64', os.version: '10.0', java.version: '13.0.1'
Driver info: org.openqa.selenium.firefox.FirefoxDriver
Capabilities {acceptInsecureCerts: true, browserName: firefox, browserVersion: 73.0.1, javascriptEnabled: true, moz:accessibilityChecks: false, moz:buildID: 20200217142647, moz:geckodriverVersion: 0.24.0, moz:headless: false, moz:processID: 122296, moz:profile: C:\Users\srinischal.thipara..., moz:shutdownTimeout: 60000, moz:useNonSpecCompliantPointerOrigin: false, moz:webdriverClick: true, pageLoadStrategy: normal, platform: WINDOWS, platformName: WINDOWS, platformVersion: 10.0, rotatable: false, setWindowRect: true, strictFileInteractability: false, timeouts: {implicit: 0, pageLoad: 300000, script: 30000}, unhandledPromptBehavior: dismiss and notify}
Session ID: 19ebfe0c-ecc4-4d29-bc57-05b03e3715a3
at org.openqa.selenium.remote.http.W3CHttpResponseCodec.createException(W3CHttpResponseCodec.java:187)
at org.openqa.selenium.remote.http.W3CHttpResponseCodec.decode(W3CHttpResponseCodec.java:122)
at org.openqa.selenium.remote.http.W3CHttpResponseCodec.decode(W3CHttpResponseCodec.java:49)
at org.openqa.selenium.remote.HttpCommandExecutor.execute(HttpCommandExecutor.java:158)
at org.openqa.selenium.remote.service.DriverCommandExecutor.execute(DriverCommandExecutor.java:83)
at org.openqa.selenium.remote.RemoteWebDriver.execute(RemoteWebDriver.java:552)
at org.openqa.selenium.remote.RemoteWebElement.execute(RemoteWebElement.java:285)
at org.openqa.selenium.remote.RemoteWebElement.click(RemoteWebElement.java:84)
at com.atmecs.qa.falcondashboard.utils.Pageactions.clickOnElement(Pageactions.java:93)
at com.atmecs.qa.falcondashboard.testscript.TC25_StepsOfProduct.stepsOfProduct(TC25_StepsOfProduct.java:57)
at java.base/java.util.concurrent.ThreadPoolExecutor.runWorker(ThreadPoolExecutor.java:1128)
at java.base/java.util.concurrent.ThreadPoolExecutor$Worker.run(ThreadPoolExecutor.java:628)
at java.base/java.lang.Thread.run(Thread.java:830)
... Removed 23 stack frames]]>
    </failure>
  </testcase> <!-- stepsOfProduct -->
</testsuite> <!-- SampleTest -->
