<?xml version="1.0" encoding="UTF-8"?>
<!-- Generated by org.testng.reporters.JUnitXMLReporter -->
<testsuite ignored="1" hostname="ATMECSINLT-060" failures="0" tests="2" name="SampleTest" time="246.397" errors="0" timestamp="17 Mar 2020 14:05:03 GMT">
  <testcase classname="com.atmecs.qa.falcondashboard.testscript.TC20_FailTestCase" name="failTestCasesOfProduct" time="103.998"/>
  <testcase classname="com.atmecs.qa.falcondashboard.testscript.TC25_StepsOfProduct" name="stepsOfProduct" time="67.259"/>
  <testcase classname="com.atmecs.qa.falcondashboard.testsuite.TestSuiteBase" name="@BeforeSuite startTest" time="0.0">
    <ignored/>
  </testcase> <!-- @BeforeSuite startTest -->
</testsuite> <!-- SampleTest -->
