<?xml version="1.0" encoding="UTF-8"?>
<!-- Generated by org.testng.reporters.JUnitXMLReporter -->
<testsuite ignored="0" hostname="ATMECSINLT-060" failures="0" tests="2" name="SampleTest" time="198.981" errors="0" timestamp="20 Mar 2020 13:27:37 GMT">
  <testcase classname="com.atmecs.qa.falcondashboard.testscript.TC20_FailTestCase" name="failTestCasesOfProduct" time="99.78"/>
  <testcase classname="com.atmecs.qa.falcondashboard.testscript.TC25_StepsOfProduct" name="stepsOfProduct" time="67.129"/>
</testsuite> <!-- SampleTest -->
