<?xml version="1.0" encoding="UTF-8"?>
<!-- Generated by org.testng.reporters.JUnitXMLReporter -->
<testsuite ignored="3" hostname="ATMECSINLT-060" failures="0" tests="4" name="SampleTest" time="285.464" errors="0" timestamp="13 Mar 2020 13:38:32 GMT">
  <testcase classname="com.atmecs.qa.falcondashboard.testscript.TC05_ProductPage" name="productPage" time="82.301"/>
  <testcase classname="com.atmecs.qa.falcondashboard.testscript.TC06_ProductMedium" name="mediumOfProduct" time="31.275"/>
  <testcase classname="com.atmecs.qa.falcondashboard.testscript.TC11_DownloadOption" name="downloadOption" time="45.852"/>
  <testcase classname="com.atmecs.qa.falcondashboard.testscript.TC12_ExecutionDate" name="dateOfExecution" time="26.108"/>
  <testcase classname="com.atmecs.qa.falcondashboard.testsuite.TestSuiteBase" name="@BeforeSuite startTest" time="0.0">
    <ignored/>
  </testcase> <!-- @BeforeSuite startTest -->
  <testcase classname="com.atmecs.qa.falcondashboard.testsuite.TestSuiteBase" name="@BeforeSuite startTest" time="0.0">
    <ignored/>
  </testcase> <!-- @BeforeSuite startTest -->
  <testcase classname="com.atmecs.qa.falcondashboard.testsuite.TestSuiteBase" name="@BeforeSuite startTest" time="0.0">
    <ignored/>
  </testcase> <!-- @BeforeSuite startTest -->
</testsuite> <!-- SampleTest -->
