<?xml version="1.0" encoding="UTF-8"?>
<!-- Generated by org.testng.reporters.JUnitXMLReporter -->
<testsuite ignored="0" hostname="ATMECSINLT-060" failures="1" tests="1" name="SampleTest" time="1.443" errors="0" timestamp="13 Feb 2020 14:04:59 GMT">
  <testcase classname="com.atmecs.qa.falcondashboard.testscript.TC01_DashBoardPage" name="dashboardPage" time="0.841">
    <failure type="java.lang.NullPointerException">
      <![CDATA[java.lang.NullPointerException
at com.atmecs.qa.falcondashboard.utils.Pageactions.selectLocators(Pageactions.java:75)
at com.atmecs.qa.falcondashboard.utils.Pageactions.getText(Pageactions.java:87)
at com.atmecs.qa.falcondashboard.helper.ValidationHelper.getData(ValidationHelper.java:38)
at com.atmecs.qa.falcondashboard.validationresults.DashboardPageValidation.validateDashboard(DashboardPageValidation.java:45)
at com.atmecs.qa.falcondashboard.testscript.TC01_DashBoardPage.dashboardPage(TC01_DashBoardPage.java:56)
at com.atmecs.qa.falcondashboard.runner.TestNGRunner.main(TestNGRunner.java:59)
at org.codehaus.mojo.exec.ExecJavaMojo$1.run(ExecJavaMojo.java:294)
at java.base/java.lang.Thread.run(Thread.java:830)
... Removed 26 stack frames]]>
    </failure>
  </testcase> <!-- dashboardPage -->
</testsuite> <!-- SampleTest -->
