<?xml version="1.0" encoding="UTF-8"?>
<!-- Generated by org.testng.reporters.JUnitXMLReporter -->
<testsuite ignored="0" hostname="ATMECSINLT-060" failures="1" tests="1" name="SampleTest" time="50.168" errors="0" timestamp="27 Mar 2020 12:20:23 GMT">
  <testcase classname="com.atmecs.qa.falcondashboard.testscript.TC39_DeleltingProduct" name="productDeletion" time="33.774">
    <failure type="java.lang.NullPointerException">
      <![CDATA[java.lang.NullPointerException
at com.atmecs.qa.falcondashboard.testscript.TC39_DeleltingProduct.productDeletion(TC39_DeleltingProduct.java:31)
at com.atmecs.qa.falcondashboard.runner.TestNGRunner.main(TestNGRunner.java:61)
at org.codehaus.mojo.exec.ExecJavaMojo$1.run(ExecJavaMojo.java:294)
at java.base/java.lang.Thread.run(Thread.java:830)
... Removed 26 stack frames]]>
    </failure>
  </testcase> <!-- productDeletion -->
</testsuite> <!-- SampleTest -->
