<?xml version="1.0" encoding="UTF-8"?>
<!-- Generated by org.testng.reporters.JUnitXMLReporter -->
<testsuite ignored="0" hostname="ATMECSINLT-060" failures="1" tests="1" name="snapshot" time="0.891" errors="0" timestamp="26 Feb 2020 12:04:47 GMT">
  <testcase classname="com.atmecs.qa.falcondashboard.testscript.TC24_ProductSnapShot" name="productSnapShot" time="0.414">
    <failure type="java.lang.NullPointerException">
      <![CDATA[java.lang.NullPointerException
at com.atmecs.qa.falcondashboard.utils.Pageactions.getLocator(Pageactions.java:84)
at com.atmecs.qa.falcondashboard.utils.Pageactions.clickOnElement(Pageactions.java:91)
at com.atmecs.qa.falcondashboard.testscript.TC24_ProductSnapShot.productSnapShot(TC24_ProductSnapShot.java:34)
at com.atmecs.qa.falcondashboard.runner.TestNGRunner.main(TestNGRunner.java:60)
at org.codehaus.mojo.exec.ExecJavaMojo$1.run(ExecJavaMojo.java:294)
at java.base/java.lang.Thread.run(Thread.java:830)
... Removed 26 stack frames]]>
    </failure>
  </testcase> <!-- productSnapShot -->
</testsuite> <!-- snapshot -->
