<?xml version="1.0" encoding="UTF-8"?>
<!-- Generated by org.testng.reporters.JUnitXMLReporter -->
<testsuite ignored="0" hostname="ATMECSINLT-060" failures="0" tests="4" name="SampleTest" time="185.867" errors="0" timestamp="28 Feb 2020 06:38:26 GMT">
  <testcase classname="com.atmecs.qa.falcondashboard.testscript.TC07_Dropdowns" name="dropdown" time="24.819"/>
  <testcase classname="com.atmecs.qa.falcondashboard.testscript.TC13_PassedTestCases" name="dropdownPassedTestCases" time="35.668"/>
  <testcase classname="com.atmecs.qa.falcondashboard.testscript.TC14_FailedTestCases" name="dropdownFailedTestCases" time="32.085"/>
  <testcase classname="com.atmecs.qa.falcondashboard.testscript.TC15_SkippedTestCases" name="dropdownSkippedTestCases" time="32.854"/>
</testsuite> <!-- SampleTest -->
