<?xml version="1.0" encoding="UTF-8"?>
<testng-results ignored="0" total="35" passed="34" failed="1" skipped="0">
  <reporter-output>
    <line>
      <![CDATA[INFO: The value found with Environment variable FalconDemo is: FalconDemo]]>
    </line>
    <line>
      <![CDATA[INFO: The value found with Environment Module variable 01_dashboardpage,02_productclicking,03_testcases,04_percentagecompleted,05_productpage,06_mediumofproduct,07_dropdown,08_dashboardslidder,09_environment,10_testphase,11_download,12_dateofexecution,13_passtestcase,14_failtestcase,15_skiptestcase,16_mainnavigation,17_recentruns,18_productName,19_component,20_failtestcase,21_passpercentage,22_deleteoption,23_refresh,24_productsnapshot,25_stepsofproduct,26_coloroftotaltestcases,27_totaltestcases,28_colorofpasstestcases,29_passtestcases,30_coloroffailtestcases,31_failtestcases,32_colorofskiptestcases,33_skiptestcases,34_views,35_lastruns is: 01_dashboardpage,02_productclicking,03_testcases,04_percentagecompleted,05_productpage,06_mediumofproduct,07_dropdown,08_dashboardslidder,09_environment,10_testphase,11_download,12_dateofexecution,13_passtestcase,14_failtestcase,15_skiptestcase,16_mainnavigation,17_recentruns,18_productName,19_component,20_failtestcase,21_passpercentage,22_deleteoption,23_refresh,24_productsnapshot,25_stepsofproduct,26_coloroftotaltestcases,27_totaltestcases,28_colorofpasstestcases,29_passtestcases,30_coloroffailtestcases,31_failtestcases,32_colorofskiptestcases,33_skiptestcases,34_views,35_lastruns]]>
    </line>
    <line>
      <![CDATA[The value found with Environment variable WIN_10_chrome_77 is: WIN_10_chrome_77]]>
    </line>
    <line>
      <![CDATA[INFO: Clients Found: [FalconDemo]
]]>
    </line>
    <line>
      <![CDATA[INFO: Modules Selected: [01_dashboardpage, 02_productclicking, 03_testcases, 04_percentagecompleted, 05_productpage, 06_mediumofproduct, 07_dropdown, 08_dashboardslidder, 09_environment, 10_testphase, 11_download, 12_dateofexecution, 13_passtestcase, 14_failtestcase, 15_skiptestcase, 16_mainnavigation, 17_recentruns, 18_productName, 19_component, 20_failtestcase, 21_passpercentage, 22_deleteoption, 23_refresh, 24_productsnapshot, 25_stepsofproduct, 26_coloroftotaltestcases, 27_totaltestcases, 28_colorofpasstestcases, 29_passtestcases, 30_coloroffailtestcases, 31_failtestcases, 32_colorofskiptestcases, 33_skiptestcases, 34_views, 35_lastruns]
]]>
    </line>
    <line>
      <![CDATA[INFO: New Suite Created with name: FalconDemo-Sample-WIN_10_chrome_77]]>
    </line>
    <line>
      <![CDATA[<?xml version="1.0" encoding="UTF-8"?>
<!DOCTYPE suite SYSTEM "http://testng.org/testng-1.0.dtd">
<suite name="FalconDemo-Sample-WIN_10_chrome_77">
  <parameter name="os" value="WIN"/>
  <parameter name="osVersion" value="10"/>
  <parameter name="browser" value="chrome"/>
  <parameter name="browserVersion" value="77"/>
  <test thread-count="5" name="SampleTest">
    <classes>
      <class name="com.atmecs.qa.falcondashboard.testscript.TC01_DashBoardPage"/>
    </classes>
  </test> <!-- SampleTest -->
</suite> <!-- FalconDemo-Sample-WIN_10_chrome_77 -->
]]>
    </line>
    <line>
      <![CDATA[INFO: New Suite Created with name: FalconDemo-Sample-WIN_10_chrome_77]]>
    </line>
    <line>
      <![CDATA[<?xml version="1.0" encoding="UTF-8"?>
<!DOCTYPE suite SYSTEM "http://testng.org/testng-1.0.dtd">
<suite name="FalconDemo-Sample-WIN_10_chrome_77">
  <parameter name="os" value="WIN"/>
  <parameter name="osVersion" value="10"/>
  <parameter name="browser" value="chrome"/>
  <parameter name="browserVersion" value="77"/>
  <test thread-count="5" name="SampleTest">
    <classes>
      <class name="com.atmecs.qa.falcondashboard.testscript.TC02_ClickingProduct"/>
    </classes>
  </test> <!-- SampleTest -->
</suite> <!-- FalconDemo-Sample-WIN_10_chrome_77 -->
]]>
    </line>
    <line>
      <![CDATA[INFO: New Suite Created with name: FalconDemo-Sample-WIN_10_chrome_77]]>
    </line>
    <line>
      <![CDATA[<?xml version="1.0" encoding="UTF-8"?>
<!DOCTYPE suite SYSTEM "http://testng.org/testng-1.0.dtd">
<suite name="FalconDemo-Sample-WIN_10_chrome_77">
  <parameter name="os" value="WIN"/>
  <parameter name="osVersion" value="10"/>
  <parameter name="browser" value="chrome"/>
  <parameter name="browserVersion" value="77"/>
  <test thread-count="5" name="SampleTest">
    <classes>
      <class name="com.atmecs.qa.falcondashboard.testscript.TC03_TestCases"/>
    </classes>
  </test> <!-- SampleTest -->
</suite> <!-- FalconDemo-Sample-WIN_10_chrome_77 -->
]]>
    </line>
    <line>
      <![CDATA[INFO: New Suite Created with name: FalconDemo-Sample-WIN_10_chrome_77]]>
    </line>
    <line>
      <![CDATA[<?xml version="1.0" encoding="UTF-8"?>
<!DOCTYPE suite SYSTEM "http://testng.org/testng-1.0.dtd">
<suite name="FalconDemo-Sample-WIN_10_chrome_77">
  <parameter name="os" value="WIN"/>
  <parameter name="osVersion" value="10"/>
  <parameter name="browser" value="chrome"/>
  <parameter name="browserVersion" value="77"/>
  <test thread-count="5" name="SampleTest">
    <classes>
      <class name="com.atmecs.qa.falcondashboard.testscript.TC04_PercentageOfProduct"/>
    </classes>
  </test> <!-- SampleTest -->
</suite> <!-- FalconDemo-Sample-WIN_10_chrome_77 -->
]]>
    </line>
    <line>
      <![CDATA[INFO: New Suite Created with name: FalconDemo-Sample-WIN_10_chrome_77]]>
    </line>
    <line>
      <![CDATA[<?xml version="1.0" encoding="UTF-8"?>
<!DOCTYPE suite SYSTEM "http://testng.org/testng-1.0.dtd">
<suite name="FalconDemo-Sample-WIN_10_chrome_77">
  <parameter name="os" value="WIN"/>
  <parameter name="osVersion" value="10"/>
  <parameter name="browser" value="chrome"/>
  <parameter name="browserVersion" value="77"/>
  <test thread-count="5" name="SampleTest">
    <classes>
      <class name="com.atmecs.qa.falcondashboard.testscript.TC05_ProductPage"/>
    </classes>
  </test> <!-- SampleTest -->
</suite> <!-- FalconDemo-Sample-WIN_10_chrome_77 -->
]]>
    </line>
    <line>
      <![CDATA[INFO: New Suite Created with name: FalconDemo-Sample-WIN_10_chrome_77]]>
    </line>
    <line>
      <![CDATA[<?xml version="1.0" encoding="UTF-8"?>
<!DOCTYPE suite SYSTEM "http://testng.org/testng-1.0.dtd">
<suite name="FalconDemo-Sample-WIN_10_chrome_77">
  <parameter name="os" value="WIN"/>
  <parameter name="osVersion" value="10"/>
  <parameter name="browser" value="chrome"/>
  <parameter name="browserVersion" value="77"/>
  <test thread-count="5" name="SampleTest">
    <classes>
      <class name="com.atmecs.qa.falcondashboard.testscript.TC06_MediumOfProduct"/>
    </classes>
  </test> <!-- SampleTest -->
</suite> <!-- FalconDemo-Sample-WIN_10_chrome_77 -->
]]>
    </line>
    <line>
      <![CDATA[INFO: New Suite Created with name: FalconDemo-Sample-WIN_10_chrome_77]]>
    </line>
    <line>
      <![CDATA[<?xml version="1.0" encoding="UTF-8"?>
<!DOCTYPE suite SYSTEM "http://testng.org/testng-1.0.dtd">
<suite name="FalconDemo-Sample-WIN_10_chrome_77">
  <parameter name="os" value="WIN"/>
  <parameter name="osVersion" value="10"/>
  <parameter name="browser" value="chrome"/>
  <parameter name="browserVersion" value="77"/>
  <test thread-count="5" name="SampleTest">
    <classes>
      <class name="com.atmecs.qa.falcondashboard.testscript.TC07_Dropdowns"/>
    </classes>
  </test> <!-- SampleTest -->
</suite> <!-- FalconDemo-Sample-WIN_10_chrome_77 -->
]]>
    </line>
    <line>
      <![CDATA[INFO: New Suite Created with name: FalconDemo-Sample-WIN_10_chrome_77]]>
    </line>
    <line>
      <![CDATA[<?xml version="1.0" encoding="UTF-8"?>
<!DOCTYPE suite SYSTEM "http://testng.org/testng-1.0.dtd">
<suite name="FalconDemo-Sample-WIN_10_chrome_77">
  <parameter name="os" value="WIN"/>
  <parameter name="osVersion" value="10"/>
  <parameter name="browser" value="chrome"/>
  <parameter name="browserVersion" value="77"/>
  <test thread-count="5" name="SampleTest">
    <classes>
      <class name="com.atmecs.qa.falcondashboard.testscript.TC08_DashboardSlidder"/>
    </classes>
  </test> <!-- SampleTest -->
</suite> <!-- FalconDemo-Sample-WIN_10_chrome_77 -->
]]>
    </line>
    <line>
      <![CDATA[INFO: New Suite Created with name: FalconDemo-Sample-WIN_10_chrome_77]]>
    </line>
    <line>
      <![CDATA[<?xml version="1.0" encoding="UTF-8"?>
<!DOCTYPE suite SYSTEM "http://testng.org/testng-1.0.dtd">
<suite name="FalconDemo-Sample-WIN_10_chrome_77">
  <parameter name="os" value="WIN"/>
  <parameter name="osVersion" value="10"/>
  <parameter name="browser" value="chrome"/>
  <parameter name="browserVersion" value="77"/>
  <test thread-count="5" name="SampleTest">
    <classes>
      <class name="com.atmecs.qa.falcondashboard.testscript.TC09_EnvironmentOfProduct"/>
    </classes>
  </test> <!-- SampleTest -->
</suite> <!-- FalconDemo-Sample-WIN_10_chrome_77 -->
]]>
    </line>
    <line>
      <![CDATA[INFO: New Suite Created with name: FalconDemo-Sample-WIN_10_chrome_77]]>
    </line>
    <line>
      <![CDATA[<?xml version="1.0" encoding="UTF-8"?>
<!DOCTYPE suite SYSTEM "http://testng.org/testng-1.0.dtd">
<suite name="FalconDemo-Sample-WIN_10_chrome_77">
  <parameter name="os" value="WIN"/>
  <parameter name="osVersion" value="10"/>
  <parameter name="browser" value="chrome"/>
  <parameter name="browserVersion" value="77"/>
  <test thread-count="5" name="SampleTest">
    <classes>
      <class name="com.atmecs.qa.falcondashboard.testscript.TC10_TestPhase"/>
    </classes>
  </test> <!-- SampleTest -->
</suite> <!-- FalconDemo-Sample-WIN_10_chrome_77 -->
]]>
    </line>
    <line>
      <![CDATA[INFO: New Suite Created with name: FalconDemo-Sample-WIN_10_chrome_77]]>
    </line>
    <line>
      <![CDATA[<?xml version="1.0" encoding="UTF-8"?>
<!DOCTYPE suite SYSTEM "http://testng.org/testng-1.0.dtd">
<suite name="FalconDemo-Sample-WIN_10_chrome_77">
  <parameter name="os" value="WIN"/>
  <parameter name="osVersion" value="10"/>
  <parameter name="browser" value="chrome"/>
  <parameter name="browserVersion" value="77"/>
  <test thread-count="5" name="SampleTest">
    <classes>
      <class name="com.atmecs.qa.falcondashboard.testscript.TC11_DownloadOption"/>
    </classes>
  </test> <!-- SampleTest -->
</suite> <!-- FalconDemo-Sample-WIN_10_chrome_77 -->
]]>
    </line>
    <line>
      <![CDATA[INFO: New Suite Created with name: FalconDemo-Sample-WIN_10_chrome_77]]>
    </line>
    <line>
      <![CDATA[<?xml version="1.0" encoding="UTF-8"?>
<!DOCTYPE suite SYSTEM "http://testng.org/testng-1.0.dtd">
<suite name="FalconDemo-Sample-WIN_10_chrome_77">
  <parameter name="os" value="WIN"/>
  <parameter name="osVersion" value="10"/>
  <parameter name="browser" value="chrome"/>
  <parameter name="browserVersion" value="77"/>
  <test thread-count="5" name="SampleTest">
    <classes>
      <class name="com.atmecs.qa.falcondashboard.testscript.TC12_DateOfExecution"/>
    </classes>
  </test> <!-- SampleTest -->
</suite> <!-- FalconDemo-Sample-WIN_10_chrome_77 -->
]]>
    </line>
    <line>
      <![CDATA[INFO: New Suite Created with name: FalconDemo-Sample-WIN_10_chrome_77]]>
    </line>
    <line>
      <![CDATA[<?xml version="1.0" encoding="UTF-8"?>
<!DOCTYPE suite SYSTEM "http://testng.org/testng-1.0.dtd">
<suite name="FalconDemo-Sample-WIN_10_chrome_77">
  <parameter name="os" value="WIN"/>
  <parameter name="osVersion" value="10"/>
  <parameter name="browser" value="chrome"/>
  <parameter name="browserVersion" value="77"/>
  <test thread-count="5" name="SampleTest">
    <classes>
      <class name="com.atmecs.qa.falcondashboard.testscript.TC13_PassedTestCases"/>
    </classes>
  </test> <!-- SampleTest -->
</suite> <!-- FalconDemo-Sample-WIN_10_chrome_77 -->
]]>
    </line>
    <line>
      <![CDATA[INFO: New Suite Created with name: FalconDemo-Sample-WIN_10_chrome_77]]>
    </line>
    <line>
      <![CDATA[<?xml version="1.0" encoding="UTF-8"?>
<!DOCTYPE suite SYSTEM "http://testng.org/testng-1.0.dtd">
<suite name="FalconDemo-Sample-WIN_10_chrome_77">
  <parameter name="os" value="WIN"/>
  <parameter name="osVersion" value="10"/>
  <parameter name="browser" value="chrome"/>
  <parameter name="browserVersion" value="77"/>
  <test thread-count="5" name="SampleTest">
    <classes>
      <class name="com.atmecs.qa.falcondashboard.testscript.TC14_FailedTestCases"/>
    </classes>
  </test> <!-- SampleTest -->
</suite> <!-- FalconDemo-Sample-WIN_10_chrome_77 -->
]]>
    </line>
    <line>
      <![CDATA[INFO: New Suite Created with name: FalconDemo-Sample-WIN_10_chrome_77]]>
    </line>
    <line>
      <![CDATA[<?xml version="1.0" encoding="UTF-8"?>
<!DOCTYPE suite SYSTEM "http://testng.org/testng-1.0.dtd">
<suite name="FalconDemo-Sample-WIN_10_chrome_77">
  <parameter name="os" value="WIN"/>
  <parameter name="osVersion" value="10"/>
  <parameter name="browser" value="chrome"/>
  <parameter name="browserVersion" value="77"/>
  <test thread-count="5" name="SampleTest">
    <classes>
      <class name="com.atmecs.qa.falcondashboard.testscript.TC15_SkippedTestCases"/>
    </classes>
  </test> <!-- SampleTest -->
</suite> <!-- FalconDemo-Sample-WIN_10_chrome_77 -->
]]>
    </line>
    <line>
      <![CDATA[INFO: New Suite Created with name: FalconDemo-Sample-WIN_10_chrome_77]]>
    </line>
    <line>
      <![CDATA[<?xml version="1.0" encoding="UTF-8"?>
<!DOCTYPE suite SYSTEM "http://testng.org/testng-1.0.dtd">
<suite name="FalconDemo-Sample-WIN_10_chrome_77">
  <parameter name="os" value="WIN"/>
  <parameter name="osVersion" value="10"/>
  <parameter name="browser" value="chrome"/>
  <parameter name="browserVersion" value="77"/>
  <test thread-count="5" name="SampleTest">
    <classes>
      <class name="com.atmecs.qa.falcondashboard.testscript.TC16_MainNaviigation"/>
    </classes>
  </test> <!-- SampleTest -->
</suite> <!-- FalconDemo-Sample-WIN_10_chrome_77 -->
]]>
    </line>
    <line>
      <![CDATA[INFO: New Suite Created with name: FalconDemo-Sample-WIN_10_chrome_77]]>
    </line>
    <line>
      <![CDATA[<?xml version="1.0" encoding="UTF-8"?>
<!DOCTYPE suite SYSTEM "http://testng.org/testng-1.0.dtd">
<suite name="FalconDemo-Sample-WIN_10_chrome_77">
  <parameter name="os" value="WIN"/>
  <parameter name="osVersion" value="10"/>
  <parameter name="browser" value="chrome"/>
  <parameter name="browserVersion" value="77"/>
  <test thread-count="5" name="SampleTest">
    <classes>
      <class name="com.atmecs.qa.falcondashboard.testscript.TC17_RecentRuns"/>
    </classes>
  </test> <!-- SampleTest -->
</suite> <!-- FalconDemo-Sample-WIN_10_chrome_77 -->
]]>
    </line>
    <line>
      <![CDATA[INFO: New Suite Created with name: FalconDemo-Sample-WIN_10_chrome_77]]>
    </line>
    <line>
      <![CDATA[<?xml version="1.0" encoding="UTF-8"?>
<!DOCTYPE suite SYSTEM "http://testng.org/testng-1.0.dtd">
<suite name="FalconDemo-Sample-WIN_10_chrome_77">
  <parameter name="os" value="WIN"/>
  <parameter name="osVersion" value="10"/>
  <parameter name="browser" value="chrome"/>
  <parameter name="browserVersion" value="77"/>
  <test thread-count="5" name="SampleTest">
    <classes>
      <class name="com.atmecs.qa.falcondashboard.testscript.TC18_ProductName"/>
    </classes>
  </test> <!-- SampleTest -->
</suite> <!-- FalconDemo-Sample-WIN_10_chrome_77 -->
]]>
    </line>
    <line>
      <![CDATA[INFO: New Suite Created with name: FalconDemo-Sample-WIN_10_chrome_77]]>
    </line>
    <line>
      <![CDATA[<?xml version="1.0" encoding="UTF-8"?>
<!DOCTYPE suite SYSTEM "http://testng.org/testng-1.0.dtd">
<suite name="FalconDemo-Sample-WIN_10_chrome_77">
  <parameter name="os" value="WIN"/>
  <parameter name="osVersion" value="10"/>
  <parameter name="browser" value="chrome"/>
  <parameter name="browserVersion" value="77"/>
  <test thread-count="5" name="SampleTest">
    <classes>
      <class name="com.atmecs.qa.falcondashboard.testscript.TC19_ComponentOfProduct"/>
    </classes>
  </test> <!-- SampleTest -->
</suite> <!-- FalconDemo-Sample-WIN_10_chrome_77 -->
]]>
    </line>
    <line>
      <![CDATA[INFO: New Suite Created with name: FalconDemo-Sample-WIN_10_chrome_77]]>
    </line>
    <line>
      <![CDATA[<?xml version="1.0" encoding="UTF-8"?>
<!DOCTYPE suite SYSTEM "http://testng.org/testng-1.0.dtd">
<suite name="FalconDemo-Sample-WIN_10_chrome_77">
  <parameter name="os" value="WIN"/>
  <parameter name="osVersion" value="10"/>
  <parameter name="browser" value="chrome"/>
  <parameter name="browserVersion" value="77"/>
  <test thread-count="5" name="SampleTest">
    <classes>
      <class name="com.atmecs.qa.falcondashboard.testscript.TC20_FailTestCase"/>
    </classes>
  </test> <!-- SampleTest -->
</suite> <!-- FalconDemo-Sample-WIN_10_chrome_77 -->
]]>
    </line>
    <line>
      <![CDATA[INFO: New Suite Created with name: FalconDemo-Sample-WIN_10_chrome_77]]>
    </line>
    <line>
      <![CDATA[<?xml version="1.0" encoding="UTF-8"?>
<!DOCTYPE suite SYSTEM "http://testng.org/testng-1.0.dtd">
<suite name="FalconDemo-Sample-WIN_10_chrome_77">
  <parameter name="os" value="WIN"/>
  <parameter name="osVersion" value="10"/>
  <parameter name="browser" value="chrome"/>
  <parameter name="browserVersion" value="77"/>
  <test thread-count="5" name="SampleTest">
    <classes>
      <class name="com.atmecs.qa.falcondashboard.testscript.TC21_PassPercentage"/>
    </classes>
  </test> <!-- SampleTest -->
</suite> <!-- FalconDemo-Sample-WIN_10_chrome_77 -->
]]>
    </line>
    <line>
      <![CDATA[INFO: New Suite Created with name: FalconDemo-Sample-WIN_10_chrome_77]]>
    </line>
    <line>
      <![CDATA[<?xml version="1.0" encoding="UTF-8"?>
<!DOCTYPE suite SYSTEM "http://testng.org/testng-1.0.dtd">
<suite name="FalconDemo-Sample-WIN_10_chrome_77">
  <parameter name="os" value="WIN"/>
  <parameter name="osVersion" value="10"/>
  <parameter name="browser" value="chrome"/>
  <parameter name="browserVersion" value="77"/>
  <test thread-count="5" name="SampleTest">
    <classes>
      <class name="com.atmecs.qa.falcondashboard.testscript.TC22_DeleteOption"/>
    </classes>
  </test> <!-- SampleTest -->
</suite> <!-- FalconDemo-Sample-WIN_10_chrome_77 -->
]]>
    </line>
    <line>
      <![CDATA[INFO: New Suite Created with name: FalconDemo-Sample-WIN_10_chrome_77]]>
    </line>
    <line>
      <![CDATA[<?xml version="1.0" encoding="UTF-8"?>
<!DOCTYPE suite SYSTEM "http://testng.org/testng-1.0.dtd">
<suite name="FalconDemo-Sample-WIN_10_chrome_77">
  <parameter name="os" value="WIN"/>
  <parameter name="osVersion" value="10"/>
  <parameter name="browser" value="chrome"/>
  <parameter name="browserVersion" value="77"/>
  <test thread-count="5" name="SampleTest">
    <classes>
      <class name="com.atmecs.qa.falcondashboard.testscript.TC23_Refresh"/>
    </classes>
  </test> <!-- SampleTest -->
</suite> <!-- FalconDemo-Sample-WIN_10_chrome_77 -->
]]>
    </line>
    <line>
      <![CDATA[INFO: New Suite Created with name: FalconDemo-Sample-WIN_10_chrome_77]]>
    </line>
    <line>
      <![CDATA[<?xml version="1.0" encoding="UTF-8"?>
<!DOCTYPE suite SYSTEM "http://testng.org/testng-1.0.dtd">
<suite name="FalconDemo-Sample-WIN_10_chrome_77">
  <parameter name="os" value="WIN"/>
  <parameter name="osVersion" value="10"/>
  <parameter name="browser" value="chrome"/>
  <parameter name="browserVersion" value="77"/>
  <test thread-count="5" name="SampleTest">
    <classes>
      <class name="com.atmecs.qa.falcondashboard.testscript.TC24_ProductSnapShot"/>
    </classes>
  </test> <!-- SampleTest -->
</suite> <!-- FalconDemo-Sample-WIN_10_chrome_77 -->
]]>
    </line>
    <line>
      <![CDATA[INFO: New Suite Created with name: FalconDemo-Sample-WIN_10_chrome_77]]>
    </line>
    <line>
      <![CDATA[<?xml version="1.0" encoding="UTF-8"?>
<!DOCTYPE suite SYSTEM "http://testng.org/testng-1.0.dtd">
<suite name="FalconDemo-Sample-WIN_10_chrome_77">
  <parameter name="os" value="WIN"/>
  <parameter name="osVersion" value="10"/>
  <parameter name="browser" value="chrome"/>
  <parameter name="browserVersion" value="77"/>
  <test thread-count="5" name="SampleTest">
    <classes>
      <class name="com.atmecs.qa.falcondashboard.testscript.TC25_StepsOfProduct"/>
    </classes>
  </test> <!-- SampleTest -->
</suite> <!-- FalconDemo-Sample-WIN_10_chrome_77 -->
]]>
    </line>
    <line>
      <![CDATA[INFO: New Suite Created with name: FalconDemo-Sample-WIN_10_chrome_77]]>
    </line>
    <line>
      <![CDATA[<?xml version="1.0" encoding="UTF-8"?>
<!DOCTYPE suite SYSTEM "http://testng.org/testng-1.0.dtd">
<suite name="FalconDemo-Sample-WIN_10_chrome_77">
  <parameter name="os" value="WIN"/>
  <parameter name="osVersion" value="10"/>
  <parameter name="browser" value="chrome"/>
  <parameter name="browserVersion" value="77"/>
  <test thread-count="5" name="SampleTest">
    <classes>
      <class name="com.atmecs.qa.falcondashboard.testscript.TC26_ColorOfTotalTestCases"/>
    </classes>
  </test> <!-- SampleTest -->
</suite> <!-- FalconDemo-Sample-WIN_10_chrome_77 -->
]]>
    </line>
    <line>
      <![CDATA[INFO: New Suite Created with name: FalconDemo-Sample-WIN_10_chrome_77]]>
    </line>
    <line>
      <![CDATA[<?xml version="1.0" encoding="UTF-8"?>
<!DOCTYPE suite SYSTEM "http://testng.org/testng-1.0.dtd">
<suite name="FalconDemo-Sample-WIN_10_chrome_77">
  <parameter name="os" value="WIN"/>
  <parameter name="osVersion" value="10"/>
  <parameter name="browser" value="chrome"/>
  <parameter name="browserVersion" value="77"/>
  <test thread-count="5" name="SampleTest">
    <classes>
      <class name="com.atmecs.qa.falcondashboard.testscript.TC27_TotalTestCases"/>
    </classes>
  </test> <!-- SampleTest -->
</suite> <!-- FalconDemo-Sample-WIN_10_chrome_77 -->
]]>
    </line>
    <line>
      <![CDATA[INFO: New Suite Created with name: FalconDemo-Sample-WIN_10_chrome_77]]>
    </line>
    <line>
      <![CDATA[<?xml version="1.0" encoding="UTF-8"?>
<!DOCTYPE suite SYSTEM "http://testng.org/testng-1.0.dtd">
<suite name="FalconDemo-Sample-WIN_10_chrome_77">
  <parameter name="os" value="WIN"/>
  <parameter name="osVersion" value="10"/>
  <parameter name="browser" value="chrome"/>
  <parameter name="browserVersion" value="77"/>
  <test thread-count="5" name="SampleTest">
    <classes>
      <class name="com.atmecs.qa.falcondashboard.testscript.TC28_ColorOfPassTestCases"/>
    </classes>
  </test> <!-- SampleTest -->
</suite> <!-- FalconDemo-Sample-WIN_10_chrome_77 -->
]]>
    </line>
    <line>
      <![CDATA[INFO: New Suite Created with name: FalconDemo-Sample-WIN_10_chrome_77]]>
    </line>
    <line>
      <![CDATA[<?xml version="1.0" encoding="UTF-8"?>
<!DOCTYPE suite SYSTEM "http://testng.org/testng-1.0.dtd">
<suite name="FalconDemo-Sample-WIN_10_chrome_77">
  <parameter name="os" value="WIN"/>
  <parameter name="osVersion" value="10"/>
  <parameter name="browser" value="chrome"/>
  <parameter name="browserVersion" value="77"/>
  <test thread-count="5" name="SampleTest">
    <classes>
      <class name="com.atmecs.qa.falcondashboard.testscript.TC29_PassedTestCases"/>
    </classes>
  </test> <!-- SampleTest -->
</suite> <!-- FalconDemo-Sample-WIN_10_chrome_77 -->
]]>
    </line>
    <line>
      <![CDATA[INFO: New Suite Created with name: FalconDemo-Sample-WIN_10_chrome_77]]>
    </line>
    <line>
      <![CDATA[<?xml version="1.0" encoding="UTF-8"?>
<!DOCTYPE suite SYSTEM "http://testng.org/testng-1.0.dtd">
<suite name="FalconDemo-Sample-WIN_10_chrome_77">
  <parameter name="os" value="WIN"/>
  <parameter name="osVersion" value="10"/>
  <parameter name="browser" value="chrome"/>
  <parameter name="browserVersion" value="77"/>
  <test thread-count="5" name="SampleTest">
    <classes>
      <class name="com.atmecs.qa.falcondashboard.testscript.TC30_ColorOfFailedTestCases"/>
    </classes>
  </test> <!-- SampleTest -->
</suite> <!-- FalconDemo-Sample-WIN_10_chrome_77 -->
]]>
    </line>
    <line>
      <![CDATA[INFO: New Suite Created with name: FalconDemo-Sample-WIN_10_chrome_77]]>
    </line>
    <line>
      <![CDATA[<?xml version="1.0" encoding="UTF-8"?>
<!DOCTYPE suite SYSTEM "http://testng.org/testng-1.0.dtd">
<suite name="FalconDemo-Sample-WIN_10_chrome_77">
  <parameter name="os" value="WIN"/>
  <parameter name="osVersion" value="10"/>
  <parameter name="browser" value="chrome"/>
  <parameter name="browserVersion" value="77"/>
  <test thread-count="5" name="SampleTest">
    <classes>
      <class name="com.atmecs.qa.falcondashboard.testscript.TC31_FailedTestCases"/>
    </classes>
  </test> <!-- SampleTest -->
</suite> <!-- FalconDemo-Sample-WIN_10_chrome_77 -->
]]>
    </line>
    <line>
      <![CDATA[INFO: New Suite Created with name: FalconDemo-Sample-WIN_10_chrome_77]]>
    </line>
    <line>
      <![CDATA[<?xml version="1.0" encoding="UTF-8"?>
<!DOCTYPE suite SYSTEM "http://testng.org/testng-1.0.dtd">
<suite name="FalconDemo-Sample-WIN_10_chrome_77">
  <parameter name="os" value="WIN"/>
  <parameter name="osVersion" value="10"/>
  <parameter name="browser" value="chrome"/>
  <parameter name="browserVersion" value="77"/>
  <test thread-count="5" name="SampleTest">
    <classes>
      <class name="com.atmecs.qa.falcondashboard.testscript.TC32_ColorOfSkippedTestCases"/>
    </classes>
  </test> <!-- SampleTest -->
</suite> <!-- FalconDemo-Sample-WIN_10_chrome_77 -->
]]>
    </line>
    <line>
      <![CDATA[INFO: New Suite Created with name: FalconDemo-Sample-WIN_10_chrome_77]]>
    </line>
    <line>
      <![CDATA[<?xml version="1.0" encoding="UTF-8"?>
<!DOCTYPE suite SYSTEM "http://testng.org/testng-1.0.dtd">
<suite name="FalconDemo-Sample-WIN_10_chrome_77">
  <parameter name="os" value="WIN"/>
  <parameter name="osVersion" value="10"/>
  <parameter name="browser" value="chrome"/>
  <parameter name="browserVersion" value="77"/>
  <test thread-count="5" name="SampleTest">
    <classes>
      <class name="com.atmecs.qa.falcondashboard.testscript.TC33_SkippedTestCases"/>
    </classes>
  </test> <!-- SampleTest -->
</suite> <!-- FalconDemo-Sample-WIN_10_chrome_77 -->
]]>
    </line>
    <line>
      <![CDATA[INFO: New Suite Created with name: FalconDemo-Sample-WIN_10_chrome_77]]>
    </line>
    <line>
      <![CDATA[<?xml version="1.0" encoding="UTF-8"?>
<!DOCTYPE suite SYSTEM "http://testng.org/testng-1.0.dtd">
<suite name="FalconDemo-Sample-WIN_10_chrome_77">
  <parameter name="os" value="WIN"/>
  <parameter name="osVersion" value="10"/>
  <parameter name="browser" value="chrome"/>
  <parameter name="browserVersion" value="77"/>
  <test thread-count="5" name="SampleTest">
    <classes>
      <class name="com.atmecs.qa.falcondashboard.testscript.TC34_ViewPage"/>
    </classes>
  </test> <!-- SampleTest -->
</suite> <!-- FalconDemo-Sample-WIN_10_chrome_77 -->
]]>
    </line>
    <line>
      <![CDATA[INFO: New Suite Created with name: FalconDemo-Sample-WIN_10_chrome_77]]>
    </line>
    <line>
      <![CDATA[<?xml version="1.0" encoding="UTF-8"?>
<!DOCTYPE suite SYSTEM "http://testng.org/testng-1.0.dtd">
<suite name="FalconDemo-Sample-WIN_10_chrome_77">
  <parameter name="os" value="WIN"/>
  <parameter name="osVersion" value="10"/>
  <parameter name="browser" value="chrome"/>
  <parameter name="browserVersion" value="77"/>
  <test thread-count="5" name="SampleTest">
    <classes>
      <class name="com.atmecs.qa.falcondashboard.testscript.TC35_LastRun"/>
    </classes>
  </test> <!-- SampleTest -->
</suite> <!-- FalconDemo-Sample-WIN_10_chrome_77 -->
]]>
    </line>
    <line>
      <![CDATA[Opening browser: chrome]]>
    </line>
    <line>
      <![CDATA[Maximizing browser window]]>
    </line>
    <line>
      <![CDATA[PASS : Verifying String Message  : ACTUAL : ATMECS - Falcon Test Repotrs EXPECTED :ATMECS - Falcon Test Repotrs]]>
    </line>
    <line>
      <![CDATA[successfully validated page title]]>
    </line>
    <line>
      <![CDATA[clicked on refresh option]]>
    </line>
    <line>
      <![CDATA[Successfully validated dashboard text]]>
    </line>
    <line>
      <![CDATA[Successfully validated falcon]]>
    </line>
    <line>
      <![CDATA[Opening browser: chrome]]>
    </line>
    <line>
      <![CDATA[Maximizing browser window]]>
    </line>
    <line>
      <![CDATA[PASS : Successfully validaetd the products : ACTUAL : REST API TEST RESULT,WebServices,FALCON,WebServicesDemo,FalconMobileDemo,ObjectExtractor,SampleFalconAPITest,Falcon,DotComUI_Mobile,MWB,MWB_iOS,JB_Native_App_iOS,Falcon2,Fal,MWB,FalconDemo41,CreditSightsMobile,CHS,CHS,HEATCLINIC RESULT,UI WEB TEST RESULT,HEAT CLINIC RESULT,DotComUITablet,HRIS,HRIS_Cloud,HRIS_Local,Falcon,CreditSights,BrowserstackDemo,FalconSampleProj,DotComUITablet,GreyHealthGroup,FluorCorporation,AndroidDemoApp,MWBooking,AutomationDemoClient,APIAutomationDemoClient,APIAutomationClient,FLUOR,Atmecs,CHS,Atmecs,Atmecs,demo,CHS,Atmecs,CHS,TestMobileWeb,TestFalcon_runSessionId,swathi_signup account,Pooja_USAUTOPARTS,USAutoParts,USAutoParts_MUJ,TestMobileWeb_CnameDemo,IOSDemoApp,Mobile_Demo,TestDemoApp,UI BrowserStack Test Result,dbTesting EXPECTED :REST API TEST RESULT,WebServices,FALCON,WebServicesDemo,FalconMobileDemo,ObjectExtractor,SampleFalconAPITest,Falcon,DotComUI_Mobile,MWB,MWB_iOS,JB_Native_App_iOS,Falcon2,Fal,MWB,FalconDemo41,CreditSightsMobile,CHS,CHS,HEATCLINIC RESULT,UI WEB TEST RESULT,HEAT CLINIC RESULT,DotComUITablet,HRIS,HRIS_Cloud,HRIS_Local,Falcon,CreditSights,BrowserstackDemo,FalconSampleProj,DotComUITablet,GreyHealthGroup,FluorCorporation,AndroidDemoApp,MWBooking,AutomationDemoClient,APIAutomationDemoClient,APIAutomationClient,FLUOR,Atmecs,CHS,Atmecs,Atmecs,demo,CHS,Atmecs,CHS,TestMobileWeb,TestFalcon_runSessionId,swathi_signup account,Pooja_USAUTOPARTS,USAutoParts,USAutoParts_MUJ,TestMobileWeb_CnameDemo,IOSDemoApp,Mobile_Demo,TestDemoApp,UI BrowserStack Test Result,dbTesting]]>
    </line>
    <line>
      <![CDATA[Successfully valdated all the products]]>
    </line>
    <line>
      <![CDATA[PASS : Successfully validaetd the products : ACTUAL : REST API TEST RESULT,WebServices,FALCON,WebServicesDemo,FalconMobileDemo,ObjectExtractor,SampleFalconAPITest,Falcon,DotComUI_Mobile,MWB,MWB_iOS,JB_Native_App_iOS,Falcon2,Fal,MWB,FalconDemo41,CreditSightsMobile,CHS,CHS,HEATCLINIC RESULT,UI WEB TEST RESULT,HEAT CLINIC RESULT,DotComUITablet,HRIS,HRIS_Cloud,HRIS_Local,Falcon,CreditSights,BrowserstackDemo,FalconSampleProj,DotComUITablet,GreyHealthGroup,FluorCorporation,AndroidDemoApp,MWBooking,AutomationDemoClient,APIAutomationDemoClient,APIAutomationClient,FLUOR,Atmecs,CHS,Atmecs,Atmecs,demo,CHS,Atmecs,CHS,TestMobileWeb,TestFalcon_runSessionId,swathi_signup account,Pooja_USAUTOPARTS,USAutoParts,USAutoParts_MUJ,TestMobileWeb_CnameDemo,IOSDemoApp,Mobile_Demo,TestDemoApp,UI BrowserStack Test Result,dbTesting EXPECTED :REST API TEST RESULT,WebServices,FALCON,WebServicesDemo,FalconMobileDemo,ObjectExtractor,SampleFalconAPITest,Falcon,DotComUI_Mobile,MWB,MWB_iOS,JB_Native_App_iOS,Falcon2,Fal,MWB,FalconDemo41,CreditSightsMobile,CHS,CHS,HEATCLINIC RESULT,UI WEB TEST RESULT,HEAT CLINIC RESULT,DotComUITablet,HRIS,HRIS_Cloud,HRIS_Local,Falcon,CreditSights,BrowserstackDemo,FalconSampleProj,DotComUITablet,GreyHealthGroup,FluorCorporation,AndroidDemoApp,MWBooking,AutomationDemoClient,APIAutomationDemoClient,APIAutomationClient,FLUOR,Atmecs,CHS,Atmecs,Atmecs,demo,CHS,Atmecs,CHS,TestMobileWeb,TestFalcon_runSessionId,swathi_signup account,Pooja_USAUTOPARTS,USAutoParts,USAutoParts_MUJ,TestMobileWeb_CnameDemo,IOSDemoApp,Mobile_Demo,TestDemoApp,UI BrowserStack Test Result,dbTesting]]>
    </line>
    <line>
      <![CDATA[Successfully valdated all the execution times]]>
    </line>
    <line>
      <![CDATA[Successfully clicked on product]]>
    </line>
    <line>
      <![CDATA[Opening browser: chrome]]>
    </line>
    <line>
      <![CDATA[Maximizing browser window]]>
    </line>
    <line>
      <![CDATA[PASS : Successfully validaetd the test cases : ACTUAL : 10,1,2,2,1,1,4,10,2,12,1,1,4,1,1,0,2,2,1,4,4,0,1,6,6,6,4,1,1,1,7,9,2,1,8,10,10,1,4,2,1,8,4,2,1,1,1,1,6,2,1,2,2,1,5 EXPECTED :10,1,2,2,1,1,4,10,2,12,1,1,4,1,1,0,2,2,1,4,4,0,1,6,6,6,4,1,1,1,7,9,2,1,8,10,10,1,4,2,1,8,4,2,1,1,1,1,6,2,1,2,2,1,5]]>
    </line>
    <line>
      <![CDATA[Successfully valdated all the test cases]]>
    </line>
    <line>
      <![CDATA[Successfully mouse hovered the test cases]]>
    </line>
    <line>
      <![CDATA[PASS : Successfully displayed the test cases message : ACTUAL : Total Test Cases EXPECTED :Total Test Cases]]>
    </line>
    <line>
      <![CDATA[Opening browser: chrome]]>
    </line>
    <line>
      <![CDATA[Maximizing browser window]]>
    </line>
    <line>
      <![CDATA[Successfully mouse hovered the pass%trend]]>
    </line>
    <line>
      <![CDATA[PASS : Successfully displayed the test cases message : ACTUAL : Pass % Trend EXPECTED :Pass % Trend]]>
    </line>
    <line>
      <![CDATA[Successfully mouse hovered over the pass percent]]>
    </line>
    <line>
      <![CDATA[PASS : Successfully validated the color of the skip test cases box : ACTUAL : rgba(76, 175, 80, 1) EXPECTED :rgba(76, 175, 80, 1)]]>
    </line>
    <line>
      <![CDATA[Successfully validated the color of the skip test cases box]]>
    </line>
    <line>
      <![CDATA[Successfully mouse hovered over the fail percent and displayed the value]]>
    </line>
    <line>
      <![CDATA[PASS : Successfully validated the color of the skip test cases box : ACTUAL : rgba(244, 67, 54, 1) EXPECTED :rgba(244, 67, 54, 1)]]>
    </line>
    <line>
      <![CDATA[Successfully validated the color of the skip test cases box]]>
    </line>
    <line>
      <![CDATA[Opening browser: chrome]]>
    </line>
    <line>
      <![CDATA[Maximizing browser window]]>
    </line>
    <line>
      <![CDATA[Successfully validated product]]>
    </line>
    <line>
      <![CDATA[Successfully clicked on the product]]>
    </line>
    <line>
      <![CDATA[Successfully validated panel title]]>
    </line>
    <line>
      <![CDATA[PASS : Successfully validaetd the test cases : ACTUAL : deleteProjectApiTest 0 Sec Pass,downloadImageApiTest 0 Sec Pass,exportToExcelApiTest 0 Sec Pass,getDashboardApiTest 1 Sec Pass,invalidLinkApiTest 0 Sec Fail,recentRunsApiTest 0 Sec Pass,reportViewApiTest 0 Sec Pass,uploadImageApiTest 2 Sec Pass,uploadTestngResultFileApiTest 0 Sec Pass,viewReportApiTest 5 Sec Pass EXPECTED :deleteProjectApiTest 0 Sec Pass,downloadImageApiTest 0 Sec Pass,exportToExcelApiTest 0 Sec Pass,getDashboardApiTest 1 Sec Pass,invalidLinkApiTest 0 Sec Fail,recentRunsApiTest 0 Sec Pass,reportViewApiTest 0 Sec Pass,uploadImageApiTest 2 Sec Pass,uploadTestngResultFileApiTest 0 Sec Pass,viewReportApiTest 5 Sec Pass]]>
    </line>
    <line>
      <![CDATA[Successfully valdated all the test cases]]>
    </line>
    <line>
      <![CDATA[Clicked on download option]]>
    </line>
    <line>
      <![CDATA[Successfully selected dashboard option]]>
    </line>
    <line>
      <![CDATA[Opening browser: chrome]]>
    </line>
    <line>
      <![CDATA[Maximizing browser window]]>
    </line>
    <line>
      <![CDATA[Successfully clicked on product]]>
    </line>
    <line>
      <![CDATA[Successfully displayed medium of product]]>
    </line>
    <line>
      <![CDATA[PASS : Successfully validated the medium of the product : ACTUAL :  Web Services  EXPECTED : Web Services ]]>
    </line>
    <line>
      <![CDATA[Successfully validated the medium of the product]]>
    </line>
    <line>
      <![CDATA[Opening browser: chrome]]>
    </line>
    <line>
      <![CDATA[Maximizing browser window]]>
    </line>
    <line>
      <![CDATA[Successfully clicked on the product]]>
    </line>
    <line>
      <![CDATA[Successfully selected customer option]]>
    </line>
    <line>
      <![CDATA[Successfully validated customer]]>
    </line>
    <line>
      <![CDATA[Successfully selected the module option]]>
    </line>
    <line>
      <![CDATA[Successfully validated module]]>
    </line>
    <line>
      <![CDATA[Selected the status option]]>
    </line>
    <line>
      <![CDATA[Successfully validated status]]>
    </line>
    <line>
      <![CDATA[Opening browser: chrome]]>
    </line>
    <line>
      <![CDATA[Maximizing browser window]]>
    </line>
    <line>
      <![CDATA[Successfully clicked on the product]]>
    </line>
    <line>
      <![CDATA[Successfully selected dashboard option]]>
    </line>
    <line>
      <![CDATA[Opening browser: chrome]]>
    </line>
    <line>
      <![CDATA[Maximizing browser window]]>
    </line>
    <line>
      <![CDATA[Successfully clicked on the product]]>
    </line>
    <line>
      <![CDATA[Successfully selected dashboard option]]>
    </line>
    <line>
      <![CDATA[Successfully validated the environment]]>
    </line>
    <line>
      <![CDATA[Opening browser: chrome]]>
    </line>
    <line>
      <![CDATA[Maximizing browser window]]>
    </line>
    <line>
      <![CDATA[Successfully clicked on the product]]>
    </line>
    <line>
      <![CDATA[Successfully selected dashboard option]]>
    </line>
    <line>
      <![CDATA[Successfully validated the test phase of the product]]>
    </line>
    <line>
      <![CDATA[Opening browser: chrome]]>
    </line>
    <line>
      <![CDATA[Maximizing browser window]]>
    </line>
    <line>
      <![CDATA[Successfully clicked on the product]]>
    </line>
    <line>
      <![CDATA[Clicked on download option]]>
    </line>
    <line>
      <![CDATA[PASS : Successfully displayed the test cases message : ACTUAL : Download EXPECTED :Download]]>
    </line>
    <line>
      <![CDATA[Sucessfully validated the tooltip message]]>
    </line>
    <line>
      <![CDATA[Opening browser: chrome]]>
    </line>
    <line>
      <![CDATA[Maximizing browser window]]>
    </line>
    <line>
      <![CDATA[Successfully clicked on product]]>
    </line>
    <line>
      <![CDATA[Successfully displayed day and date of product]]>
    </line>
    <line>
      <![CDATA[PASS : Successfully validated the date : ACTUAL : Feb7,2020 EXPECTED :Feb7,2020]]>
    </line>
    <line>
      <![CDATA[Successfully validated the date]]>
    </line>
    <line>
      <![CDATA[Opening browser: chrome]]>
    </line>
    <line>
      <![CDATA[Maximizing browser window]]>
    </line>
    <line>
      <![CDATA[Successfully clicked on product]]>
    </line>
    <line>
      <![CDATA[Selected the pass status option]]>
    </line>
    <line>
      <![CDATA[Successfully validated pass status]]>
    </line>
    <line>
      <![CDATA[Opening browser: chrome]]>
    </line>
    <line>
      <![CDATA[Maximizing browser window]]>
    </line>
    <line>
      <![CDATA[Successfully clicked on product]]>
    </line>
    <line>
      <![CDATA[Selected the fail status option]]>
    </line>
    <line>
      <![CDATA[Successfully validated fail status]]>
    </line>
    <line>
      <![CDATA[Opening browser: chrome]]>
    </line>
    <line>
      <![CDATA[Maximizing browser window]]>
    </line>
    <line>
      <![CDATA[Successfully clicked on product]]>
    </line>
    <line>
      <![CDATA[Selected the skip status option]]>
    </line>
    <line>
      <![CDATA[Successfully validated skip status]]>
    </line>
    <line>
      <![CDATA[Opening browser: chrome]]>
    </line>
    <line>
      <![CDATA[Maximizing browser window]]>
    </line>
    <line>
      <![CDATA[Successfully validated dashboard]]>
    </line>
    <line>
      <![CDATA[Successfully validated recent runs]]>
    </line>
    <line>
      <![CDATA[Successfully validated recentruns]]>
    </line>
    <line>
      <![CDATA[Successfully validated recent runs panel title]]>
    </line>
    <line>
      <![CDATA[Successfully validated View]]>
    </line>
    <line>
      <![CDATA[Successfully validated panelview]]>
    </line>
    <line>
      <![CDATA[Successfully validated product snapshot]]>
    </line>
    <line>
      <![CDATA[Opening browser: chrome]]>
    </line>
    <line>
      <![CDATA[Maximizing browser window]]>
    </line>
    <line>
      <![CDATA[Successfully clicked on recent runs]]>
    </line>
    <line>
      <![CDATA[Successfully validated recentruns]]>
    </line>
    <line>
      <![CDATA[Successfully validated reports]]>
    </line>
    <line>
      <![CDATA[Successfully validated product name]]>
    </line>
    <line>
      <![CDATA[Successfully validated the component text]]>
    </line>
    <line>
      <![CDATA[Successfully validated textcases with # symbol]]>
    </line>
    <line>
      <![CDATA[Successfully validated the passpercent with % symbol]]>
    </line>
    <line>
      <![CDATA[Successfully validated lastruns]]>
    </line>
    <line>
      <![CDATA[Opening browser: chrome]]>
    </line>
    <line>
      <![CDATA[Maximizing browser window]]>
    </line>
    <line>
      <![CDATA[Successfully clicked on the recent runs]]>
    </line>
    <line>
      <![CDATA[Successfully validated the product name]]>
    </line>
    <line>
      <![CDATA[Succesfully clicked on the product]]>
    </line>
    <line>
      <![CDATA[Opening browser: chrome]]>
    </line>
    <line>
      <![CDATA[Maximizing browser window]]>
    </line>
    <line>
      <![CDATA[Successfully clicked on recent runs]]>
    </line>
    <line>
      <![CDATA[Successfully clicked on component]]>
    </line>
    <line>
      <![CDATA[Successfully validated component text]]>
    </line>
    <line>
      <![CDATA[Successfully clicked on component]]>
    </line>
    <line>
      <![CDATA[Opening browser: chrome]]>
    </line>
    <line>
      <![CDATA[Maximizing browser window]]>
    </line>
    <line>
      <![CDATA[Successfully clicked on product]]>
    </line>
    <line>
      <![CDATA[Selected the status option]]>
    </line>
    <line>
      <![CDATA[Successfully validated status]]>
    </line>
    <line>
      <![CDATA[Successfully clicked on test case]]>
    </line>
    <line>
      <![CDATA[Successfully validated paneltitle]]>
    </line>
    <line>
      <![CDATA[Successfully validated error message]]>
    </line>
    <line>
      <![CDATA[Opening browser: chrome]]>
    </line>
    <line>
      <![CDATA[Maximizing browser window]]>
    </line>
    <line>
      <![CDATA[Successfully clicked on the recent runs]]>
    </line>
    <line>
      <![CDATA[Successfully validated the pass percent]]>
    </line>
    <line>
      <![CDATA[Successfully clicked on the pass percentage]]>
    </line>
    <line>
      <![CDATA[Opening browser: chrome]]>
    </line>
    <line>
      <![CDATA[Maximizing browser window]]>
    </line>
    <line>
      <![CDATA[Successfully clicked on recent runs]]>
    </line>
    <line>
      <![CDATA[Successfully mouse hovered over the deletet option]]>
    </line>
    <line>
      <![CDATA[PASS : Successfully displayed the test cases message : ACTUAL : Delete Run EXPECTED :Delete Run]]>
    </line>
    <line>
      <![CDATA[Opening browser: chrome]]>
    </line>
    <line>
      <![CDATA[Maximizing browser window]]>
    </line>
    <line>
      <![CDATA[Successfully validated dashboard text]]>
    </line>
    <line>
      <![CDATA[clicked on refresh option]]>
    </line>
    <line>
      <![CDATA[Successfully validated dashboard text]]>
    </line>
    <line>
      <![CDATA[Opening browser: chrome]]>
    </line>
    <line>
      <![CDATA[Maximizing browser window]]>
    </line>
    <line>
      <![CDATA[Successfully clicked on product snapshot bar]]>
    </line>
    <line>
      <![CDATA[Successfully validated product snapshot]]>
    </line>
    <line>
      <![CDATA[Opening browser: chrome]]>
    </line>
    <line>
      <![CDATA[Maximizing browser window]]>
    </line>
    <line>
      <![CDATA[Successfully clicked on the product]]>
    </line>
    <line>
      <![CDATA[Successfully selected pass option]]>
    </line>
    <line>
      <![CDATA[Successfully selected the testcase]]>
    </line>
    <line>
      <![CDATA[Successfully validated Status option]]>
    </line>
    <line>
      <![CDATA[Successfully validated Details option]]>
    </line>
    <line>
      <![CDATA[Successfully validated the test case]]>
    </line>
    <line>
      <![CDATA[Successfully validated Request Body]]>
    </line>
    <line>
      <![CDATA[Opening browser: chrome]]>
    </line>
    <line>
      <![CDATA[Maximizing browser window]]>
    </line>
    <line>
      <![CDATA[Successfully clicked on product]]>
    </line>
    <line>
      <![CDATA[Successfully selected dashboard option]]>
    </line>
    <line>
      <![CDATA[PASS : Successfully validated the color of the total test cases box : ACTUAL : rgba(103, 58, 183, 1) EXPECTED :rgba(103, 58, 183, 1)]]>
    </line>
    <line>
      <![CDATA[Successfully validated the color of the total  test cases box]]>
    </line>
    <line>
      <![CDATA[Opening browser: chrome]]>
    </line>
    <line>
      <![CDATA[Maximizing browser window]]>
    </line>
    <line>
      <![CDATA[Successfully clicked on product]]>
    </line>
    <line>
      <![CDATA[Successfully clicked dashboard slider]]>
    </line>
    <line>
      <![CDATA[Successfully clicked fail test cases]]>
    </line>
    <line>
      <![CDATA[Successfully validated test cases]]>
    </line>
    <line>
      <![CDATA[Successfully validated the run time]]>
    </line>
    <line>
      <![CDATA[Opening browser: chrome]]>
    </line>
    <line>
      <![CDATA[Maximizing browser window]]>
    </line>
    <line>
      <![CDATA[Successfully clicked on product]]>
    </line>
    <line>
      <![CDATA[Successfully selected dashboard option]]>
    </line>
    <line>
      <![CDATA[PASS : Successfully validated the color of the pass test cases box : ACTUAL : rgba(0, 150, 136, 1) EXPECTED :rgba(0, 150, 136, 1)]]>
    </line>
    <line>
      <![CDATA[Successfully validated the color of the pass  test cases box]]>
    </line>
    <line>
      <![CDATA[Opening browser: chrome]]>
    </line>
    <line>
      <![CDATA[Maximizing browser window]]>
    </line>
    <line>
      <![CDATA[Successfully clicked on product]]>
    </line>
    <line>
      <![CDATA[Successfully clicked dashboard slider]]>
    </line>
    <line>
      <![CDATA[Successfully clicked pass test cases]]>
    </line>
    <line>
      <![CDATA[Successfully validated passed test cases]]>
    </line>
    <line>
      <![CDATA[Successfully validated pass percentage]]>
    </line>
    <line>
      <![CDATA[Screenshot Captured for failure C:\Users\srinischal.thiparani\FalconDashboardAutomation\falcondashboard\target\FalconDemo-Sample-WIN_10_chrome_77 (27)\Screenshots\passTestCases_1_.png]]>
    </line>
    <line>
      <![CDATA[Opening browser: chrome]]>
    </line>
    <line>
      <![CDATA[Maximizing browser window]]>
    </line>
    <line>
      <![CDATA[Successfully clicked on product]]>
    </line>
    <line>
      <![CDATA[Successfully selected dashboard option]]>
    </line>
    <line>
      <![CDATA[PASS : Successfully validated the color of the fail test cases box : ACTUAL : rgba(244, 67, 54, 1) EXPECTED :rgba(244, 67, 54, 1)]]>
    </line>
    <line>
      <![CDATA[Successfully validated the color of the fail test cases box]]>
    </line>
    <line>
      <![CDATA[Opening browser: chrome]]>
    </line>
    <line>
      <![CDATA[Maximizing browser window]]>
    </line>
    <line>
      <![CDATA[Successfully clicked on product]]>
    </line>
    <line>
      <![CDATA[Successfully clicked dashboard slider]]>
    </line>
    <line>
      <![CDATA[Successfully clicked fail test cases]]>
    </line>
    <line>
      <![CDATA[Successfully validated Failed test cases]]>
    </line>
    <line>
      <![CDATA[Successfully validated fail message]]>
    </line>
    <line>
      <![CDATA[Opening browser: chrome]]>
    </line>
    <line>
      <![CDATA[Maximizing browser window]]>
    </line>
    <line>
      <![CDATA[Successfully clicked on product]]>
    </line>
    <line>
      <![CDATA[Successfully selected dashboard option]]>
    </line>
    <line>
      <![CDATA[PASS : Successfully validated the color of the skip test cases box : ACTUAL : rgba(33, 150, 243, 1) EXPECTED :rgba(33, 150, 243, 1)]]>
    </line>
    <line>
      <![CDATA[Successfully validated the color of the skip test cases box]]>
    </line>
    <line>
      <![CDATA[Opening browser: chrome]]>
    </line>
    <line>
      <![CDATA[Maximizing browser window]]>
    </line>
    <line>
      <![CDATA[Successfully clicked on product]]>
    </line>
    <line>
      <![CDATA[Successfully clicked dashboard slider]]>
    </line>
    <line>
      <![CDATA[Successfully clicked pass test cases]]>
    </line>
    <line>
      <![CDATA[Successfully validated Skipped test cases]]>
    </line>
    <line>
      <![CDATA[Successfully validated skip message]]>
    </line>
    <line>
      <![CDATA[Opening browser: chrome]]>
    </line>
    <line>
      <![CDATA[Maximizing browser window]]>
    </line>
    <line>
      <![CDATA[Successfully validated views]]>
    </line>
    <line>
      <![CDATA[Successfully validated the views panel title]]>
    </line>
    <line>
      <![CDATA[Clicked on download option]]>
    </line>
    <line>
      <![CDATA[Successfully selected dashboard option]]>
    </line>
    <line>
      <![CDATA[Opening browser: chrome]]>
    </line>
    <line>
      <![CDATA[Maximizing browser window]]>
    </line>
    <line>
      <![CDATA[Successfully clicked on the recent runs]]>
    </line>
    <line>
      <![CDATA[Successfully validated the last run]]>
    </line>
    <line>
      <![CDATA[Successfully clicked on the last runs]]>
    </line>
  </reporter-output>
  <suite started-at="2020-02-07T14:08:17Z" name="FalconDemo-Sample-WIN_10_chrome_77 (15)" finished-at="2020-02-07T14:08:32Z" duration-ms="15603">
    <groups>
    </groups>
    <test started-at="2020-02-07T14:08:17Z" name="SampleTest" finished-at="2020-02-07T14:08:32Z" duration-ms="15603">
      <class name="com.atmecs.qa.falcondashboard.testscript.TC17_RecentRuns">
        <test-method is-config="true" signature="setup(java.lang.String, java.lang.String, java.lang.String, java.lang.String)[pri:0, instance:com.atmecs.qa.falcondashboard.testscript.TC17_RecentRuns@12faa180]" started-at="2020-02-07T14:08:17Z" name="setup" finished-at="2020-02-07T14:08:29Z" duration-ms="12291" status="PASS">
          <params>
            <param index="0">
              <value>
                <![CDATA[WIN]]>
              </value>
            </param>
            <param index="1">
              <value>
                <![CDATA[10]]>
              </value>
            </param>
            <param index="2">
              <value>
                <![CDATA[chrome]]>
              </value>
            </param>
            <param index="3">
              <value>
                <![CDATA[77]]>
              </value>
            </param>
          </params>
          <reporter-output>
            <line>
              <![CDATA[Opening browser: chrome]]>
            </line>
            <line>
              <![CDATA[Maximizing browser window]]>
            </line>
          </reporter-output>
        </test-method> <!-- setup -->
        <test-method is-config="true" signature="preSetup()[pri:0, instance:com.atmecs.qa.falcondashboard.testscript.TC17_RecentRuns@12faa180]" started-at="2020-02-07T14:08:17Z" name="preSetup" finished-at="2020-02-07T14:08:17Z" duration-ms="0" status="PASS">
          <reporter-output>
          </reporter-output>
        </test-method> <!-- preSetup -->
        <test-method signature="recentrun()[pri:0, instance:com.atmecs.qa.falcondashboard.testscript.TC17_RecentRuns@12faa180]" started-at="2020-02-07T14:08:29Z" name="recentrun" finished-at="2020-02-07T14:08:32Z" duration-ms="3312" status="PASS">
          <reporter-output>
            <line>
              <![CDATA[Successfully clicked on recent runs]]>
            </line>
            <line>
              <![CDATA[Successfully validated recentruns]]>
            </line>
            <line>
              <![CDATA[Successfully validated reports]]>
            </line>
            <line>
              <![CDATA[Successfully validated product name]]>
            </line>
            <line>
              <![CDATA[Successfully validated the component text]]>
            </line>
            <line>
              <![CDATA[Successfully validated textcases with # symbol]]>
            </line>
            <line>
              <![CDATA[Successfully validated the passpercent with % symbol]]>
            </line>
            <line>
              <![CDATA[Successfully validated lastruns]]>
            </line>
          </reporter-output>
        </test-method> <!-- recentrun -->
        <test-method is-config="true" signature="teardown()[pri:0, instance:com.atmecs.qa.falcondashboard.testscript.TC17_RecentRuns@12faa180]" started-at="2020-02-07T14:08:32Z" name="teardown" finished-at="2020-02-07T14:08:33Z" duration-ms="1008" status="PASS">
          <reporter-output>
          </reporter-output>
        </test-method> <!-- teardown -->
      </class> <!-- com.atmecs.qa.falcondashboard.testscript.TC17_RecentRuns -->
    </test> <!-- SampleTest -->
  </suite> <!-- FalconDemo-Sample-WIN_10_chrome_77 (15) -->
  <suite started-at="2020-02-07T14:11:43Z" name="FalconDemo-Sample-WIN_10_chrome_77 (27)" finished-at="2020-02-07T14:11:59Z" duration-ms="16071">
    <groups>
    </groups>
    <test started-at="2020-02-07T14:11:43Z" name="SampleTest" finished-at="2020-02-07T14:11:59Z" duration-ms="16071">
      <class name="com.atmecs.qa.falcondashboard.testscript.TC29_PassedTestCases">
        <test-method is-config="true" signature="preSetup()[pri:0, instance:com.atmecs.qa.falcondashboard.testscript.TC29_PassedTestCases@6b8f636]" started-at="2020-02-07T14:11:43Z" name="preSetup" finished-at="2020-02-07T14:11:43Z" duration-ms="0" status="PASS">
          <reporter-output>
          </reporter-output>
        </test-method> <!-- preSetup -->
        <test-method is-config="true" signature="setup(java.lang.String, java.lang.String, java.lang.String, java.lang.String)[pri:0, instance:com.atmecs.qa.falcondashboard.testscript.TC29_PassedTestCases@6b8f636]" started-at="2020-02-07T14:11:43Z" name="setup" finished-at="2020-02-07T14:11:55Z" duration-ms="12337" status="PASS">
          <params>
            <param index="0">
              <value>
                <![CDATA[WIN]]>
              </value>
            </param>
            <param index="1">
              <value>
                <![CDATA[10]]>
              </value>
            </param>
            <param index="2">
              <value>
                <![CDATA[chrome]]>
              </value>
            </param>
            <param index="3">
              <value>
                <![CDATA[77]]>
              </value>
            </param>
          </params>
          <reporter-output>
            <line>
              <![CDATA[Opening browser: chrome]]>
            </line>
            <line>
              <![CDATA[Maximizing browser window]]>
            </line>
          </reporter-output>
        </test-method> <!-- setup -->
        <test-method signature="passTestCases()[pri:0, instance:com.atmecs.qa.falcondashboard.testscript.TC29_PassedTestCases@6b8f636]" started-at="2020-02-07T14:11:55Z" name="passTestCases" finished-at="2020-02-07T14:11:59Z" duration-ms="3157" status="FAIL">
          <exception class="org.openqa.selenium.StaleElementReferenceException">
            <message>
              <![CDATA[stale element reference: element is not attached to the page document
  (Session info: chrome=79.0.3945.130)
For documentation on this error, please visit: https://www.seleniumhq.org/exceptions/stale_element_reference.html
Build info: version: '3.141.59', revision: 'e82be7d358', time: '2018-11-14T08:17:03'
System info: host: 'ATMECSINLT-060', ip: '55.55.52.253', os.name: 'Windows 10', os.arch: 'amd64', os.version: '10.0', java.version: '13.0.1'
Driver info: org.openqa.selenium.chrome.ChromeDriver
Capabilities {acceptInsecureCerts: false, browserName: chrome, browserVersion: 79.0.3945.130, chrome: {chromedriverVersion: 79.0.3945.36 (3582db32b3389..., userDataDir: C:\Users\SRINIS~1.THI\AppDa...}, goog:chromeOptions: {debuggerAddress: localhost:49267}, javascriptEnabled: true, networkConnectionEnabled: false, pageLoadStrategy: normal, platform: WINDOWS, platformName: WINDOWS, proxy: Proxy(), setWindowRect: true, strictFileInteractability: false, timeouts: {implicit: 0, pageLoad: 300000, script: 30000}, unhandledPromptBehavior: dismiss and notify}
Session ID: 219b20fe87f72a6b0fbcf63d898e2d89]]>
            </message>
            <full-stacktrace>
              <![CDATA[org.openqa.selenium.StaleElementReferenceException: stale element reference: element is not attached to the page document
  (Session info: chrome=79.0.3945.130)
For documentation on this error, please visit: https://www.seleniumhq.org/exceptions/stale_element_reference.html
Build info: version: '3.141.59', revision: 'e82be7d358', time: '2018-11-14T08:17:03'
System info: host: 'ATMECSINLT-060', ip: '55.55.52.253', os.name: 'Windows 10', os.arch: 'amd64', os.version: '10.0', java.version: '13.0.1'
Driver info: org.openqa.selenium.chrome.ChromeDriver
Capabilities {acceptInsecureCerts: false, browserName: chrome, browserVersion: 79.0.3945.130, chrome: {chromedriverVersion: 79.0.3945.36 (3582db32b3389..., userDataDir: C:\Users\SRINIS~1.THI\AppDa...}, goog:chromeOptions: {debuggerAddress: localhost:49267}, javascriptEnabled: true, networkConnectionEnabled: false, pageLoadStrategy: normal, platform: WINDOWS, platformName: WINDOWS, proxy: Proxy(), setWindowRect: true, strictFileInteractability: false, timeouts: {implicit: 0, pageLoad: 300000, script: 30000}, unhandledPromptBehavior: dismiss and notify}
Session ID: 219b20fe87f72a6b0fbcf63d898e2d89
at java.base/jdk.internal.reflect.NativeConstructorAccessorImpl.newInstance0(Native Method)
at java.base/jdk.internal.reflect.NativeConstructorAccessorImpl.newInstance(NativeConstructorAccessorImpl.java:62)
at java.base/jdk.internal.reflect.DelegatingConstructorAccessorImpl.newInstance(DelegatingConstructorAccessorImpl.java:45)
at java.base/java.lang.reflect.Constructor.newInstanceWithCaller(Constructor.java:500)
at java.base/java.lang.reflect.Constructor.newInstance(Constructor.java:481)
at org.openqa.selenium.remote.http.W3CHttpResponseCodec.createException(W3CHttpResponseCodec.java:187)
at org.openqa.selenium.remote.http.W3CHttpResponseCodec.decode(W3CHttpResponseCodec.java:122)
at org.openqa.selenium.remote.http.W3CHttpResponseCodec.decode(W3CHttpResponseCodec.java:49)
at org.openqa.selenium.remote.HttpCommandExecutor.execute(HttpCommandExecutor.java:158)
at org.openqa.selenium.remote.service.DriverCommandExecutor.execute(DriverCommandExecutor.java:83)
at org.openqa.selenium.remote.RemoteWebDriver.execute(RemoteWebDriver.java:552)
at org.openqa.selenium.remote.RemoteWebElement.execute(RemoteWebElement.java:285)
at org.openqa.selenium.remote.RemoteWebElement.getText(RemoteWebElement.java:166)
at java.base/java.util.stream.ReferencePipeline$3$1.accept(ReferencePipeline.java:195)
at java.base/java.util.ArrayList$ArrayListSpliterator.forEachRemaining(ArrayList.java:1621)
at java.base/java.util.stream.AbstractPipeline.copyInto(AbstractPipeline.java:484)
at java.base/java.util.stream.AbstractPipeline.wrapAndCopyInto(AbstractPipeline.java:474)
at java.base/java.util.stream.ReduceOps$ReduceOp.evaluateSequential(ReduceOps.java:913)
at java.base/java.util.stream.AbstractPipeline.evaluate(AbstractPipeline.java:234)
at java.base/java.util.stream.ReferencePipeline.collect(ReferencePipeline.java:578)
at com.atmecs.qa.falcondashboard.testscript.TC29_PassedTestCases.passTestCases(TC29_PassedTestCases.java:67)
at java.base/jdk.internal.reflect.NativeMethodAccessorImpl.invoke0(Native Method)
at java.base/jdk.internal.reflect.NativeMethodAccessorImpl.invoke(NativeMethodAccessorImpl.java:62)
at java.base/jdk.internal.reflect.DelegatingMethodAccessorImpl.invoke(DelegatingMethodAccessorImpl.java:43)
at java.base/java.lang.reflect.Method.invoke(Method.java:567)
at org.testng.internal.MethodInvocationHelper.invokeMethod(MethodInvocationHelper.java:124)
at org.testng.internal.Invoker.invokeMethod(Invoker.java:583)
at org.testng.internal.Invoker.invokeTestMethod(Invoker.java:719)
at org.testng.internal.Invoker.invokeTestMethods(Invoker.java:989)
at org.testng.internal.TestMethodWorker.invokeTestMethods(TestMethodWorker.java:125)
at org.testng.internal.TestMethodWorker.run(TestMethodWorker.java:109)
at org.testng.TestRunner.privateRun(TestRunner.java:648)
at org.testng.TestRunner.run(TestRunner.java:505)
at org.testng.SuiteRunner.runTest(SuiteRunner.java:455)
at org.testng.SuiteRunner.runSequentially(SuiteRunner.java:450)
at org.testng.SuiteRunner.privateRun(SuiteRunner.java:415)
at org.testng.SuiteRunner.run(SuiteRunner.java:364)
at org.testng.SuiteRunnerWorker.runSuite(SuiteRunnerWorker.java:52)
at org.testng.SuiteRunnerWorker.run(SuiteRunnerWorker.java:84)
at org.testng.TestNG.runSuitesSequentially(TestNG.java:1208)
at org.testng.TestNG.runSuitesLocally(TestNG.java:1137)
at org.testng.TestNG.runSuites(TestNG.java:1049)
at org.testng.TestNG.run(TestNG.java:1017)
at com.atmecs.qa.falcondashboard.runner.TestNGRunner.main(TestNGRunner.java:59)
at java.base/jdk.internal.reflect.NativeMethodAccessorImpl.invoke0(Native Method)
at java.base/jdk.internal.reflect.NativeMethodAccessorImpl.invoke(NativeMethodAccessorImpl.java:62)
at java.base/jdk.internal.reflect.DelegatingMethodAccessorImpl.invoke(DelegatingMethodAccessorImpl.java:43)
at java.base/java.lang.reflect.Method.invoke(Method.java:567)
at org.codehaus.mojo.exec.ExecJavaMojo$1.run(ExecJavaMojo.java:294)
at java.base/java.lang.Thread.run(Thread.java:830)
]]>
            </full-stacktrace>
          </exception> <!-- org.openqa.selenium.StaleElementReferenceException -->
          <reporter-output>
            <line>
              <![CDATA[Successfully clicked on product]]>
            </line>
            <line>
              <![CDATA[Successfully clicked dashboard slider]]>
            </line>
            <line>
              <![CDATA[Successfully clicked pass test cases]]>
            </line>
            <line>
              <![CDATA[Successfully validated passed test cases]]>
            </line>
            <line>
              <![CDATA[Successfully validated pass percentage]]>
            </line>
            <line>
              <![CDATA[Screenshot Captured for failure C:\Users\srinischal.thiparani\FalconDashboardAutomation\falcondashboard\target\FalconDemo-Sample-WIN_10_chrome_77 (27)\Screenshots\passTestCases_1_.png]]>
            </line>
          </reporter-output>
        </test-method> <!-- passTestCases -->
        <test-method is-config="true" signature="teardown()[pri:0, instance:com.atmecs.qa.falcondashboard.testscript.TC29_PassedTestCases@6b8f636]" started-at="2020-02-07T14:11:59Z" name="teardown" finished-at="2020-02-07T14:12:00Z" duration-ms="587" status="PASS">
          <reporter-output>
          </reporter-output>
        </test-method> <!-- teardown -->
      </class> <!-- com.atmecs.qa.falcondashboard.testscript.TC29_PassedTestCases -->
    </test> <!-- SampleTest -->
  </suite> <!-- FalconDemo-Sample-WIN_10_chrome_77 (27) -->
  <suite started-at="2020-02-07T14:08:49Z" name="FalconDemo-Sample-WIN_10_chrome_77 (17)" finished-at="2020-02-07T14:09:07Z" duration-ms="17990">
    <groups>
    </groups>
    <test started-at="2020-02-07T14:08:49Z" name="SampleTest" finished-at="2020-02-07T14:09:07Z" duration-ms="17990">
      <class name="com.atmecs.qa.falcondashboard.testscript.TC19_ComponentOfProduct">
        <test-method is-config="true" signature="setup(java.lang.String, java.lang.String, java.lang.String, java.lang.String)[pri:0, instance:com.atmecs.qa.falcondashboard.testscript.TC19_ComponentOfProduct@5c39af67]" started-at="2020-02-07T14:08:49Z" name="setup" finished-at="2020-02-07T14:09:01Z" duration-ms="12483" status="PASS">
          <params>
            <param index="0">
              <value>
                <![CDATA[WIN]]>
              </value>
            </param>
            <param index="1">
              <value>
                <![CDATA[10]]>
              </value>
            </param>
            <param index="2">
              <value>
                <![CDATA[chrome]]>
              </value>
            </param>
            <param index="3">
              <value>
                <![CDATA[77]]>
              </value>
            </param>
          </params>
          <reporter-output>
            <line>
              <![CDATA[Opening browser: chrome]]>
            </line>
            <line>
              <![CDATA[Maximizing browser window]]>
            </line>
          </reporter-output>
        </test-method> <!-- setup -->
        <test-method is-config="true" signature="preSetup()[pri:0, instance:com.atmecs.qa.falcondashboard.testscript.TC19_ComponentOfProduct@5c39af67]" started-at="2020-02-07T14:08:49Z" name="preSetup" finished-at="2020-02-07T14:08:49Z" duration-ms="0" status="PASS">
          <reporter-output>
          </reporter-output>
        </test-method> <!-- preSetup -->
        <test-method signature="componentOfProduct()[pri:0, instance:com.atmecs.qa.falcondashboard.testscript.TC19_ComponentOfProduct@5c39af67]" started-at="2020-02-07T14:09:01Z" name="componentOfProduct" finished-at="2020-02-07T14:09:07Z" duration-ms="5507" status="PASS">
          <reporter-output>
            <line>
              <![CDATA[Successfully clicked on recent runs]]>
            </line>
            <line>
              <![CDATA[Successfully clicked on component]]>
            </line>
            <line>
              <![CDATA[Successfully validated component text]]>
            </line>
            <line>
              <![CDATA[Successfully clicked on component]]>
            </line>
          </reporter-output>
        </test-method> <!-- componentOfProduct -->
        <test-method is-config="true" signature="teardown()[pri:0, instance:com.atmecs.qa.falcondashboard.testscript.TC19_ComponentOfProduct@5c39af67]" started-at="2020-02-07T14:09:07Z" name="teardown" finished-at="2020-02-07T14:09:11Z" duration-ms="4474" status="PASS">
          <reporter-output>
          </reporter-output>
        </test-method> <!-- teardown -->
      </class> <!-- com.atmecs.qa.falcondashboard.testscript.TC19_ComponentOfProduct -->
    </test> <!-- SampleTest -->
  </suite> <!-- FalconDemo-Sample-WIN_10_chrome_77 (17) -->
  <suite started-at="2020-02-07T14:12:14Z" name="FalconDemo-Sample-WIN_10_chrome_77 (29)" finished-at="2020-02-07T14:12:33Z" duration-ms="18457">
    <groups>
    </groups>
    <test started-at="2020-02-07T14:12:14Z" name="SampleTest" finished-at="2020-02-07T14:12:33Z" duration-ms="18457">
      <class name="com.atmecs.qa.falcondashboard.testscript.TC31_FailedTestCases">
        <test-method is-config="true" signature="preSetup()[pri:0, instance:com.atmecs.qa.falcondashboard.testscript.TC31_FailedTestCases@709becd7]" started-at="2020-02-07T14:12:14Z" name="preSetup" finished-at="2020-02-07T14:12:14Z" duration-ms="0" status="PASS">
          <reporter-output>
          </reporter-output>
        </test-method> <!-- preSetup -->
        <test-method is-config="true" signature="setup(java.lang.String, java.lang.String, java.lang.String, java.lang.String)[pri:0, instance:com.atmecs.qa.falcondashboard.testscript.TC31_FailedTestCases@709becd7]" started-at="2020-02-07T14:12:14Z" name="setup" finished-at="2020-02-07T14:12:28Z" duration-ms="13687" status="PASS">
          <params>
            <param index="0">
              <value>
                <![CDATA[WIN]]>
              </value>
            </param>
            <param index="1">
              <value>
                <![CDATA[10]]>
              </value>
            </param>
            <param index="2">
              <value>
                <![CDATA[chrome]]>
              </value>
            </param>
            <param index="3">
              <value>
                <![CDATA[77]]>
              </value>
            </param>
          </params>
          <reporter-output>
            <line>
              <![CDATA[Opening browser: chrome]]>
            </line>
            <line>
              <![CDATA[Maximizing browser window]]>
            </line>
          </reporter-output>
        </test-method> <!-- setup -->
        <test-method signature="failTestCases()[pri:0, instance:com.atmecs.qa.falcondashboard.testscript.TC31_FailedTestCases@709becd7]" started-at="2020-02-07T14:12:28Z" name="failTestCases" finished-at="2020-02-07T14:12:33Z" duration-ms="4770" status="PASS">
          <reporter-output>
            <line>
              <![CDATA[Successfully clicked on product]]>
            </line>
            <line>
              <![CDATA[Successfully clicked dashboard slider]]>
            </line>
            <line>
              <![CDATA[Successfully clicked fail test cases]]>
            </line>
            <line>
              <![CDATA[Successfully validated Failed test cases]]>
            </line>
            <line>
              <![CDATA[Successfully validated fail message]]>
            </line>
          </reporter-output>
        </test-method> <!-- failTestCases -->
        <test-method is-config="true" signature="teardown()[pri:0, instance:com.atmecs.qa.falcondashboard.testscript.TC31_FailedTestCases@709becd7]" started-at="2020-02-07T14:12:33Z" name="teardown" finished-at="2020-02-07T14:12:33Z" duration-ms="586" status="PASS">
          <reporter-output>
          </reporter-output>
        </test-method> <!-- teardown -->
      </class> <!-- com.atmecs.qa.falcondashboard.testscript.TC31_FailedTestCases -->
    </test> <!-- SampleTest -->
  </suite> <!-- FalconDemo-Sample-WIN_10_chrome_77 (29) -->
  <suite started-at="2020-02-07T14:07:09Z" name="FalconDemo-Sample-WIN_10_chrome_77 (11)" finished-at="2020-02-07T14:07:24Z" duration-ms="14905">
    <groups>
    </groups>
    <test started-at="2020-02-07T14:07:09Z" name="SampleTest" finished-at="2020-02-07T14:07:24Z" duration-ms="14905">
      <class name="com.atmecs.qa.falcondashboard.testscript.TC13_PassedTestCases">
        <test-method is-config="true" signature="preSetup()[pri:0, instance:com.atmecs.qa.falcondashboard.testscript.TC13_PassedTestCases@d851fe7]" started-at="2020-02-07T14:07:09Z" name="preSetup" finished-at="2020-02-07T14:07:09Z" duration-ms="1" status="PASS">
          <reporter-output>
          </reporter-output>
        </test-method> <!-- preSetup -->
        <test-method is-config="true" signature="setup(java.lang.String, java.lang.String, java.lang.String, java.lang.String)[pri:0, instance:com.atmecs.qa.falcondashboard.testscript.TC13_PassedTestCases@d851fe7]" started-at="2020-02-07T14:07:09Z" name="setup" finished-at="2020-02-07T14:07:21Z" duration-ms="12306" status="PASS">
          <params>
            <param index="0">
              <value>
                <![CDATA[WIN]]>
              </value>
            </param>
            <param index="1">
              <value>
                <![CDATA[10]]>
              </value>
            </param>
            <param index="2">
              <value>
                <![CDATA[chrome]]>
              </value>
            </param>
            <param index="3">
              <value>
                <![CDATA[77]]>
              </value>
            </param>
          </params>
          <reporter-output>
            <line>
              <![CDATA[Opening browser: chrome]]>
            </line>
            <line>
              <![CDATA[Maximizing browser window]]>
            </line>
          </reporter-output>
        </test-method> <!-- setup -->
        <test-method signature="dropdownPassedTestCases()[pri:0, instance:com.atmecs.qa.falcondashboard.testscript.TC13_PassedTestCases@d851fe7]" started-at="2020-02-07T14:07:21Z" name="dropdownPassedTestCases" finished-at="2020-02-07T14:07:24Z" duration-ms="2598" status="PASS">
          <reporter-output>
            <line>
              <![CDATA[Successfully clicked on product]]>
            </line>
            <line>
              <![CDATA[Selected the pass status option]]>
            </line>
            <line>
              <![CDATA[Successfully validated pass status]]>
            </line>
          </reporter-output>
        </test-method> <!-- dropdownPassedTestCases -->
        <test-method is-config="true" signature="teardown()[pri:0, instance:com.atmecs.qa.falcondashboard.testscript.TC13_PassedTestCases@d851fe7]" started-at="2020-02-07T14:07:24Z" name="teardown" finished-at="2020-02-07T14:07:26Z" duration-ms="1580" status="PASS">
          <reporter-output>
          </reporter-output>
        </test-method> <!-- teardown -->
      </class> <!-- com.atmecs.qa.falcondashboard.testscript.TC13_PassedTestCases -->
    </test> <!-- SampleTest -->
  </suite> <!-- FalconDemo-Sample-WIN_10_chrome_77 (11) -->
  <suite started-at="2020-02-07T14:13:27Z" name="FalconDemo-Sample-WIN_10_chrome_77 (33)" finished-at="2020-02-07T14:13:43Z" duration-ms="15545">
    <groups>
    </groups>
    <test started-at="2020-02-07T14:13:27Z" name="SampleTest" finished-at="2020-02-07T14:13:43Z" duration-ms="15545">
      <class name="com.atmecs.qa.falcondashboard.testscript.TC35_LastRun">
        <test-method is-config="true" signature="preSetup()[pri:0, instance:com.atmecs.qa.falcondashboard.testscript.TC35_LastRun@67735eba]" started-at="2020-02-07T14:13:27Z" name="preSetup" finished-at="2020-02-07T14:13:27Z" duration-ms="1" status="PASS">
          <reporter-output>
          </reporter-output>
        </test-method> <!-- preSetup -->
        <test-method is-config="true" signature="setup(java.lang.String, java.lang.String, java.lang.String, java.lang.String)[pri:0, instance:com.atmecs.qa.falcondashboard.testscript.TC35_LastRun@67735eba]" started-at="2020-02-07T14:13:27Z" name="setup" finished-at="2020-02-07T14:13:40Z" duration-ms="12693" status="PASS">
          <params>
            <param index="0">
              <value>
                <![CDATA[WIN]]>
              </value>
            </param>
            <param index="1">
              <value>
                <![CDATA[10]]>
              </value>
            </param>
            <param index="2">
              <value>
                <![CDATA[chrome]]>
              </value>
            </param>
            <param index="3">
              <value>
                <![CDATA[77]]>
              </value>
            </param>
          </params>
          <reporter-output>
            <line>
              <![CDATA[Opening browser: chrome]]>
            </line>
            <line>
              <![CDATA[Maximizing browser window]]>
            </line>
          </reporter-output>
        </test-method> <!-- setup -->
        <test-method signature="lastRun()[pri:0, instance:com.atmecs.qa.falcondashboard.testscript.TC35_LastRun@67735eba]" started-at="2020-02-07T14:13:40Z" name="lastRun" finished-at="2020-02-07T14:13:43Z" duration-ms="2851" status="PASS">
          <reporter-output>
            <line>
              <![CDATA[Successfully clicked on the recent runs]]>
            </line>
            <line>
              <![CDATA[Successfully validated the last run]]>
            </line>
            <line>
              <![CDATA[Successfully clicked on the last runs]]>
            </line>
          </reporter-output>
        </test-method> <!-- lastRun -->
        <test-method is-config="true" signature="teardown()[pri:0, instance:com.atmecs.qa.falcondashboard.testscript.TC35_LastRun@67735eba]" started-at="2020-02-07T14:13:43Z" name="teardown" finished-at="2020-02-07T14:13:44Z" duration-ms="1090" status="PASS">
          <reporter-output>
          </reporter-output>
        </test-method> <!-- teardown -->
      </class> <!-- com.atmecs.qa.falcondashboard.testscript.TC35_LastRun -->
    </test> <!-- SampleTest -->
  </suite> <!-- FalconDemo-Sample-WIN_10_chrome_77 (33) -->
  <suite started-at="2020-02-07T14:04:20Z" name="FalconDemo-Sample-WIN_10_chrome_77 (1)" finished-at="2020-02-07T14:04:34Z" duration-ms="14874">
    <groups>
    </groups>
    <test started-at="2020-02-07T14:04:20Z" name="SampleTest" finished-at="2020-02-07T14:04:34Z" duration-ms="14874">
      <class name="com.atmecs.qa.falcondashboard.testscript.TC03_TestCases">
        <test-method is-config="true" signature="preSetup()[pri:0, instance:com.atmecs.qa.falcondashboard.testscript.TC03_TestCases@318ea7c1]" started-at="2020-02-07T14:04:20Z" name="preSetup" finished-at="2020-02-07T14:04:20Z" duration-ms="0" status="PASS">
          <reporter-output>
          </reporter-output>
        </test-method> <!-- preSetup -->
        <test-method is-config="true" signature="setup(java.lang.String, java.lang.String, java.lang.String, java.lang.String)[pri:0, instance:com.atmecs.qa.falcondashboard.testscript.TC03_TestCases@318ea7c1]" started-at="2020-02-07T14:04:20Z" name="setup" finished-at="2020-02-07T14:04:32Z" duration-ms="12532" status="PASS">
          <params>
            <param index="0">
              <value>
                <![CDATA[WIN]]>
              </value>
            </param>
            <param index="1">
              <value>
                <![CDATA[10]]>
              </value>
            </param>
            <param index="2">
              <value>
                <![CDATA[chrome]]>
              </value>
            </param>
            <param index="3">
              <value>
                <![CDATA[77]]>
              </value>
            </param>
          </params>
          <reporter-output>
            <line>
              <![CDATA[Opening browser: chrome]]>
            </line>
            <line>
              <![CDATA[Maximizing browser window]]>
            </line>
          </reporter-output>
        </test-method> <!-- setup -->
        <test-method signature="numberofTestCasesOfProduct()[pri:0, instance:com.atmecs.qa.falcondashboard.testscript.TC03_TestCases@318ea7c1]" started-at="2020-02-07T14:04:32Z" name="numberofTestCasesOfProduct" finished-at="2020-02-07T14:04:34Z" duration-ms="2342" status="PASS">
          <reporter-output>
            <line>
              <![CDATA[PASS : Successfully validaetd the test cases : ACTUAL : 10,1,2,2,1,1,4,10,2,12,1,1,4,1,1,0,2,2,1,4,4,0,1,6,6,6,4,1,1,1,7,9,2,1,8,10,10,1,4,2,1,8,4,2,1,1,1,1,6,2,1,2,2,1,5 EXPECTED :10,1,2,2,1,1,4,10,2,12,1,1,4,1,1,0,2,2,1,4,4,0,1,6,6,6,4,1,1,1,7,9,2,1,8,10,10,1,4,2,1,8,4,2,1,1,1,1,6,2,1,2,2,1,5]]>
            </line>
            <line>
              <![CDATA[Successfully valdated all the test cases]]>
            </line>
            <line>
              <![CDATA[Successfully mouse hovered the test cases]]>
            </line>
            <line>
              <![CDATA[PASS : Successfully displayed the test cases message : ACTUAL : Total Test Cases EXPECTED :Total Test Cases]]>
            </line>
          </reporter-output>
        </test-method> <!-- numberofTestCasesOfProduct -->
        <test-method is-config="true" signature="teardown()[pri:0, instance:com.atmecs.qa.falcondashboard.testscript.TC03_TestCases@318ea7c1]" started-at="2020-02-07T14:04:34Z" name="teardown" finished-at="2020-02-07T14:04:35Z" duration-ms="667" status="PASS">
          <reporter-output>
          </reporter-output>
        </test-method> <!-- teardown -->
      </class> <!-- com.atmecs.qa.falcondashboard.testscript.TC03_TestCases -->
    </test> <!-- SampleTest -->
  </suite> <!-- FalconDemo-Sample-WIN_10_chrome_77 (1) -->
  <suite started-at="2020-02-07T14:10:33Z" name="FalconDemo-Sample-WIN_10_chrome_77 (23)" finished-at="2020-02-07T14:10:50Z" duration-ms="17396">
    <groups>
    </groups>
    <test started-at="2020-02-07T14:10:33Z" name="SampleTest" finished-at="2020-02-07T14:10:50Z" duration-ms="17396">
      <class name="com.atmecs.qa.falcondashboard.testscript.TC25_StepsOfProduct">
[...]
            <line>
              <![CDATA[PASS : Successfully validated the medium of the product : ACTUAL :  Web Services  EXPECTED : Web Services ]]>
            </line>
            <line>
              <![CDATA[Successfully validated the medium of the product]]>
            </line>
          </reporter-output>
        </test-method> <!-- mediumOfProduct -->
        <test-method is-config="true" signature="teardown()[pri:0, instance:com.atmecs.qa.falcondashboard.testscript.TC06_MediumOfProduct@52ad95ce]" started-at="2020-02-07T14:05:27Z" name="teardown" finished-at="2020-02-07T14:05:28Z" duration-ms="600" status="PASS">
          <reporter-output>
          </reporter-output>
        </test-method> <!-- teardown -->
      </class> <!-- com.atmecs.qa.falcondashboard.testscript.TC06_MediumOfProduct -->
    </test> <!-- SampleTest -->
  </suite> <!-- FalconDemo-Sample-WIN_10_chrome_77 (4) -->
  <suite started-at="2020-02-07T14:12:33Z" name="FalconDemo-Sample-WIN_10_chrome_77 (30)" finished-at="2020-02-07T14:12:48Z" duration-ms="14803">
    <groups>
    </groups>
    <test started-at="2020-02-07T14:12:33Z" name="SampleTest" finished-at="2020-02-07T14:12:48Z" duration-ms="14803">
      <class name="com.atmecs.qa.falcondashboard.testscript.TC32_ColorOfSkippedTestCases">
        <test-method is-config="true" signature="setup(java.lang.String, java.lang.String, java.lang.String, java.lang.String)[pri:0, instance:com.atmecs.qa.falcondashboard.testscript.TC32_ColorOfSkippedTestCases@4e7f7e8]" started-at="2020-02-07T14:12:33Z" name="setup" finished-at="2020-02-07T14:12:46Z" duration-ms="12483" status="PASS">
          <params>
            <param index="0">
              <value>
                <![CDATA[WIN]]>
              </value>
            </param>
            <param index="1">
              <value>
                <![CDATA[10]]>
              </value>
            </param>
            <param index="2">
              <value>
                <![CDATA[chrome]]>
              </value>
            </param>
            <param index="3">
              <value>
                <![CDATA[77]]>
              </value>
            </param>
          </params>
          <reporter-output>
            <line>
              <![CDATA[Opening browser: chrome]]>
            </line>
            <line>
              <![CDATA[Maximizing browser window]]>
            </line>
          </reporter-output>
        </test-method> <!-- setup -->
        <test-method is-config="true" signature="preSetup()[pri:0, instance:com.atmecs.qa.falcondashboard.testscript.TC32_ColorOfSkippedTestCases@4e7f7e8]" started-at="2020-02-07T14:12:33Z" name="preSetup" finished-at="2020-02-07T14:12:33Z" duration-ms="0" status="PASS">
          <reporter-output>
          </reporter-output>
        </test-method> <!-- preSetup -->
        <test-method signature="colorofSkippedTestCases()[pri:0, instance:com.atmecs.qa.falcondashboard.testscript.TC32_ColorOfSkippedTestCases@4e7f7e8]" started-at="2020-02-07T14:12:46Z" name="colorofSkippedTestCases" finished-at="2020-02-07T14:12:48Z" duration-ms="2318" status="PASS">
          <reporter-output>
            <line>
              <![CDATA[Successfully clicked on product]]>
            </line>
            <line>
              <![CDATA[Successfully selected dashboard option]]>
            </line>
            <line>
              <![CDATA[PASS : Successfully validated the color of the skip test cases box : ACTUAL : rgba(33, 150, 243, 1) EXPECTED :rgba(33, 150, 243, 1)]]>
            </line>
            <line>
              <![CDATA[Successfully validated the color of the skip test cases box]]>
            </line>
          </reporter-output>
        </test-method> <!-- colorofSkippedTestCases -->
        <test-method is-config="true" signature="teardown()[pri:0, instance:com.atmecs.qa.falcondashboard.testscript.TC32_ColorOfSkippedTestCases@4e7f7e8]" started-at="2020-02-07T14:12:48Z" name="teardown" finished-at="2020-02-07T14:12:49Z" duration-ms="1082" status="PASS">
          <reporter-output>
          </reporter-output>
        </test-method> <!-- teardown -->
      </class> <!-- com.atmecs.qa.falcondashboard.testscript.TC32_ColorOfSkippedTestCases -->
    </test> <!-- SampleTest -->
  </suite> <!-- FalconDemo-Sample-WIN_10_chrome_77 (30) -->
  <suite started-at="2020-02-07T14:05:43Z" name="FalconDemo-Sample-WIN_10_chrome_77 (6)" finished-at="2020-02-07T14:05:57Z" duration-ms="13937">
    <groups>
    </groups>
    <test started-at="2020-02-07T14:05:43Z" name="SampleTest" finished-at="2020-02-07T14:05:57Z" duration-ms="13937">
      <class name="com.atmecs.qa.falcondashboard.testscript.TC08_DashboardSlidder">
        <test-method is-config="true" signature="preSetup()[pri:0, instance:com.atmecs.qa.falcondashboard.testscript.TC08_DashboardSlidder@601fd8d1]" started-at="2020-02-07T14:05:43Z" name="preSetup" finished-at="2020-02-07T14:05:43Z" duration-ms="1" status="PASS">
          <reporter-output>
          </reporter-output>
        </test-method> <!-- preSetup -->
        <test-method is-config="true" signature="setup(java.lang.String, java.lang.String, java.lang.String, java.lang.String)[pri:0, instance:com.atmecs.qa.falcondashboard.testscript.TC08_DashboardSlidder@601fd8d1]" started-at="2020-02-07T14:05:43Z" name="setup" finished-at="2020-02-07T14:05:55Z" duration-ms="11991" status="PASS">
          <params>
            <param index="0">
              <value>
                <![CDATA[WIN]]>
              </value>
            </param>
            <param index="1">
              <value>
                <![CDATA[10]]>
              </value>
            </param>
            <param index="2">
              <value>
                <![CDATA[chrome]]>
              </value>
            </param>
            <param index="3">
              <value>
                <![CDATA[77]]>
              </value>
            </param>
          </params>
          <reporter-output>
            <line>
              <![CDATA[Opening browser: chrome]]>
            </line>
            <line>
              <![CDATA[Maximizing browser window]]>
            </line>
          </reporter-output>
        </test-method> <!-- setup -->
        <test-method signature="dashboardSlidder()[pri:0, instance:com.atmecs.qa.falcondashboard.testscript.TC08_DashboardSlidder@601fd8d1]" started-at="2020-02-07T14:05:55Z" name="dashboardSlidder" finished-at="2020-02-07T14:05:57Z" duration-ms="1945" status="PASS">
          <reporter-output>
            <line>
              <![CDATA[Successfully clicked on the product]]>
            </line>
            <line>
              <![CDATA[Successfully selected dashboard option]]>
            </line>
          </reporter-output>
        </test-method> <!-- dashboardSlidder -->
        <test-method is-config="true" signature="teardown()[pri:0, instance:com.atmecs.qa.falcondashboard.testscript.TC08_DashboardSlidder@601fd8d1]" started-at="2020-02-07T14:05:57Z" name="teardown" finished-at="2020-02-07T14:06:02Z" duration-ms="4930" status="PASS">
          <reporter-output>
          </reporter-output>
        </test-method> <!-- teardown -->
      </class> <!-- com.atmecs.qa.falcondashboard.testscript.TC08_DashboardSlidder -->
    </test> <!-- SampleTest -->
  </suite> <!-- FalconDemo-Sample-WIN_10_chrome_77 (6) -->
  <suite started-at="2020-02-07T14:09:45Z" name="FalconDemo-Sample-WIN_10_chrome_77 (20)" finished-at="2020-02-07T14:09:59Z" duration-ms="14227">
    <groups>
    </groups>
    <test started-at="2020-02-07T14:09:45Z" name="SampleTest" finished-at="2020-02-07T14:09:59Z" duration-ms="14227">
      <class name="com.atmecs.qa.falcondashboard.testscript.TC22_DeleteOption">
        <test-method is-config="true" signature="preSetup()[pri:0, instance:com.atmecs.qa.falcondashboard.testscript.TC22_DeleteOption@225f1596]" started-at="2020-02-07T14:09:45Z" name="preSetup" finished-at="2020-02-07T14:09:45Z" duration-ms="0" status="PASS">
          <reporter-output>
          </reporter-output>
        </test-method> <!-- preSetup -->
        <test-method is-config="true" signature="setup(java.lang.String, java.lang.String, java.lang.String, java.lang.String)[pri:0, instance:com.atmecs.qa.falcondashboard.testscript.TC22_DeleteOption@225f1596]" started-at="2020-02-07T14:09:45Z" name="setup" finished-at="2020-02-07T14:09:58Z" duration-ms="12689" status="PASS">
          <params>
            <param index="0">
              <value>
                <![CDATA[WIN]]>
              </value>
            </param>
            <param index="1">
              <value>
                <![CDATA[10]]>
              </value>
            </param>
            <param index="2">
              <value>
                <![CDATA[chrome]]>
              </value>
            </param>
            <param index="3">
              <value>
                <![CDATA[77]]>
              </value>
            </param>
          </params>
          <reporter-output>
            <line>
              <![CDATA[Opening browser: chrome]]>
            </line>
            <line>
              <![CDATA[Maximizing browser window]]>
            </line>
          </reporter-output>
        </test-method> <!-- setup -->
        <test-method signature="deleteOption()[pri:0, instance:com.atmecs.qa.falcondashboard.testscript.TC22_DeleteOption@225f1596]" started-at="2020-02-07T14:09:58Z" name="deleteOption" finished-at="2020-02-07T14:09:59Z" duration-ms="1538" status="PASS">
          <reporter-output>
            <line>
              <![CDATA[Successfully clicked on recent runs]]>
            </line>
            <line>
              <![CDATA[Successfully mouse hovered over the deletet option]]>
            </line>
            <line>
              <![CDATA[PASS : Successfully displayed the test cases message : ACTUAL : Delete Run EXPECTED :Delete Run]]>
            </line>
          </reporter-output>
        </test-method> <!-- deleteOption -->
        <test-method is-config="true" signature="teardown()[pri:0, instance:com.atmecs.qa.falcondashboard.testscript.TC22_DeleteOption@225f1596]" started-at="2020-02-07T14:10:00Z" name="teardown" finished-at="2020-02-07T14:10:04Z" duration-ms="4864" status="PASS">
          <reporter-output>
          </reporter-output>
        </test-method> <!-- teardown -->
      </class> <!-- com.atmecs.qa.falcondashboard.testscript.TC22_DeleteOption -->
    </test> <!-- SampleTest -->
  </suite> <!-- FalconDemo-Sample-WIN_10_chrome_77 (20) -->
  <suite started-at="2020-02-07T14:06:50Z" name="FalconDemo-Sample-WIN_10_chrome_77 (10)" finished-at="2020-02-07T14:07:05Z" duration-ms="14932">
    <groups>
    </groups>
    <test started-at="2020-02-07T14:06:50Z" name="SampleTest" finished-at="2020-02-07T14:07:05Z" duration-ms="14932">
      <class name="com.atmecs.qa.falcondashboard.testscript.TC12_DateOfExecution">
        <test-method is-config="true" signature="preSetup()[pri:0, instance:com.atmecs.qa.falcondashboard.testscript.TC12_DateOfExecution@3400379f]" started-at="2020-02-07T14:06:50Z" name="preSetup" finished-at="2020-02-07T14:06:50Z" duration-ms="0" status="PASS">
          <reporter-output>
          </reporter-output>
        </test-method> <!-- preSetup -->
        <test-method is-config="true" signature="setup(java.lang.String, java.lang.String, java.lang.String, java.lang.String)[pri:0, instance:com.atmecs.qa.falcondashboard.testscript.TC12_DateOfExecution@3400379f]" started-at="2020-02-07T14:06:50Z" name="setup" finished-at="2020-02-07T14:07:02Z" duration-ms="12536" status="PASS">
          <params>
            <param index="0">
              <value>
                <![CDATA[WIN]]>
              </value>
            </param>
            <param index="1">
              <value>
                <![CDATA[10]]>
              </value>
            </param>
            <param index="2">
              <value>
                <![CDATA[chrome]]>
              </value>
            </param>
            <param index="3">
              <value>
                <![CDATA[77]]>
              </value>
            </param>
          </params>
          <reporter-output>
            <line>
              <![CDATA[Opening browser: chrome]]>
            </line>
            <line>
              <![CDATA[Maximizing browser window]]>
            </line>
          </reporter-output>
        </test-method> <!-- setup -->
        <test-method signature="dateOfExecution()[pri:0, instance:com.atmecs.qa.falcondashboard.testscript.TC12_DateOfExecution@3400379f]" started-at="2020-02-07T14:07:02Z" name="dateOfExecution" finished-at="2020-02-07T14:07:05Z" duration-ms="2396" status="PASS">
          <reporter-output>
            <line>
              <![CDATA[Successfully clicked on product]]>
            </line>
            <line>
              <![CDATA[Successfully displayed day and date of product]]>
            </line>
            <line>
              <![CDATA[PASS : Successfully validated the date : ACTUAL : Feb7,2020 EXPECTED :Feb7,2020]]>
            </line>
            <line>
              <![CDATA[Successfully validated the date]]>
            </line>
          </reporter-output>
        </test-method> <!-- dateOfExecution -->
        <test-method is-config="true" signature="teardown()[pri:0, instance:com.atmecs.qa.falcondashboard.testscript.TC12_DateOfExecution@3400379f]" started-at="2020-02-07T14:07:05Z" name="teardown" finished-at="2020-02-07T14:07:09Z" duration-ms="4491" status="PASS">
          <reporter-output>
          </reporter-output>
        </test-method> <!-- teardown -->
      </class> <!-- com.atmecs.qa.falcondashboard.testscript.TC12_DateOfExecution -->
    </test> <!-- SampleTest -->
  </suite> <!-- FalconDemo-Sample-WIN_10_chrome_77 (10) -->
  <suite started-at="2020-02-07T14:13:12Z" name="FalconDemo-Sample-WIN_10_chrome_77 (32)" finished-at="2020-02-07T14:13:27Z" duration-ms="14856">
    <groups>
    </groups>
    <test started-at="2020-02-07T14:13:12Z" name="SampleTest" finished-at="2020-02-07T14:13:27Z" duration-ms="14856">
      <class name="com.atmecs.qa.falcondashboard.testscript.TC34_ViewPage">
        <test-method is-config="true" signature="preSetup()[pri:0, instance:com.atmecs.qa.falcondashboard.testscript.TC34_ViewPage@62eaf578]" started-at="2020-02-07T14:13:12Z" name="preSetup" finished-at="2020-02-07T14:13:12Z" duration-ms="0" status="PASS">
          <reporter-output>
          </reporter-output>
        </test-method> <!-- preSetup -->
        <test-method is-config="true" signature="setup(java.lang.String, java.lang.String, java.lang.String, java.lang.String)[pri:0, instance:com.atmecs.qa.falcondashboard.testscript.TC34_ViewPage@62eaf578]" started-at="2020-02-07T14:13:12Z" name="setup" finished-at="2020-02-07T14:13:24Z" duration-ms="12121" status="PASS">
          <params>
            <param index="0">
              <value>
                <![CDATA[WIN]]>
              </value>
            </param>
            <param index="1">
              <value>
                <![CDATA[10]]>
              </value>
            </param>
            <param index="2">
              <value>
                <![CDATA[chrome]]>
              </value>
            </param>
            <param index="3">
              <value>
                <![CDATA[77]]>
              </value>
            </param>
          </params>
          <reporter-output>
            <line>
              <![CDATA[Opening browser: chrome]]>
            </line>
            <line>
              <![CDATA[Maximizing browser window]]>
            </line>
          </reporter-output>
        </test-method> <!-- setup -->
        <test-method signature="viewPage()[pri:0, instance:com.atmecs.qa.falcondashboard.testscript.TC34_ViewPage@62eaf578]" started-at="2020-02-07T14:13:24Z" name="viewPage" finished-at="2020-02-07T14:13:27Z" duration-ms="2733" status="PASS">
          <reporter-output>
            <line>
              <![CDATA[Successfully validated views]]>
            </line>
            <line>
              <![CDATA[Successfully validated the views panel title]]>
            </line>
            <line>
              <![CDATA[Clicked on download option]]>
            </line>
            <line>
              <![CDATA[Successfully selected dashboard option]]>
            </line>
          </reporter-output>
        </test-method> <!-- viewPage -->
        <test-method is-config="true" signature="teardown()[pri:0, instance:com.atmecs.qa.falcondashboard.testscript.TC34_ViewPage@62eaf578]" started-at="2020-02-07T14:13:27Z" name="teardown" finished-at="2020-02-07T14:13:27Z" duration-ms="311" status="PASS">
          <reporter-output>
          </reporter-output>
        </test-method> <!-- teardown -->
      </class> <!-- com.atmecs.qa.falcondashboard.testscript.TC34_ViewPage -->
    </test> <!-- SampleTest -->
  </suite> <!-- FalconDemo-Sample-WIN_10_chrome_77 (32) -->
  <suite started-at="2020-02-07T14:06:17Z" name="FalconDemo-Sample-WIN_10_chrome_77 (8)" finished-at="2020-02-07T14:06:33Z" duration-ms="15371">
    <groups>
    </groups>
    <test started-at="2020-02-07T14:06:17Z" name="SampleTest" finished-at="2020-02-07T14:06:33Z" duration-ms="15371">
      <class name="com.atmecs.qa.falcondashboard.testscript.TC10_TestPhase">
        <test-method is-config="true" signature="preSetup()[pri:0, instance:com.atmecs.qa.falcondashboard.testscript.TC10_TestPhase@31caba0]" started-at="2020-02-07T14:06:17Z" name="preSetup" finished-at="2020-02-07T14:06:17Z" duration-ms="0" status="PASS">
          <reporter-output>
          </reporter-output>
        </test-method> <!-- preSetup -->
        <test-method is-config="true" signature="setup(java.lang.String, java.lang.String, java.lang.String, java.lang.String)[pri:0, instance:com.atmecs.qa.falcondashboard.testscript.TC10_TestPhase@31caba0]" started-at="2020-02-07T14:06:17Z" name="setup" finished-at="2020-02-07T14:06:30Z" duration-ms="12649" status="PASS">
          <params>
            <param index="0">
              <value>
                <![CDATA[WIN]]>
              </value>
            </param>
            <param index="1">
              <value>
                <![CDATA[10]]>
              </value>
            </param>
            <param index="2">
              <value>
                <![CDATA[chrome]]>
              </value>
            </param>
            <param index="3">
              <value>
                <![CDATA[77]]>
              </value>
            </param>
          </params>
          <reporter-output>
            <line>
              <![CDATA[Opening browser: chrome]]>
            </line>
            <line>
              <![CDATA[Maximizing browser window]]>
            </line>
          </reporter-output>
        </test-method> <!-- setup -->
        <test-method signature="testPhase()[pri:0, instance:com.atmecs.qa.falcondashboard.testscript.TC10_TestPhase@31caba0]" started-at="2020-02-07T14:06:30Z" name="testPhase" finished-at="2020-02-07T14:06:33Z" duration-ms="2722" status="PASS">
          <reporter-output>
            <line>
              <![CDATA[Successfully clicked on the product]]>
            </line>
            <line>
              <![CDATA[Successfully selected dashboard option]]>
            </line>
            <line>
              <![CDATA[Successfully validated the test phase of the product]]>
            </line>
          </reporter-output>
        </test-method> <!-- testPhase -->
        <test-method is-config="true" signature="teardown()[pri:0, instance:com.atmecs.qa.falcondashboard.testscript.TC10_TestPhase@31caba0]" started-at="2020-02-07T14:06:33Z" name="teardown" finished-at="2020-02-07T14:06:34Z" duration-ms="1475" status="PASS">
          <reporter-output>
          </reporter-output>
        </test-method> <!-- teardown -->
      </class> <!-- com.atmecs.qa.falcondashboard.testscript.TC10_TestPhase -->
    </test> <!-- SampleTest -->
  </suite> <!-- FalconDemo-Sample-WIN_10_chrome_77 (8) -->
</testng-results>
