<?xml version="1.0" encoding="UTF-8"?>
<testng-results ignored="0" total="38" passed="38" failed="0" skipped="0">
  <reporter-output>
    <line>
      <![CDATA[INFO: The value found with Environment variable FalconDemo is: FalconDemo]]>
    </line>
    <line>
      <![CDATA[INFO: The value found with Environment Module variable 01_dashboardpage,02_productclicking,03_testcases,04_percentagecompleted,05_productpage,06_mediumofproduct,07_dropdown,08_dashboardslidder,09_environment,10_testphase,11_download,12_executiondate,13_passtestcase,14_failtestcase,15_skiptestcase,16_mainnavigation,17_recentruns,18_productName,19_component,20_failtestcase,21_passpercentage,22_deleteoption,23_refresh,24_productsnapshot,25_stepsofproduct,26_coloroftotaltestcases,27_totaltestcases,28_colorofpasstestcases,29_passtestcases,30_coloroffailtestcases,31_failtestcases,32_colorofskiptestcases,33_skiptestcases,34_views,35_lastruns,36_starttime,37_endtime,38_maximizewindow is: 01_dashboardpage,02_productclicking,03_testcases,04_percentagecompleted,05_productpage,06_mediumofproduct,07_dropdown,08_dashboardslidder,09_environment,10_testphase,11_download,12_executiondate,13_passtestcase,14_failtestcase,15_skiptestcase,16_mainnavigation,17_recentruns,18_productName,19_component,20_failtestcase,21_passpercentage,22_deleteoption,23_refresh,24_productsnapshot,25_stepsofproduct,26_coloroftotaltestcases,27_totaltestcases,28_colorofpasstestcases,29_passtestcases,30_coloroffailtestcases,31_failtestcases,32_colorofskiptestcases,33_skiptestcases,34_views,35_lastruns,36_starttime,37_endtime,38_maximizewindow]]>
    </line>
    <line>
      <![CDATA[The value found with Environment variable WIN_10_chrome_77 is: WIN_10_chrome_77]]>
    </line>
    <line>
      <![CDATA[INFO: Clients Found: [FalconDemo]
]]>
    </line>
    <line>
      <![CDATA[INFO: Modules Selected: [01_dashboardpage, 02_productclicking, 03_testcases, 04_percentagecompleted, 05_productpage, 06_mediumofproduct, 07_dropdown, 08_dashboardslidder, 09_environment, 10_testphase, 11_download, 12_executiondate, 13_passtestcase, 14_failtestcase, 15_skiptestcase, 16_mainnavigation, 17_recentruns, 18_productName, 19_component, 20_failtestcase, 21_passpercentage, 22_deleteoption, 23_refresh, 24_productsnapshot, 25_stepsofproduct, 26_coloroftotaltestcases, 27_totaltestcases, 28_colorofpasstestcases, 29_passtestcases, 30_coloroffailtestcases, 31_failtestcases, 32_colorofskiptestcases, 33_skiptestcases, 34_views, 35_lastruns, 36_starttime, 37_endtime, 38_maximizewindow]
]]>
    </line>
    <line>
      <![CDATA[INFO: New Suite Created with name: FalconDemo-Sample-WIN_10_chrome_77]]>
    </line>
    <line>
      <![CDATA[<?xml version="1.0" encoding="UTF-8"?>
<!DOCTYPE suite SYSTEM "http://testng.org/testng-1.0.dtd">
<suite name="FalconDemo-Sample-WIN_10_chrome_77">
  <parameter name="os" value="WIN"/>
  <parameter name="osVersion" value="10"/>
  <parameter name="browser" value="chrome"/>
  <parameter name="browserVersion" value="77"/>
  <test thread-count="5" name="SampleTest">
    <classes>
      <class name="com.atmecs.qa.falcondashboard.testscript.TC01_DashBoardPage"/>
    </classes>
  </test> <!-- SampleTest -->
</suite> <!-- FalconDemo-Sample-WIN_10_chrome_77 -->
]]>
    </line>
    <line>
      <![CDATA[INFO: New Suite Created with name: FalconDemo-Sample-WIN_10_chrome_77]]>
    </line>
    <line>
      <![CDATA[<?xml version="1.0" encoding="UTF-8"?>
<!DOCTYPE suite SYSTEM "http://testng.org/testng-1.0.dtd">
<suite name="FalconDemo-Sample-WIN_10_chrome_77">
  <parameter name="os" value="WIN"/>
  <parameter name="osVersion" value="10"/>
  <parameter name="browser" value="chrome"/>
  <parameter name="browserVersion" value="77"/>
  <test thread-count="5" name="SampleTest">
    <classes>
      <class name="com.atmecs.qa.falcondashboard.testscript.TC02_ClickingProduct"/>
    </classes>
  </test> <!-- SampleTest -->
</suite> <!-- FalconDemo-Sample-WIN_10_chrome_77 -->
]]>
    </line>
    <line>
      <![CDATA[INFO: New Suite Created with name: FalconDemo-Sample-WIN_10_chrome_77]]>
    </line>
    <line>
      <![CDATA[<?xml version="1.0" encoding="UTF-8"?>
<!DOCTYPE suite SYSTEM "http://testng.org/testng-1.0.dtd">
<suite name="FalconDemo-Sample-WIN_10_chrome_77">
  <parameter name="os" value="WIN"/>
  <parameter name="osVersion" value="10"/>
  <parameter name="browser" value="chrome"/>
  <parameter name="browserVersion" value="77"/>
  <test thread-count="5" name="SampleTest">
    <classes>
      <class name="com.atmecs.qa.falcondashboard.testscript.TC03_TestCases"/>
    </classes>
  </test> <!-- SampleTest -->
</suite> <!-- FalconDemo-Sample-WIN_10_chrome_77 -->
]]>
    </line>
    <line>
      <![CDATA[INFO: New Suite Created with name: FalconDemo-Sample-WIN_10_chrome_77]]>
    </line>
    <line>
      <![CDATA[<?xml version="1.0" encoding="UTF-8"?>
<!DOCTYPE suite SYSTEM "http://testng.org/testng-1.0.dtd">
<suite name="FalconDemo-Sample-WIN_10_chrome_77">
  <parameter name="os" value="WIN"/>
  <parameter name="osVersion" value="10"/>
  <parameter name="browser" value="chrome"/>
  <parameter name="browserVersion" value="77"/>
  <test thread-count="5" name="SampleTest">
    <classes>
      <class name="com.atmecs.qa.falcondashboard.testscript.TC04_ProductPercentage"/>
    </classes>
  </test> <!-- SampleTest -->
</suite> <!-- FalconDemo-Sample-WIN_10_chrome_77 -->
]]>
    </line>
    <line>
      <![CDATA[INFO: New Suite Created with name: FalconDemo-Sample-WIN_10_chrome_77]]>
    </line>
    <line>
      <![CDATA[<?xml version="1.0" encoding="UTF-8"?>
<!DOCTYPE suite SYSTEM "http://testng.org/testng-1.0.dtd">
<suite name="FalconDemo-Sample-WIN_10_chrome_77">
  <parameter name="os" value="WIN"/>
  <parameter name="osVersion" value="10"/>
  <parameter name="browser" value="chrome"/>
  <parameter name="browserVersion" value="77"/>
  <test thread-count="5" name="SampleTest">
    <classes>
      <class name="com.atmecs.qa.falcondashboard.testscript.TC05_ProductPage"/>
    </classes>
  </test> <!-- SampleTest -->
</suite> <!-- FalconDemo-Sample-WIN_10_chrome_77 -->
]]>
    </line>
    <line>
      <![CDATA[INFO: New Suite Created with name: FalconDemo-Sample-WIN_10_chrome_77]]>
    </line>
    <line>
      <![CDATA[<?xml version="1.0" encoding="UTF-8"?>
<!DOCTYPE suite SYSTEM "http://testng.org/testng-1.0.dtd">
<suite name="FalconDemo-Sample-WIN_10_chrome_77">
  <parameter name="os" value="WIN"/>
  <parameter name="osVersion" value="10"/>
  <parameter name="browser" value="chrome"/>
  <parameter name="browserVersion" value="77"/>
  <test thread-count="5" name="SampleTest">
    <classes>
      <class name="com.atmecs.qa.falcondashboard.testscript.TC06_ProductMedium"/>
    </classes>
  </test> <!-- SampleTest -->
</suite> <!-- FalconDemo-Sample-WIN_10_chrome_77 -->
]]>
    </line>
    <line>
      <![CDATA[INFO: New Suite Created with name: FalconDemo-Sample-WIN_10_chrome_77]]>
    </line>
    <line>
      <![CDATA[<?xml version="1.0" encoding="UTF-8"?>
<!DOCTYPE suite SYSTEM "http://testng.org/testng-1.0.dtd">
<suite name="FalconDemo-Sample-WIN_10_chrome_77">
  <parameter name="os" value="WIN"/>
  <parameter name="osVersion" value="10"/>
  <parameter name="browser" value="chrome"/>
  <parameter name="browserVersion" value="77"/>
  <test thread-count="5" name="SampleTest">
    <classes>
      <class name="com.atmecs.qa.falcondashboard.testscript.TC07_Dropdowns"/>
    </classes>
  </test> <!-- SampleTest -->
</suite> <!-- FalconDemo-Sample-WIN_10_chrome_77 -->
]]>
    </line>
    <line>
      <![CDATA[INFO: New Suite Created with name: FalconDemo-Sample-WIN_10_chrome_77]]>
    </line>
    <line>
      <![CDATA[<?xml version="1.0" encoding="UTF-8"?>
<!DOCTYPE suite SYSTEM "http://testng.org/testng-1.0.dtd">
<suite name="FalconDemo-Sample-WIN_10_chrome_77">
  <parameter name="os" value="WIN"/>
  <parameter name="osVersion" value="10"/>
  <parameter name="browser" value="chrome"/>
  <parameter name="browserVersion" value="77"/>
  <test thread-count="5" name="SampleTest">
    <classes>
      <class name="com.atmecs.qa.falcondashboard.testscript.TC08_DashboardSlidder"/>
    </classes>
  </test> <!-- SampleTest -->
</suite> <!-- FalconDemo-Sample-WIN_10_chrome_77 -->
]]>
    </line>
    <line>
      <![CDATA[INFO: New Suite Created with name: FalconDemo-Sample-WIN_10_chrome_77]]>
    </line>
    <line>
      <![CDATA[<?xml version="1.0" encoding="UTF-8"?>
<!DOCTYPE suite SYSTEM "http://testng.org/testng-1.0.dtd">
<suite name="FalconDemo-Sample-WIN_10_chrome_77">
  <parameter name="os" value="WIN"/>
  <parameter name="osVersion" value="10"/>
  <parameter name="browser" value="chrome"/>
  <parameter name="browserVersion" value="77"/>
  <test thread-count="5" name="SampleTest">
    <classes>
      <class name="com.atmecs.qa.falcondashboard.testscript.TC09_ProductEnvironment"/>
    </classes>
  </test> <!-- SampleTest -->
</suite> <!-- FalconDemo-Sample-WIN_10_chrome_77 -->
]]>
    </line>
    <line>
      <![CDATA[INFO: New Suite Created with name: FalconDemo-Sample-WIN_10_chrome_77]]>
    </line>
    <line>
      <![CDATA[<?xml version="1.0" encoding="UTF-8"?>
<!DOCTYPE suite SYSTEM "http://testng.org/testng-1.0.dtd">
<suite name="FalconDemo-Sample-WIN_10_chrome_77">
  <parameter name="os" value="WIN"/>
  <parameter name="osVersion" value="10"/>
  <parameter name="browser" value="chrome"/>
  <parameter name="browserVersion" value="77"/>
  <test thread-count="5" name="SampleTest">
    <classes>
      <class name="com.atmecs.qa.falcondashboard.testscript.TC10_TestPhase"/>
    </classes>
  </test> <!-- SampleTest -->
</suite> <!-- FalconDemo-Sample-WIN_10_chrome_77 -->
]]>
    </line>
    <line>
      <![CDATA[INFO: New Suite Created with name: FalconDemo-Sample-WIN_10_chrome_77]]>
    </line>
    <line>
      <![CDATA[<?xml version="1.0" encoding="UTF-8"?>
<!DOCTYPE suite SYSTEM "http://testng.org/testng-1.0.dtd">
<suite name="FalconDemo-Sample-WIN_10_chrome_77">
  <parameter name="os" value="WIN"/>
  <parameter name="osVersion" value="10"/>
  <parameter name="browser" value="chrome"/>
  <parameter name="browserVersion" value="77"/>
  <test thread-count="5" name="SampleTest">
    <classes>
      <class name="com.atmecs.qa.falcondashboard.testscript.TC11_DownloadOption"/>
    </classes>
  </test> <!-- SampleTest -->
</suite> <!-- FalconDemo-Sample-WIN_10_chrome_77 -->
]]>
    </line>
    <line>
      <![CDATA[INFO: New Suite Created with name: FalconDemo-Sample-WIN_10_chrome_77]]>
    </line>
    <line>
      <![CDATA[<?xml version="1.0" encoding="UTF-8"?>
<!DOCTYPE suite SYSTEM "http://testng.org/testng-1.0.dtd">
<suite name="FalconDemo-Sample-WIN_10_chrome_77">
  <parameter name="os" value="WIN"/>
  <parameter name="osVersion" value="10"/>
  <parameter name="browser" value="chrome"/>
  <parameter name="browserVersion" value="77"/>
  <test thread-count="5" name="SampleTest">
    <classes>
      <class name="com.atmecs.qa.falcondashboard.testscript.TC12_ExecutionDate"/>
    </classes>
  </test> <!-- SampleTest -->
</suite> <!-- FalconDemo-Sample-WIN_10_chrome_77 -->
]]>
    </line>
    <line>
      <![CDATA[INFO: New Suite Created with name: FalconDemo-Sample-WIN_10_chrome_77]]>
    </line>
    <line>
      <![CDATA[<?xml version="1.0" encoding="UTF-8"?>
<!DOCTYPE suite SYSTEM "http://testng.org/testng-1.0.dtd">
<suite name="FalconDemo-Sample-WIN_10_chrome_77">
  <parameter name="os" value="WIN"/>
  <parameter name="osVersion" value="10"/>
  <parameter name="browser" value="chrome"/>
  <parameter name="browserVersion" value="77"/>
  <test thread-count="5" name="SampleTest">
    <classes>
      <class name="com.atmecs.qa.falcondashboard.testscript.TC13_PassedTestCases"/>
    </classes>
  </test> <!-- SampleTest -->
</suite> <!-- FalconDemo-Sample-WIN_10_chrome_77 -->
]]>
    </line>
    <line>
      <![CDATA[INFO: New Suite Created with name: FalconDemo-Sample-WIN_10_chrome_77]]>
    </line>
    <line>
      <![CDATA[<?xml version="1.0" encoding="UTF-8"?>
<!DOCTYPE suite SYSTEM "http://testng.org/testng-1.0.dtd">
<suite name="FalconDemo-Sample-WIN_10_chrome_77">
  <parameter name="os" value="WIN"/>
  <parameter name="osVersion" value="10"/>
  <parameter name="browser" value="chrome"/>
  <parameter name="browserVersion" value="77"/>
  <test thread-count="5" name="SampleTest">
    <classes>
      <class name="com.atmecs.qa.falcondashboard.testscript.TC14_FailedTestCases"/>
    </classes>
  </test> <!-- SampleTest -->
</suite> <!-- FalconDemo-Sample-WIN_10_chrome_77 -->
]]>
    </line>
    <line>
      <![CDATA[INFO: New Suite Created with name: FalconDemo-Sample-WIN_10_chrome_77]]>
    </line>
    <line>
      <![CDATA[<?xml version="1.0" encoding="UTF-8"?>
<!DOCTYPE suite SYSTEM "http://testng.org/testng-1.0.dtd">
<suite name="FalconDemo-Sample-WIN_10_chrome_77">
  <parameter name="os" value="WIN"/>
  <parameter name="osVersion" value="10"/>
  <parameter name="browser" value="chrome"/>
  <parameter name="browserVersion" value="77"/>
  <test thread-count="5" name="SampleTest">
    <classes>
      <class name="com.atmecs.qa.falcondashboard.testscript.TC15_SkippedTestCases"/>
    </classes>
  </test> <!-- SampleTest -->
</suite> <!-- FalconDemo-Sample-WIN_10_chrome_77 -->
]]>
    </line>
    <line>
      <![CDATA[INFO: New Suite Created with name: FalconDemo-Sample-WIN_10_chrome_77]]>
    </line>
    <line>
      <![CDATA[<?xml version="1.0" encoding="UTF-8"?>
<!DOCTYPE suite SYSTEM "http://testng.org/testng-1.0.dtd">
<suite name="FalconDemo-Sample-WIN_10_chrome_77">
  <parameter name="os" value="WIN"/>
  <parameter name="osVersion" value="10"/>
  <parameter name="browser" value="chrome"/>
  <parameter name="browserVersion" value="77"/>
  <test thread-count="5" name="SampleTest">
    <classes>
      <class name="com.atmecs.qa.falcondashboard.testscript.TC16_MainNavigation"/>
    </classes>
  </test> <!-- SampleTest -->
</suite> <!-- FalconDemo-Sample-WIN_10_chrome_77 -->
]]>
    </line>
    <line>
      <![CDATA[INFO: New Suite Created with name: FalconDemo-Sample-WIN_10_chrome_77]]>
    </line>
    <line>
      <![CDATA[<?xml version="1.0" encoding="UTF-8"?>
<!DOCTYPE suite SYSTEM "http://testng.org/testng-1.0.dtd">
<suite name="FalconDemo-Sample-WIN_10_chrome_77">
  <parameter name="os" value="WIN"/>
  <parameter name="osVersion" value="10"/>
  <parameter name="browser" value="chrome"/>
  <parameter name="browserVersion" value="77"/>
  <test thread-count="5" name="SampleTest">
    <classes>
      <class name="com.atmecs.qa.falcondashboard.testscript.TC17_RecentRuns"/>
    </classes>
  </test> <!-- SampleTest -->
</suite> <!-- FalconDemo-Sample-WIN_10_chrome_77 -->
]]>
    </line>
    <line>
      <![CDATA[INFO: New Suite Created with name: FalconDemo-Sample-WIN_10_chrome_77]]>
    </line>
    <line>
      <![CDATA[<?xml version="1.0" encoding="UTF-8"?>
<!DOCTYPE suite SYSTEM "http://testng.org/testng-1.0.dtd">
<suite name="FalconDemo-Sample-WIN_10_chrome_77">
  <parameter name="os" value="WIN"/>
  <parameter name="osVersion" value="10"/>
  <parameter name="browser" value="chrome"/>
  <parameter name="browserVersion" value="77"/>
  <test thread-count="5" name="SampleTest">
    <classes>
      <class name="com.atmecs.qa.falcondashboard.testscript.TC18_ProductName"/>
    </classes>
  </test> <!-- SampleTest -->
</suite> <!-- FalconDemo-Sample-WIN_10_chrome_77 -->
]]>
    </line>
    <line>
      <![CDATA[INFO: New Suite Created with name: FalconDemo-Sample-WIN_10_chrome_77]]>
    </line>
    <line>
      <![CDATA[<?xml version="1.0" encoding="UTF-8"?>
<!DOCTYPE suite SYSTEM "http://testng.org/testng-1.0.dtd">
<suite name="FalconDemo-Sample-WIN_10_chrome_77">
  <parameter name="os" value="WIN"/>
  <parameter name="osVersion" value="10"/>
  <parameter name="browser" value="chrome"/>
  <parameter name="browserVersion" value="77"/>
  <test thread-count="5" name="SampleTest">
    <classes>
      <class name="com.atmecs.qa.falcondashboard.testscript.TC19_ProductComponent"/>
    </classes>
  </test> <!-- SampleTest -->
</suite> <!-- FalconDemo-Sample-WIN_10_chrome_77 -->
]]>
    </line>
    <line>
      <![CDATA[INFO: New Suite Created with name: FalconDemo-Sample-WIN_10_chrome_77]]>
    </line>
    <line>
      <![CDATA[<?xml version="1.0" encoding="UTF-8"?>
<!DOCTYPE suite SYSTEM "http://testng.org/testng-1.0.dtd">
<suite name="FalconDemo-Sample-WIN_10_chrome_77">
  <parameter name="os" value="WIN"/>
  <parameter name="osVersion" value="10"/>
  <parameter name="browser" value="chrome"/>
  <parameter name="browserVersion" value="77"/>
  <test thread-count="5" name="SampleTest">
    <classes>
      <class name="com.atmecs.qa.falcondashboard.testscript.TC20_FailTestCase"/>
    </classes>
  </test> <!-- SampleTest -->
</suite> <!-- FalconDemo-Sample-WIN_10_chrome_77 -->
]]>
    </line>
    <line>
      <![CDATA[INFO: New Suite Created with name: FalconDemo-Sample-WIN_10_chrome_77]]>
    </line>
    <line>
      <![CDATA[<?xml version="1.0" encoding="UTF-8"?>
<!DOCTYPE suite SYSTEM "http://testng.org/testng-1.0.dtd">
<suite name="FalconDemo-Sample-WIN_10_chrome_77">
  <parameter name="os" value="WIN"/>
  <parameter name="osVersion" value="10"/>
  <parameter name="browser" value="chrome"/>
  <parameter name="browserVersion" value="77"/>
  <test thread-count="5" name="SampleTest">
    <classes>
      <class name="com.atmecs.qa.falcondashboard.testscript.TC21_PassPercentage"/>
    </classes>
  </test> <!-- SampleTest -->
</suite> <!-- FalconDemo-Sample-WIN_10_chrome_77 -->
]]>
    </line>
    <line>
      <![CDATA[INFO: New Suite Created with name: FalconDemo-Sample-WIN_10_chrome_77]]>
    </line>
    <line>
      <![CDATA[<?xml version="1.0" encoding="UTF-8"?>
<!DOCTYPE suite SYSTEM "http://testng.org/testng-1.0.dtd">
<suite name="FalconDemo-Sample-WIN_10_chrome_77">
  <parameter name="os" value="WIN"/>
  <parameter name="osVersion" value="10"/>
  <parameter name="browser" value="chrome"/>
  <parameter name="browserVersion" value="77"/>
  <test thread-count="5" name="SampleTest">
    <classes>
      <class name="com.atmecs.qa.falcondashboard.testscript.TC22_DeleteOption"/>
    </classes>
  </test> <!-- SampleTest -->
</suite> <!-- FalconDemo-Sample-WIN_10_chrome_77 -->
]]>
    </line>
    <line>
      <![CDATA[INFO: New Suite Created with name: FalconDemo-Sample-WIN_10_chrome_77]]>
    </line>
    <line>
      <![CDATA[<?xml version="1.0" encoding="UTF-8"?>
<!DOCTYPE suite SYSTEM "http://testng.org/testng-1.0.dtd">
<suite name="FalconDemo-Sample-WIN_10_chrome_77">
  <parameter name="os" value="WIN"/>
  <parameter name="osVersion" value="10"/>
  <parameter name="browser" value="chrome"/>
  <parameter name="browserVersion" value="77"/>
  <test thread-count="5" name="SampleTest">
    <classes>
      <class name="com.atmecs.qa.falcondashboard.testscript.TC23_Refresh"/>
    </classes>
  </test> <!-- SampleTest -->
</suite> <!-- FalconDemo-Sample-WIN_10_chrome_77 -->
]]>
    </line>
    <line>
      <![CDATA[INFO: New Suite Created with name: FalconDemo-Sample-WIN_10_chrome_77]]>
    </line>
    <line>
      <![CDATA[<?xml version="1.0" encoding="UTF-8"?>
<!DOCTYPE suite SYSTEM "http://testng.org/testng-1.0.dtd">
<suite name="FalconDemo-Sample-WIN_10_chrome_77">
  <parameter name="os" value="WIN"/>
  <parameter name="osVersion" value="10"/>
  <parameter name="browser" value="chrome"/>
  <parameter name="browserVersion" value="77"/>
  <test thread-count="5" name="SampleTest">
    <classes>
      <class name="com.atmecs.qa.falcondashboard.testscript.TC24_ProductSnapShot"/>
    </classes>
  </test> <!-- SampleTest -->
</suite> <!-- FalconDemo-Sample-WIN_10_chrome_77 -->
]]>
    </line>
    <line>
      <![CDATA[INFO: New Suite Created with name: FalconDemo-Sample-WIN_10_chrome_77]]>
    </line>
    <line>
      <![CDATA[<?xml version="1.0" encoding="UTF-8"?>
<!DOCTYPE suite SYSTEM "http://testng.org/testng-1.0.dtd">
<suite name="FalconDemo-Sample-WIN_10_chrome_77">
  <parameter name="os" value="WIN"/>
  <parameter name="osVersion" value="10"/>
  <parameter name="browser" value="chrome"/>
  <parameter name="browserVersion" value="77"/>
  <test thread-count="5" name="SampleTest">
    <classes>
      <class name="com.atmecs.qa.falcondashboard.testscript.TC25_StepsOfProduct"/>
    </classes>
  </test> <!-- SampleTest -->
</suite> <!-- FalconDemo-Sample-WIN_10_chrome_77 -->
]]>
    </line>
    <line>
      <![CDATA[INFO: New Suite Created with name: FalconDemo-Sample-WIN_10_chrome_77]]>
    </line>
    <line>
      <![CDATA[<?xml version="1.0" encoding="UTF-8"?>
<!DOCTYPE suite SYSTEM "http://testng.org/testng-1.0.dtd">
<suite name="FalconDemo-Sample-WIN_10_chrome_77">
  <parameter name="os" value="WIN"/>
  <parameter name="osVersion" value="10"/>
  <parameter name="browser" value="chrome"/>
  <parameter name="browserVersion" value="77"/>
  <test thread-count="5" name="SampleTest">
    <classes>
      <class name="com.atmecs.qa.falcondashboard.testscript.TC26_ColorOfTotalTestCases"/>
    </classes>
  </test> <!-- SampleTest -->
</suite> <!-- FalconDemo-Sample-WIN_10_chrome_77 -->
]]>
    </line>
    <line>
      <![CDATA[INFO: New Suite Created with name: FalconDemo-Sample-WIN_10_chrome_77]]>
    </line>
    <line>
      <![CDATA[<?xml version="1.0" encoding="UTF-8"?>
<!DOCTYPE suite SYSTEM "http://testng.org/testng-1.0.dtd">
<suite name="FalconDemo-Sample-WIN_10_chrome_77">
  <parameter name="os" value="WIN"/>
  <parameter name="osVersion" value="10"/>
  <parameter name="browser" value="chrome"/>
  <parameter name="browserVersion" value="77"/>
  <test thread-count="5" name="SampleTest">
    <classes>
      <class name="com.atmecs.qa.falcondashboard.testscript.TC27_TotalTestCases"/>
    </classes>
  </test> <!-- SampleTest -->
</suite> <!-- FalconDemo-Sample-WIN_10_chrome_77 -->
]]>
    </line>
    <line>
      <![CDATA[INFO: New Suite Created with name: FalconDemo-Sample-WIN_10_chrome_77]]>
    </line>
    <line>
      <![CDATA[<?xml version="1.0" encoding="UTF-8"?>
<!DOCTYPE suite SYSTEM "http://testng.org/testng-1.0.dtd">
<suite name="FalconDemo-Sample-WIN_10_chrome_77">
  <parameter name="os" value="WIN"/>
  <parameter name="osVersion" value="10"/>
  <parameter name="browser" value="chrome"/>
  <parameter name="browserVersion" value="77"/>
  <test thread-count="5" name="SampleTest">
    <classes>
      <class name="com.atmecs.qa.falcondashboard.testscript.TC28_ColorOfPassTestCases"/>
    </classes>
  </test> <!-- SampleTest -->
</suite> <!-- FalconDemo-Sample-WIN_10_chrome_77 -->
]]>
    </line>
    <line>
      <![CDATA[INFO: New Suite Created with name: FalconDemo-Sample-WIN_10_chrome_77]]>
    </line>
    <line>
      <![CDATA[<?xml version="1.0" encoding="UTF-8"?>
<!DOCTYPE suite SYSTEM "http://testng.org/testng-1.0.dtd">
<suite name="FalconDemo-Sample-WIN_10_chrome_77">
  <parameter name="os" value="WIN"/>
  <parameter name="osVersion" value="10"/>
  <parameter name="browser" value="chrome"/>
  <parameter name="browserVersion" value="77"/>
  <test thread-count="5" name="SampleTest">
    <classes>
      <class name="com.atmecs.qa.falcondashboard.testscript.TC29_PassedTestCases"/>
    </classes>
  </test> <!-- SampleTest -->
</suite> <!-- FalconDemo-Sample-WIN_10_chrome_77 -->
]]>
    </line>
    <line>
      <![CDATA[INFO: New Suite Created with name: FalconDemo-Sample-WIN_10_chrome_77]]>
    </line>
    <line>
      <![CDATA[<?xml version="1.0" encoding="UTF-8"?>
<!DOCTYPE suite SYSTEM "http://testng.org/testng-1.0.dtd">
<suite name="FalconDemo-Sample-WIN_10_chrome_77">
  <parameter name="os" value="WIN"/>
  <parameter name="osVersion" value="10"/>
  <parameter name="browser" value="chrome"/>
  <parameter name="browserVersion" value="77"/>
  <test thread-count="5" name="SampleTest">
    <classes>
      <class name="com.atmecs.qa.falcondashboard.testscript.TC30_ColorOfFailedTestCases"/>
    </classes>
  </test> <!-- SampleTest -->
</suite> <!-- FalconDemo-Sample-WIN_10_chrome_77 -->
]]>
    </line>
    <line>
      <![CDATA[INFO: New Suite Created with name: FalconDemo-Sample-WIN_10_chrome_77]]>
    </line>
    <line>
      <![CDATA[<?xml version="1.0" encoding="UTF-8"?>
<!DOCTYPE suite SYSTEM "http://testng.org/testng-1.0.dtd">
<suite name="FalconDemo-Sample-WIN_10_chrome_77">
  <parameter name="os" value="WIN"/>
  <parameter name="osVersion" value="10"/>
  <parameter name="browser" value="chrome"/>
  <parameter name="browserVersion" value="77"/>
  <test thread-count="5" name="SampleTest">
    <classes>
      <class name="com.atmecs.qa.falcondashboard.testscript.TC31_FailedTestCases"/>
    </classes>
  </test> <!-- SampleTest -->
</suite> <!-- FalconDemo-Sample-WIN_10_chrome_77 -->
]]>
    </line>
    <line>
      <![CDATA[INFO: New Suite Created with name: FalconDemo-Sample-WIN_10_chrome_77]]>
    </line>
    <line>
      <![CDATA[<?xml version="1.0" encoding="UTF-8"?>
<!DOCTYPE suite SYSTEM "http://testng.org/testng-1.0.dtd">
<suite name="FalconDemo-Sample-WIN_10_chrome_77">
  <parameter name="os" value="WIN"/>
  <parameter name="osVersion" value="10"/>
  <parameter name="browser" value="chrome"/>
  <parameter name="browserVersion" value="77"/>
  <test thread-count="5" name="SampleTest">
    <classes>
      <class name="com.atmecs.qa.falcondashboard.testscript.TC32_ColorOfSkippedTestCases"/>
    </classes>
  </test> <!-- SampleTest -->
</suite> <!-- FalconDemo-Sample-WIN_10_chrome_77 -->
]]>
    </line>
    <line>
      <![CDATA[INFO: New Suite Created with name: FalconDemo-Sample-WIN_10_chrome_77]]>
    </line>
    <line>
      <![CDATA[<?xml version="1.0" encoding="UTF-8"?>
<!DOCTYPE suite SYSTEM "http://testng.org/testng-1.0.dtd">
<suite name="FalconDemo-Sample-WIN_10_chrome_77">
  <parameter name="os" value="WIN"/>
  <parameter name="osVersion" value="10"/>
  <parameter name="browser" value="chrome"/>
  <parameter name="browserVersion" value="77"/>
  <test thread-count="5" name="SampleTest">
    <classes>
      <class name="com.atmecs.qa.falcondashboard.testscript.TC33_SkippedTestCases"/>
    </classes>
  </test> <!-- SampleTest -->
</suite> <!-- FalconDemo-Sample-WIN_10_chrome_77 -->
]]>
    </line>
    <line>
      <![CDATA[INFO: New Suite Created with name: FalconDemo-Sample-WIN_10_chrome_77]]>
    </line>
    <line>
      <![CDATA[<?xml version="1.0" encoding="UTF-8"?>
<!DOCTYPE suite SYSTEM "http://testng.org/testng-1.0.dtd">
<suite name="FalconDemo-Sample-WIN_10_chrome_77">
  <parameter name="os" value="WIN"/>
  <parameter name="osVersion" value="10"/>
  <parameter name="browser" value="chrome"/>
  <parameter name="browserVersion" value="77"/>
  <test thread-count="5" name="SampleTest">
    <classes>
      <class name="com.atmecs.qa.falcondashboard.testscript.TC34_ViewPage"/>
    </classes>
  </test> <!-- SampleTest -->
</suite> <!-- FalconDemo-Sample-WIN_10_chrome_77 -->
]]>
    </line>
    <line>
      <![CDATA[INFO: New Suite Created with name: FalconDemo-Sample-WIN_10_chrome_77]]>
    </line>
    <line>
      <![CDATA[<?xml version="1.0" encoding="UTF-8"?>
<!DOCTYPE suite SYSTEM "http://testng.org/testng-1.0.dtd">
<suite name="FalconDemo-Sample-WIN_10_chrome_77">
  <parameter name="os" value="WIN"/>
  <parameter name="osVersion" value="10"/>
  <parameter name="browser" value="chrome"/>
  <parameter name="browserVersion" value="77"/>
  <test thread-count="5" name="SampleTest">
    <classes>
      <class name="com.atmecs.qa.falcondashboard.testscript.TC35_LastRun"/>
    </classes>
  </test> <!-- SampleTest -->
</suite> <!-- FalconDemo-Sample-WIN_10_chrome_77 -->
]]>
    </line>
    <line>
      <![CDATA[INFO: New Suite Created with name: FalconDemo-Sample-WIN_10_chrome_77]]>
    </line>
    <line>
      <![CDATA[<?xml version="1.0" encoding="UTF-8"?>
<!DOCTYPE suite SYSTEM "http://testng.org/testng-1.0.dtd">
<suite name="FalconDemo-Sample-WIN_10_chrome_77">
  <parameter name="os" value="WIN"/>
  <parameter name="osVersion" value="10"/>
  <parameter name="browser" value="chrome"/>
  <parameter name="browserVersion" value="77"/>
  <test thread-count="5" name="SampleTest">
    <classes>
      <class name="com.atmecs.qa.falcondashboard.testscript.TC36_StartTime"/>
    </classes>
  </test> <!-- SampleTest -->
</suite> <!-- FalconDemo-Sample-WIN_10_chrome_77 -->
]]>
    </line>
    <line>
      <![CDATA[INFO: New Suite Created with name: FalconDemo-Sample-WIN_10_chrome_77]]>
    </line>
    <line>
      <![CDATA[<?xml version="1.0" encoding="UTF-8"?>
<!DOCTYPE suite SYSTEM "http://testng.org/testng-1.0.dtd">
<suite name="FalconDemo-Sample-WIN_10_chrome_77">
  <parameter name="os" value="WIN"/>
  <parameter name="osVersion" value="10"/>
  <parameter name="browser" value="chrome"/>
  <parameter name="browserVersion" value="77"/>
  <test thread-count="5" name="SampleTest">
    <classes>
      <class name="com.atmecs.qa.falcondashboard.testscript.TC37_EndTime"/>
    </classes>
  </test> <!-- SampleTest -->
</suite> <!-- FalconDemo-Sample-WIN_10_chrome_77 -->
]]>
    </line>
    <line>
      <![CDATA[INFO: New Suite Created with name: FalconDemo-Sample-WIN_10_chrome_77]]>
    </line>
    <line>
      <![CDATA[<?xml version="1.0" encoding="UTF-8"?>
<!DOCTYPE suite SYSTEM "http://testng.org/testng-1.0.dtd">
<suite name="FalconDemo-Sample-WIN_10_chrome_77">
  <parameter name="os" value="WIN"/>
  <parameter name="osVersion" value="10"/>
  <parameter name="browser" value="chrome"/>
  <parameter name="browserVersion" value="77"/>
  <test thread-count="5" name="SampleTest">
    <classes>
      <class name="com.atmecs.qa.falcondashboard.testscript.TC38_MaximizingWindow"/>
    </classes>
  </test> <!-- SampleTest -->
</suite> <!-- FalconDemo-Sample-WIN_10_chrome_77 -->
]]>
    </line>
    <line>
      <![CDATA[Opening browser: chrome]]>
    </line>
    <line>
      <![CDATA[Maximizing browser window]]>
    </line>
    <line>
      <![CDATA[PASS : Verifying String Message  : ACTUAL : ATMECS - Falcon Test Repotrs EXPECTED :ATMECS - Falcon Test Repotrs]]>
    </line>
    <line>
      <![CDATA[successfully validated page title]]>
    </line>
    <line>
      <![CDATA[clicked on refresh option]]>
    </line>
    <line>
      <![CDATA[Successfully validated dashboard text]]>
    </line>
    <line>
      <![CDATA[Successfully validated falcon]]>
    </line>
    <line>
      <![CDATA[Opening browser: chrome]]>
    </line>
    <line>
      <![CDATA[Maximizing browser window]]>
    </line>
    <line>
      <![CDATA[PASS : Successfully validaetd the products : ACTUAL : REST API TEST RESULT,WebServices,FALCON,WebServicesDemo,FalconMobileDemo,ObjectExtractor,SampleFalconAPITest,Falcon,DotComUI_Mobile,MWB,MWB_iOS,JB_Native_App_iOS,Falcon2,Fal,MWB,FalconDemo41,CreditSightsMobile,CHS,CHS,HEATCLINIC RESULT,UI WEB TEST RESULT,HEAT CLINIC RESULT,DotComUITablet,HRIS,HRIS_Cloud,HRIS_Local,Falcon,CreditSights,BrowserstackDemo,FalconSampleProj,DotComUITablet,GreyHealthGroup,FluorCorporation,AndroidDemoApp,MWBooking,AutomationDemoClient,APIAutomationDemoClient,APIAutomationClient,FLUOR,Atmecs,CHS,Atmecs,Atmecs,demo,CHS,Atmecs,CHS,TestMobileWeb,TestFalcon_runSessionId,swathi_signup account,Pooja_USAUTOPARTS,USAutoParts,USAutoParts_MUJ,TestMobileWeb_CnameDemo,IOSDemoApp,Mobile_Demo,TestDemoApp,UI BrowserStack Test Result,dbTesting EXPECTED :REST API TEST RESULT,WebServices,FALCON,WebServicesDemo,FalconMobileDemo,ObjectExtractor,SampleFalconAPITest,Falcon,DotComUI_Mobile,MWB,MWB_iOS,JB_Native_App_iOS,Falcon2,Fal,MWB,FalconDemo41,CreditSightsMobile,CHS,CHS,HEATCLINIC RESULT,UI WEB TEST RESULT,HEAT CLINIC RESULT,DotComUITablet,HRIS,HRIS_Cloud,HRIS_Local,Falcon,CreditSights,BrowserstackDemo,FalconSampleProj,DotComUITablet,GreyHealthGroup,FluorCorporation,AndroidDemoApp,MWBooking,AutomationDemoClient,APIAutomationDemoClient,APIAutomationClient,FLUOR,Atmecs,CHS,Atmecs,Atmecs,demo,CHS,Atmecs,CHS,TestMobileWeb,TestFalcon_runSessionId,swathi_signup account,Pooja_USAUTOPARTS,USAutoParts,USAutoParts_MUJ,TestMobileWeb_CnameDemo,IOSDemoApp,Mobile_Demo,TestDemoApp,UI BrowserStack Test Result,dbTesting]]>
    </line>
    <line>
      <![CDATA[Successfully valdated all the products]]>
    </line>
    <line>
      <![CDATA[Successfully displayed the execution times]]>
    </line>
    <line>
      <![CDATA[PASS : Successfully validaetd the products : ACTUAL : 2 hours ago,39 days ago,47 days ago,49 days ago,54 days ago,202 days ago,215 days ago,215 days ago,217 days ago,236 days ago,242 days ago,242 days ago,243 days ago,249 days ago,251 days ago,259 days ago,265 days ago,265 days ago,273 days ago,333 days ago,348 days ago,356 days ago,371 days ago,379 days ago,379 days ago,383 days ago,400 days ago,439 days ago,445 days ago,474 days ago,525 days ago,592 days ago,601 days ago,605 days ago,608 days ago,608 days ago,608 days ago,628 days ago,634 days ago,634 days ago,663 days ago,704 days ago,704 days ago,740 days ago,747 days ago,762 days ago,762 days ago,763 days ago,767 days ago,796 days ago,799 days ago,804 days ago,812 days ago,823 days ago,837 days ago EXPECTED :2 hours ago,39 days ago,47 days ago,49 days ago,54 days ago,202 days ago,215 days ago,215 days ago,217 days ago,236 days ago,242 days ago,242 days ago,243 days ago,249 days ago,251 days ago,259 days ago,265 days ago,265 days ago,273 days ago,333 days ago,348 days ago,356 days ago,371 days ago,379 days ago,379 days ago,383 days ago,400 days ago,439 days ago,445 days ago,474 days ago,525 days ago,592 days ago,601 days ago,605 days ago,608 days ago,608 days ago,608 days ago,628 days ago,634 days ago,634 days ago,663 days ago,704 days ago,704 days ago,740 days ago,747 days ago,762 days ago,762 days ago,763 days ago,767 days ago,796 days ago,799 days ago,804 days ago,812 days ago,823 days ago,837 days ago]]>
    </line>
    <line>
      <![CDATA[Successfully valdated all the recent execution times]]>
    </line>
    <line>
      <![CDATA[Successfully clicked on product]]>
    </line>
    <line>
      <![CDATA[Opening browser: chrome]]>
    </line>
    <line>
      <![CDATA[Maximizing browser window]]>
    </line>
    <line>
      <![CDATA[PASS : Successfully validaetd the test cases : ACTUAL : 10,1,2,2,1,1,4,10,2,12,1,1,4,1,1,0,2,2,1,4,4,0,1,6,6,6,4,1,1,1,7,9,2,1,8,10,10,1,4,2,1,8,4,2,1,1,1,1,6,2,1,2,2,1,5 EXPECTED :10,1,2,2,1,1,4,10,2,12,1,1,4,1,1,0,2,2,1,4,4,0,1,6,6,6,4,1,1,1,7,9,2,1,8,10,10,1,4,2,1,8,4,2,1,1,1,1,6,2,1,2,2,1,5]]>
    </line>
    <line>
      <![CDATA[Successfully valdated all the test cases]]>
    </line>
    <line>
      <![CDATA[Successfully mouse hovered the test cases]]>
    </line>
    <line>
      <![CDATA[PASS : Successfully displayed the test cases message : ACTUAL : Total Test Cases EXPECTED :Total Test Cases]]>
    </line>
    <line>
      <![CDATA[Opening browser: chrome]]>
    </line>
    <line>
      <![CDATA[Maximizing browser window]]>
    </line>
    <line>
      <![CDATA[Successfully mouse hovered the pass%trend]]>
    </line>
    <line>
      <![CDATA[PASS : Successfully displayed the test cases message : ACTUAL : Pass % Trend EXPECTED :Pass % Trend]]>
    </line>
    <line>
      <![CDATA[Successfully mouse hovered over the pass percent]]>
    </line>
    <line>
      <![CDATA[rgba(34, 34, 34, 1)]]>
    </line>
    <line>
      <![CDATA[PASS : Successfully validated the color of the pass percentage : ACTUAL : rgba(34, 34, 34, 1) EXPECTED :rgba(34, 34, 34, 1)]]>
    </line>
    <line>
      <![CDATA[Successfully validated the color of the pass percentage]]>
    </line>
    <line>
      <![CDATA[Successfully mouse hovered over the fail percent and displayed the value]]>
    </line>
    <line>
      <![CDATA[rgba(244, 67, 54, 1)]]>
    </line>
    <line>
      <![CDATA[PASS : Successfully validated the color of the fail percentage : ACTUAL : rgba(244, 67, 54, 1) EXPECTED :rgba(244, 67, 54, 1)]]>
    </line>
    <line>
      <![CDATA[Successfully validated the color of the fail percentage]]>
    </line>
    <line>
      <![CDATA[Opening browser: chrome]]>
    </line>
    <line>
      <![CDATA[Maximizing browser window]]>
    </line>
    <line>
      <![CDATA[Successfully validated product]]>
    </line>
    <line>
      <![CDATA[Successfully clicked on the product]]>
    </line>
    <line>
      <![CDATA[Successfully validated panel title]]>
    </line>
    <line>
      <![CDATA[PASS : Successfully validaetd the test cases : ACTUAL : deleteProjectApiTest 0 Sec Pass,downloadImageApiTest 0 Sec Pass,exportToExcelApiTest 0 Sec Pass,getDashboardApiTest 1 Sec Pass,invalidLinkApiTest 0 Sec Fail,recentRunsApiTest 0 Sec Pass,reportViewApiTest 0 Sec Pass,uploadImageApiTest 2 Sec Pass,uploadTestngResultFileApiTest 0 Sec Pass,viewReportApiTest 5 Sec Pass EXPECTED :deleteProjectApiTest 0 Sec Pass,downloadImageApiTest 0 Sec Pass,exportToExcelApiTest 0 Sec Pass,getDashboardApiTest 1 Sec Pass,invalidLinkApiTest 0 Sec Fail,recentRunsApiTest 0 Sec Pass,reportViewApiTest 0 Sec Pass,uploadImageApiTest 2 Sec Pass,uploadTestngResultFileApiTest 0 Sec Pass,viewReportApiTest 5 Sec Pass]]>
    </line>
    <line>
      <![CDATA[Successfully valdated all the test cases]]>
    </line>
    <line>
      <![CDATA[Clicked on download option]]>
    </line>
    <line>
      <![CDATA[Successfully selected dashboard option]]>
    </line>
    <line>
      <![CDATA[Opening browser: chrome]]>
    </line>
    <line>
      <![CDATA[Maximizing browser window]]>
    </line>
    <line>
      <![CDATA[Successfully clicked on product]]>
    </line>
    <line>
      <![CDATA[Successfully displayed day and date of product]]>
    </line>
    <line>
      <![CDATA[Successfully displayed medium of product]]>
    </line>
    <line>
      <![CDATA[PASS : Successfully validated the medium of the product : ACTUAL :  Web Services  EXPECTED : Web Services ]]>
    </line>
    <line>
      <![CDATA[Successfully validated the medium of the product]]>
    </line>
    <line>
      <![CDATA[Opening browser: chrome]]>
    </line>
    <line>
      <![CDATA[Maximizing browser window]]>
    </line>
    <line>
      <![CDATA[Successfully clicked on the product]]>
    </line>
    <line>
      <![CDATA[Successfully selected customer option]]>
    </line>
    <line>
      <![CDATA[Successfully validated customer]]>
    </line>
    <line>
      <![CDATA[Successfully selected the module option]]>
    </line>
    <line>
      <![CDATA[Successfully validated module]]>
    </line>
    <line>
      <![CDATA[Selected the status option]]>
    </line>
    <line>
      <![CDATA[Successfully validated status]]>
    </line>
    <line>
      <![CDATA[Opening browser: chrome]]>
    </line>
    <line>
      <![CDATA[Maximizing browser window]]>
    </line>
    <line>
      <![CDATA[Successfully clicked on the product]]>
    </line>
    <line>
      <![CDATA[Successfully selected dashboard option]]>
    </line>
    <line>
      <![CDATA[Opening browser: chrome]]>
    </line>
    <line>
      <![CDATA[Maximizing browser window]]>
    </line>
    <line>
      <![CDATA[Successfully clicked on the product]]>
    </line>
    <line>
      <![CDATA[Successfully selected dashboard option]]>
    </line>
    <line>
      <![CDATA[Successfully validated the environment]]>
    </line>
    <line>
      <![CDATA[Opening browser: chrome]]>
    </line>
    <line>
      <![CDATA[Maximizing browser window]]>
    </line>
    <line>
      <![CDATA[Successfully clicked on the product]]>
    </line>
    <line>
      <![CDATA[Successfully selected dashboard option]]>
    </line>
    <line>
      <![CDATA[Successfully validated the test phase of the product]]>
    </line>
    <line>
      <![CDATA[Opening browser: chrome]]>
    </line>
    <line>
      <![CDATA[Maximizing browser window]]>
    </line>
    <line>
      <![CDATA[Successfully clicked on the product]]>
    </line>
    <line>
      <![CDATA[Clicked on download option]]>
    </line>
    <line>
      <![CDATA[Successfully displayed day and date of product]]>
    </line>
    <line>
      <![CDATA[PASS : Successfully displayed the test cases message : ACTUAL : Download EXPECTED :Download]]>
    </line>
    <line>
      <![CDATA[Sucessfully validated the tooltip message]]>
    </line>
    <line>
      <![CDATA[Opening browser: chrome]]>
    </line>
    <line>
      <![CDATA[Maximizing browser window]]>
    </line>
    <line>
      <![CDATA[Successfully clicked on product]]>
    </line>
    <line>
      <![CDATA[Successfully displayed day and date of product]]>
    </line>
    <line>
      <![CDATA[Successfully displayed day and date of product]]>
    </line>
    <line>
      <![CDATA[PASS : Successfully validated the date : ACTUAL : Feb18,2020 EXPECTED :Feb18,2020]]>
    </line>
    <line>
      <![CDATA[Successfully validated the date]]>
    </line>
    <line>
      <![CDATA[Opening browser: chrome]]>
    </line>
    <line>
      <![CDATA[Maximizing browser window]]>
    </line>
    <line>
      <![CDATA[Successfully clicked on product]]>
    </line>
    <line>
      <![CDATA[Selected the pass status option]]>
    </line>
    <line>
      <![CDATA[Successfully validated pass status]]>
    </line>
    <line>
      <![CDATA[Successfully validated the list of pass test cases]]>
    </line>
    <line>
      <![CDATA[Opening browser: chrome]]>
    </line>
    <line>
      <![CDATA[Maximizing browser window]]>
    </line>
    <line>
      <![CDATA[Successfully clicked on product]]>
    </line>
    <line>
      <![CDATA[Selected the fail status option]]>
    </line>
    <line>
      <![CDATA[Successfully validated fail status]]>
    </line>
    <line>
      <![CDATA[Successfully displayed the fail test cases]]>
    </line>
    <line>
      <![CDATA[Opening browser: chrome]]>
    </line>
    <line>
      <![CDATA[Maximizing browser window]]>
    </line>
    <line>
      <![CDATA[Successfully clicked on product]]>
    </line>
    <line>
      <![CDATA[Selected the skip status option]]>
    </line>
    <line>
      <![CDATA[Successfully validated skip status]]>
    </line>
    <line>
      <![CDATA[Successfully displayed the failed test cases]]>
    </line>
    <line>
      <![CDATA[Opening browser: chrome]]>
    </line>
    <line>
      <![CDATA[Maximizing browser window]]>
    </line>
    <line>
      <![CDATA[Successfully validated dashboard]]>
    </line>
    <line>
      <![CDATA[Successfully validated recent runs]]>
    </line>
    <line>
      <![CDATA[Successfully validated recentruns]]>
    </line>
    <line>
      <![CDATA[Successfully validated recent runs panel title]]>
    </line>
    <line>
      <![CDATA[Successfully validated View]]>
    </line>
    <line>
      <![CDATA[Successfully validated panelview]]>
    </line>
    <line>
      <![CDATA[Successfully validated product snapshot]]>
    </line>
    <line>
      <![CDATA[Opening browser: chrome]]>
    </line>
    <line>
      <![CDATA[Maximizing browser window]]>
    </line>
    <line>
      <![CDATA[Successfully clicked on recent runs]]>
    </line>
    <line>
      <![CDATA[Successfully validated recentruns]]>
    </line>
    <line>
      <![CDATA[Successfully validated reports]]>
    </line>
    <line>
      <![CDATA[Successfully validated product name]]>
    </line>
    <line>
      <![CDATA[Successfully validated the component text]]>
    </line>
    <line>
      <![CDATA[Successfully validated textcases with # symbol]]>
    </line>
    <line>
      <![CDATA[Successfully validated the passpercent with % symbol]]>
    </line>
    <line>
      <![CDATA[Successfully validated lastruns]]>
    </line>
    <line>
      <![CDATA[Opening browser: chrome]]>
    </line>
    <line>
      <![CDATA[Maximizing browser window]]>
    </line>
    <line>
      <![CDATA[Successfully clicked on the recent runs]]>
    </line>
    <line>
      <![CDATA[Successfully validated the product name]]>
    </line>
    <line>
      <![CDATA[Succesfully clicked on the product]]>
    </line>
    <line>
      <![CDATA[Opening browser: chrome]]>
    </line>
    <line>
      <![CDATA[Maximizing browser window]]>
    </line>
    <line>
      <![CDATA[Successfully clicked on recent runs]]>
    </line>
    <line>
      <![CDATA[Successfully clicked on component]]>
    </line>
    <line>
      <![CDATA[Successfully validated component text]]>
    </line>
    <line>
      <![CDATA[Successfully clicked on component]]>
    </line>
    <line>
      <![CDATA[Opening browser: chrome]]>
    </line>
    <line>
      <![CDATA[Maximizing browser window]]>
    </line>
    <line>
      <![CDATA[Successfully clicked on product]]>
    </line>
    <line>
      <![CDATA[Selected the status option]]>
    </line>
    <line>
      <![CDATA[Successfully validated status]]>
    </line>
    <line>
      <![CDATA[Successfully clicked on test case]]>
    </line>
    <line>
      <![CDATA[Successfully validated paneltitle]]>
    </line>
    <line>
      <![CDATA[Successfully validated error message]]>
    </line>
    <line>
      <![CDATA[Opening browser: chrome]]>
    </line>
    <line>
      <![CDATA[Maximizing browser window]]>
    </line>
    <line>
      <![CDATA[Successfully clicked on the recent runs]]>
    </line>
    <line>
      <![CDATA[Successfully validated the pass percent]]>
    </line>
    <line>
      <![CDATA[Successfully clicked on the pass percentage]]>
    </line>
    <line>
      <![CDATA[Opening browser: chrome]]>
    </line>
    <line>
      <![CDATA[Maximizing browser window]]>
    </line>
    <line>
      <![CDATA[Successfully clicked on recent runs]]>
    </line>
    <line>
      <![CDATA[Successfully mouse hovered over the delete option]]>
    </line>
    <line>
      <![CDATA[PASS : Successfully displayed the test cases message : ACTUAL : Delete Run EXPECTED :Delete Run]]>
    </line>
    <line>
      <![CDATA[Opening browser: chrome]]>
    </line>
    <line>
      <![CDATA[Maximizing browser window]]>
    </line>
    <line>
      <![CDATA[Successfully validated dashboard text]]>
    </line>
    <line>
      <![CDATA[Successfully clicked on the refresh option]]>
    </line>
    <line>
      <![CDATA[Opening browser: chrome]]>
    </line>
    <line>
      <![CDATA[Maximizing browser window]]>
    </line>
    <line>
      <![CDATA[Successfully clicked on product snapshot bar]]>
    </line>
    <line>
      <![CDATA[Successfully validated product snapshot]]>
    </line>
    <line>
      <![CDATA[Opening browser: chrome]]>
    </line>
    <line>
      <![CDATA[Maximizing browser window]]>
    </line>
    <line>
      <![CDATA[Successfully clicked on the product]]>
    </line>
    <line>
      <![CDATA[Successfully selected pass option]]>
    </line>
    <line>
      <![CDATA[Successfully selected the testcase]]>
    </line>
    <line>
      <![CDATA[Successfully validated Status option]]>
    </line>
    <line>
      <![CDATA[Successfully validated Details option]]>
    </line>
    <line>
      <![CDATA[Successfully validated the test case]]>
    </line>
    <line>
      <![CDATA[Successfully validated Request Body]]>
    </line>
    <line>
      <![CDATA[Opening browser: chrome]]>
    </line>
    <line>
      <![CDATA[Maximizing browser window]]>
    </line>
    <line>
      <![CDATA[Successfully clicked on product]]>
    </line>
    <line>
      <![CDATA[Successfully selected dashboard option]]>
    </line>
    <line>
      <![CDATA[Successfully displayed day and date of product]]>
    </line>
    <line>
      <![CDATA[PASS : Successfully validated the color of the total test cases box : ACTUAL : rgba(103, 58, 183, 1) EXPECTED :rgba(103, 58, 183, 1)]]>
    </line>
    <line>
      <![CDATA[Successfully validated the color of the total  test cases box]]>
    </line>
    <line>
      <![CDATA[Opening browser: chrome]]>
    </line>
    <line>
      <![CDATA[Maximizing browser window]]>
    </line>
    <line>
      <![CDATA[Successfully clicked on product]]>
    </line>
    <line>
      <![CDATA[Successfully clicked dashboard slider]]>
    </line>
    <line>
      <![CDATA[Successfully clicked total test cases]]>
    </line>
    <line>
      <![CDATA[Successfully validated test cases]]>
    </line>
    <line>
      <![CDATA[Successfully validated the run time]]>
    </line>
    <line>
      <![CDATA[Opening browser: chrome]]>
    </line>
    <line>
      <![CDATA[Maximizing browser window]]>
    </line>
    <line>
      <![CDATA[Successfully clicked on product]]>
    </line>
    <line>
      <![CDATA[Successfully selected dashboard option]]>
    </line>
    <line>
      <![CDATA[Successfully displayed day and date of product]]>
    </line>
    <line>
      <![CDATA[PASS : Successfully validated the color of the pass test cases box : ACTUAL : rgba(0, 150, 136, 1) EXPECTED :rgba(0, 150, 136, 1)]]>
    </line>
    <line>
      <![CDATA[Successfully validated the color of the pass  test cases box]]>
    </line>
    <line>
      <![CDATA[Opening browser: chrome]]>
    </line>
    <line>
      <![CDATA[Maximizing browser window]]>
    </line>
    <line>
      <![CDATA[Successfully clicked on product]]>
    </line>
    <line>
      <![CDATA[Successfully clicked dashboard slider]]>
    </line>
    <line>
      <![CDATA[Successfully clicked pass test cases]]>
    </line>
    <line>
      <![CDATA[Successfully validated passed test cases]]>
    </line>
    <line>
      <![CDATA[Successfully validated pass percentage]]>
    </line>
    <line>
      <![CDATA[Opening browser: chrome]]>
    </line>
    <line>
      <![CDATA[Maximizing browser window]]>
    </line>
    <line>
      <![CDATA[Successfully clicked on product]]>
    </line>
    <line>
      <![CDATA[Successfully selected dashboard option]]>
    </line>
    <line>
      <![CDATA[Successfully displayed day and date of product]]>
    </line>
    <line>
      <![CDATA[PASS : Successfully validated the color of the fail test cases box : ACTUAL : rgba(244, 67, 54, 1) EXPECTED :rgba(244, 67, 54, 1)]]>
    </line>
    <line>
      <![CDATA[Successfully validated the color of the fail test cases box]]>
    </line>
    <line>
      <![CDATA[Opening browser: chrome]]>
    </line>
    <line>
      <![CDATA[Maximizing browser window]]>
    </line>
    <line>
      <![CDATA[Successfully clicked on product]]>
    </line>
    <line>
      <![CDATA[Successfully clicked dashboard slider]]>
    </line>
    <line>
      <![CDATA[Successfully clicked fail test cases]]>
    </line>
    <line>
      <![CDATA[Successfully validated Failed test cases]]>
    </line>
    <line>
      <![CDATA[Successfully validated fail message]]>
    </line>
    <line>
      <![CDATA[Opening browser: chrome]]>
    </line>
    <line>
      <![CDATA[Maximizing browser window]]>
    </line>
    <line>
      <![CDATA[Successfully clicked on product]]>
    </line>
    <line>
      <![CDATA[Successfully selected dashboard option]]>
    </line>
    <line>
      <![CDATA[Successfully displayed day and date of product]]>
    </line>
    <line>
      <![CDATA[PASS : Successfully validated the color of the skip test cases box : ACTUAL : rgba(33, 150, 243, 1) EXPECTED :rgba(33, 150, 243, 1)]]>
    </line>
    <line>
      <![CDATA[Successfully validated the color of the skip test cases box]]>
    </line>
    <line>
      <![CDATA[Opening browser: chrome]]>
    </line>
    <line>
      <![CDATA[Maximizing browser window]]>
    </line>
    <line>
      <![CDATA[Successfully clicked on product]]>
    </line>
    <line>
      <![CDATA[Successfully clicked dashboard slider]]>
    </line>
    <line>
      <![CDATA[Successfully clicked pass test cases]]>
    </line>
    <line>
      <![CDATA[Successfully validated Skipped test cases]]>
    </line>
    <line>
      <![CDATA[Successfully validated skip message]]>
    </line>
    <line>
      <![CDATA[Opening browser: chrome]]>
    </line>
    <line>
      <![CDATA[Maximizing browser window]]>
    </line>
    <line>
      <![CDATA[Successfully validated views]]>
    </line>
    <line>
      <![CDATA[Successfully validated the views panel title]]>
    </line>
    <line>
      <![CDATA[Clicked on download option]]>
    </line>
    <line>
      <![CDATA[Successfully selected dashboard option]]>
    </line>
    <line>
      <![CDATA[Opening browser: chrome]]>
    </line>
    <line>
      <![CDATA[Maximizing browser window]]>
    </line>
    <line>
      <![CDATA[Successfully clicked on the recent runs]]>
    </line>
    <line>
      <![CDATA[Successfully validated the last run]]>
    </line>
    <line>
      <![CDATA[Successfully clicked on the last runs]]>
    </line>
    <line>
      <![CDATA[Opening browser: chrome]]>
    </line>
    <line>
      <![CDATA[Maximizing browser window]]>
    </line>
    <line>
      <![CDATA[Successfully clicked on product]]>
    </line>
    <line>
      <![CDATA[Successfully selected dashboard option]]>
    </line>
    <line>
      <![CDATA[Start Time]]>
    </line>
    <line>
      <![CDATA[Successfully displayed the start time text]]>
    </line>
    <line>
      <![CDATA[PASS : Successfully validated the text : ACTUAL : Start Time EXPECTED :Start Time]]>
    </line>
    <line>
      <![CDATA[Successfully validated the text]]>
    </line>
    <line>
      <![CDATA[Successfully displayed day and date of product]]>
    </line>
    <line>
      <![CDATA[PASS : Successfully validated the date : ACTUAL : Feb18,2020 EXPECTED :Feb18,2020]]>
    </line>
    <line>
      <![CDATA[Successfully validated the date]]>
    </line>
    <line>
      <![CDATA[Opening browser: chrome]]>
    </line>
    <line>
      <![CDATA[Maximizing browser window]]>
    </line>
    <line>
      <![CDATA[Successfully clicked on product]]>
    </line>
    <line>
      <![CDATA[Successfully selected dashboard option]]>
    </line>
    <line>
      <![CDATA[End Time]]>
    </line>
    <line>
      <![CDATA[Successfully displayed the end time text]]>
    </line>
    <line>
      <![CDATA[PASS : Successfully validated the text : ACTUAL : End Time EXPECTED :End Time]]>
    </line>
    <line>
      <![CDATA[Successfully validated the text]]>
    </line>
    <line>
      <![CDATA[Successfully displayed day and date of product]]>
    </line>
    <line>
      <![CDATA[PASS : Successfully validated the date : ACTUAL : Feb18,2020 EXPECTED :Feb18,2020]]>
    </line>
    <line>
      <![CDATA[Successfully validated the date]]>
    </line>
    <line>
      <![CDATA[Opening browser: chrome]]>
    </line>
    <line>
      <![CDATA[Maximizing browser window]]>
    </line>
    <line>
      <![CDATA[Successfully clicked on the expand button]]>
    </line>
    <line>
      <![CDATA[clicked on refresh option]]>
    </line>
    <line>
      <![CDATA[Successfully validated dashboard text]]>
    </line>
    <line>
      <![CDATA[Successfully validated falcon]]>
    </line>
    <line>
      <![CDATA[Successfully clicked on the expand button]]>
    </line>
  </reporter-output>
  <suite started-at="2020-02-18T13:50:37Z" name="FalconDemo-Sample-WIN_10_chrome_77 (15)" finished-at="2020-02-18T13:50:40Z" duration-ms="3746">
    <groups>
    </groups>
    <test started-at="2020-02-18T13:50:37Z" name="SampleTest" finished-at="2020-02-18T13:50:40Z" duration-ms="3746">
      <class name="com.atmecs.qa.falcondashboard.testscript.TC17_RecentRuns">
        <test-method is-config="true" signature="preSetup(java.lang.String, java.lang.String, java.lang.String, java.lang.String)[pri:0, instance:com.atmecs.qa.falcondashboard.testscript.TC17_RecentRuns@a35e45]" started-at="2020-02-18T13:50:25Z" name="preSetup" finished-at="2020-02-18T13:50:37Z" duration-ms="11557" status="PASS">
          <params>
            <param index="0">
              <value>
                <![CDATA[WIN]]>
              </value>
            </param>
            <param index="1">
              <value>
                <![CDATA[10]]>
              </value>
            </param>
            <param index="2">
              <value>
                <![CDATA[chrome]]>
              </value>
            </param>
            <param index="3">
              <value>
                <![CDATA[77]]>
              </value>
            </param>
          </params>
          <reporter-output>
            <line>
              <![CDATA[Opening browser: chrome]]>
            </line>
            <line>
              <![CDATA[Maximizing browser window]]>
            </line>
          </reporter-output>
        </test-method> <!-- preSetup -->
        <test-method signature="recentrun()[pri:0, instance:com.atmecs.qa.falcondashboard.testscript.TC17_RecentRuns@a35e45]" started-at="2020-02-18T13:50:37Z" name="recentrun" finished-at="2020-02-18T13:50:40Z" duration-ms="3746" status="PASS">
          <reporter-output>
            <line>
              <![CDATA[Successfully clicked on recent runs]]>
            </line>
            <line>
              <![CDATA[Successfully validated recentruns]]>
            </line>
            <line>
              <![CDATA[Successfully validated reports]]>
            </line>
            <line>
              <![CDATA[Successfully validated product name]]>
            </line>
            <line>
              <![CDATA[Successfully validated the component text]]>
            </line>
            <line>
              <![CDATA[Successfully validated textcases with # symbol]]>
            </line>
            <line>
              <![CDATA[Successfully validated the passpercent with % symbol]]>
            </line>
            <line>
              <![CDATA[Successfully validated lastruns]]>
            </line>
          </reporter-output>
        </test-method> <!-- recentrun -->
        <test-method is-config="true" signature="teardown()[pri:0, instance:com.atmecs.qa.falcondashboard.testscript.TC17_RecentRuns@a35e45]" started-at="2020-02-18T13:50:40Z" name="teardown" finished-at="2020-02-18T13:50:41Z" duration-ms="978" status="PASS">
          <reporter-output>
          </reporter-output>
        </test-method> <!-- teardown -->
      </class> <!-- com.atmecs.qa.falcondashboard.testscript.TC17_RecentRuns -->
    </test> <!-- SampleTest -->
  </suite> <!-- FalconDemo-Sample-WIN_10_chrome_77 (15) -->
  <suite started-at="2020-02-18T13:53:57Z" name="FalconDemo-Sample-WIN_10_chrome_77 (27)" finished-at="2020-02-18T13:54:02Z" duration-ms="4987">
    <groups>
    </groups>
    <test started-at="2020-02-18T13:53:57Z" name="SampleTest" finished-at="2020-02-18T13:54:02Z" duration-ms="4987">
      <class name="com.atmecs.qa.falcondashboard.testscript.TC29_PassedTestCases">
        <test-method is-config="true" signature="preSetup(java.lang.String, java.lang.String, java.lang.String, java.lang.String)[pri:0, instance:com.atmecs.qa.falcondashboard.testscript.TC29_PassedTestCases@56dea49f]" started-at="2020-02-18T13:53:45Z" name="preSetup" finished-at="2020-02-18T13:53:57Z" duration-ms="12291" status="PASS">
          <params>
            <param index="0">
              <value>
                <![CDATA[WIN]]>
              </value>
            </param>
            <param index="1">
              <value>
                <![CDATA[10]]>
              </value>
            </param>
            <param index="2">
              <value>
                <![CDATA[chrome]]>
              </value>
            </param>
            <param index="3">
              <value>
                <![CDATA[77]]>
              </value>
            </param>
          </params>
          <reporter-output>
            <line>
              <![CDATA[Opening browser: chrome]]>
            </line>
            <line>
              <![CDATA[Maximizing browser window]]>
            </line>
          </reporter-output>
        </test-method> <!-- preSetup -->
        <test-method signature="passTestCases()[pri:0, instance:com.atmecs.qa.falcondashboard.testscript.TC29_PassedTestCases@56dea49f]" started-at="2020-02-18T13:53:57Z" name="passTestCases" finished-at="2020-02-18T13:54:02Z" duration-ms="4987" status="PASS">
          <reporter-output>
            <line>
              <![CDATA[Successfully clicked on product]]>
            </line>
            <line>
              <![CDATA[Successfully clicked dashboard slider]]>
            </line>
            <line>
              <![CDATA[Successfully clicked pass test cases]]>
            </line>
            <line>
              <![CDATA[Successfully validated passed test cases]]>
            </line>
            <line>
              <![CDATA[Successfully validated pass percentage]]>
            </line>
          </reporter-output>
        </test-method> <!-- passTestCases -->
        <test-method is-config="true" signature="teardown()[pri:0, instance:com.atmecs.qa.falcondashboard.testscript.TC29_PassedTestCases@56dea49f]" started-at="2020-02-18T13:54:02Z" name="teardown" finished-at="2020-02-18T13:54:03Z" duration-ms="698" status="PASS">
          <reporter-output>
          </reporter-output>
        </test-method> <!-- teardown -->
      </class> <!-- com.atmecs.qa.falcondashboard.testscript.TC29_PassedTestCases -->
    </test> <!-- SampleTest -->
  </suite> <!-- FalconDemo-Sample-WIN_10_chrome_77 (27) -->
  <suite started-at="2020-02-18T13:51:09Z" name="FalconDemo-Sample-WIN_10_chrome_77 (17)" finished-at="2020-02-18T13:51:14Z" duration-ms="4970">
    <groups>
    </groups>
    <test started-at="2020-02-18T13:51:09Z" name="SampleTest" finished-at="2020-02-18T13:51:14Z" duration-ms="4970">
      <class name="com.atmecs.qa.falcondashboard.testscript.TC19_ProductComponent">
        <test-method is-config="true" signature="preSetup(java.lang.String, java.lang.String, java.lang.String, java.lang.String)[pri:0, instance:com.atmecs.qa.falcondashboard.testscript.TC19_ProductComponent@7c73b7f8]" started-at="2020-02-18T13:50:57Z" name="preSetup" finished-at="2020-02-18T13:51:09Z" duration-ms="12118" status="PASS">
          <params>
            <param index="0">
              <value>
                <![CDATA[WIN]]>
              </value>
            </param>
            <param index="1">
              <value>
                <![CDATA[10]]>
              </value>
            </param>
            <param index="2">
              <value>
                <![CDATA[chrome]]>
              </value>
            </param>
            <param index="3">
              <value>
                <![CDATA[77]]>
              </value>
            </param>
          </params>
          <reporter-output>
            <line>
              <![CDATA[Opening browser: chrome]]>
            </line>
            <line>
              <![CDATA[Maximizing browser window]]>
            </line>
          </reporter-output>
        </test-method> <!-- preSetup -->
        <test-method signature="componentOfProduct()[pri:0, instance:com.atmecs.qa.falcondashboard.testscript.TC19_ProductComponent@7c73b7f8]" started-at="2020-02-18T13:51:09Z" name="componentOfProduct" finished-at="2020-02-18T13:51:14Z" duration-ms="4968" status="PASS">
          <reporter-output>
            <line>
              <![CDATA[Successfully clicked on recent runs]]>
            </line>
            <line>
              <![CDATA[Successfully clicked on component]]>
            </line>
            <line>
              <![CDATA[Successfully validated component text]]>
            </line>
            <line>
              <![CDATA[Successfully clicked on component]]>
            </line>
          </reporter-output>
        </test-method> <!-- componentOfProduct -->
        <test-method is-config="true" signature="teardown()[pri:0, instance:com.atmecs.qa.falcondashboard.testscript.TC19_ProductComponent@7c73b7f8]" started-at="2020-02-18T13:51:14Z" name="teardown" finished-at="2020-02-18T13:51:15Z" duration-ms="816" status="PASS">
          <reporter-output>
          </reporter-output>
        </test-method> <!-- teardown -->
      </class> <!-- com.atmecs.qa.falcondashboard.testscript.TC19_ProductComponent -->
    </test> <!-- SampleTest -->
  </suite> <!-- FalconDemo-Sample-WIN_10_chrome_77 (17) -->
  <suite started-at="2020-02-18T13:54:32Z" name="FalconDemo-Sample-WIN_10_chrome_77 (29)" finished-at="2020-02-18T13:54:36Z" duration-ms="4660">
    <groups>
    </groups>
    <test started-at="2020-02-18T13:54:32Z" name="SampleTest" finished-at="2020-02-18T13:54:36Z" duration-ms="4660">
      <class name="com.atmecs.qa.falcondashboard.testscript.TC31_FailedTestCases">
        <test-method is-config="true" signature="preSetup(java.lang.String, java.lang.String, java.lang.String, java.lang.String)[pri:0, instance:com.atmecs.qa.falcondashboard.testscript.TC31_FailedTestCases@4e3d92d5]" started-at="2020-02-18T13:54:19Z" name="preSetup" finished-at="2020-02-18T13:54:32Z" duration-ms="12628" status="PASS">
          <params>
            <param index="0">
              <value>
                <![CDATA[WIN]]>
              </value>
            </param>
            <param index="1">
              <value>
                <![CDATA[10]]>
              </value>
            </param>
            <param index="2">
              <value>
                <![CDATA[chrome]]>
              </value>
            </param>
            <param index="3">
              <value>
                <![CDATA[77]]>
              </value>
            </param>
          </params>
          <reporter-output>
            <line>
              <![CDATA[Opening browser: chrome]]>
            </line>
            <line>
              <![CDATA[Maximizing browser window]]>
            </line>
          </reporter-output>
        </test-method> <!-- preSetup -->
        <test-method signature="failTestCases()[pri:0, instance:com.atmecs.qa.falcondashboard.testscript.TC31_FailedTestCases@4e3d92d5]" started-at="2020-02-18T13:54:32Z" name="failTestCases" finished-at="2020-02-18T13:54:36Z" duration-ms="4659" status="PASS">
          <reporter-output>
            <line>
              <![CDATA[Successfully clicked on product]]>
            </line>
            <line>
              <![CDATA[Successfully clicked dashboard slider]]>
            </line>
            <line>
              <![CDATA[Successfully clicked fail test cases]]>
            </line>
            <line>
              <![CDATA[Successfully validated Failed test cases]]>
            </line>
            <line>
              <![CDATA[Successfully validated fail message]]>
            </line>
          </reporter-output>
        </test-method> <!-- failTestCases -->
        <test-method is-config="true" signature="teardown()[pri:0, instance:com.atmecs.qa.falcondashboard.testscript.TC31_FailedTestCases@4e3d92d5]" started-at="2020-02-18T13:54:36Z" name="teardown" finished-at="2020-02-18T13:54:38Z" duration-ms="1578" status="PASS">
          <reporter-output>
          </reporter-output>
        </test-method> <!-- teardown -->
      </class> <!-- com.atmecs.qa.falcondashboard.testscript.TC31_FailedTestCases -->
    </test> <!-- SampleTest -->
  </suite> <!-- FalconDemo-Sample-WIN_10_chrome_77 (29) -->
  <suite started-at="2020-02-18T13:49:21Z" name="FalconDemo-Sample-WIN_10_chrome_77 (11)" finished-at="2020-02-18T13:49:25Z" duration-ms="4348">
    <groups>
    </groups>
    <test started-at="2020-02-18T13:49:21Z" name="SampleTest" finished-at="2020-02-18T13:49:25Z" duration-ms="4348">
      <class name="com.atmecs.qa.falcondashboard.testscript.TC13_PassedTestCases">
        <test-method is-config="true" signature="preSetup(java.lang.String, java.lang.String, java.lang.String, java.lang.String)[pri:0, instance:com.atmecs.qa.falcondashboard.testscript.TC13_PassedTestCases@d6fd5d6]" started-at="2020-02-18T13:49:08Z" name="preSetup" finished-at="2020-02-18T13:49:21Z" duration-ms="12305" status="PASS">
          <params>
            <param index="0">
              <value>
                <![CDATA[WIN]]>
              </value>
            </param>
            <param index="1">
              <value>
                <![CDATA[10]]>
              </value>
            </param>
            <param index="2">
              <value>
                <![CDATA[chrome]]>
              </value>
            </param>
            <param index="3">
              <value>
                <![CDATA[77]]>
              </value>
            </param>
          </params>
          <reporter-output>
            <line>
              <![CDATA[Opening browser: chrome]]>
            </line>
            <line>
              <![CDATA[Maximizing browser window]]>
            </line>
          </reporter-output>
        </test-method> <!-- preSetup -->
        <test-method signature="dropdownPassedTestCases()[pri:0, instance:com.atmecs.qa.falcondashboard.testscript.TC13_PassedTestCases@d6fd5d6]" started-at="2020-02-18T13:49:21Z" name="dropdownPassedTestCases" finished-at="2020-02-18T13:49:25Z" duration-ms="4347" status="PASS">
          <reporter-output>
            <line>
              <![CDATA[Successfully clicked on product]]>
            </line>
            <line>
              <![CDATA[Selected the pass status option]]>
            </line>
            <line>
              <![CDATA[Successfully validated pass status]]>
            </line>
            <line>
              <![CDATA[Successfully validated the list of pass test cases]]>
            </line>
          </reporter-output>
        </test-method> <!-- dropdownPassedTestCases -->
        <test-method is-config="true" signature="teardown()[pri:0, instance:com.atmecs.qa.falcondashboard.testscript.TC13_PassedTestCases@d6fd5d6]" started-at="2020-02-18T13:49:25Z" name="teardown" finished-at="2020-02-18T13:49:26Z" duration-ms="1077" status="PASS">
          <reporter-output>
          </reporter-output>
        </test-method> <!-- teardown -->
      </class> <!-- com.atmecs.qa.falcondashboard.testscript.TC13_PassedTestCases -->
    </test> <!-- SampleTest -->
  </suite> <!-- FalconDemo-Sample-WIN_10_chrome_77 (11) -->
  <suite started-at="2020-02-18T13:55:52Z" name="FalconDemo-Sample-WIN_10_chrome_77 (33)" finished-at="2020-02-18T13:55:56Z" duration-ms="3137">
    <groups>
    </groups>
    <test started-at="2020-02-18T13:55:52Z" name="SampleTest" finished-at="2020-02-18T13:55:56Z" duration-ms="3137">
      <class name="com.atmecs.qa.falcondashboard.testscript.TC35_LastRun">
        <test-method is-config="true" signature="preSetup(java.lang.String, java.lang.String, java.lang.String, java.lang.String)[pri:0, instance:com.atmecs.qa.falcondashboard.testscript.TC35_LastRun@6a73cdc5]" started-at="2020-02-18T13:55:40Z" name="preSetup" finished-at="2020-02-18T13:55:52Z" duration-ms="12648" status="PASS">
          <params>
            <param index="0">
              <value>
                <![CDATA[WIN]]>
              </value>
            </param>
            <param index="1">
              <value>
                <![CDATA[10]]>
              </value>
            </param>
            <param index="2">
              <value>
                <![CDATA[chrome]]>
              </value>
            </param>
            <param index="3">
              <value>
                <![CDATA[77]]>
              </value>
            </param>
          </params>
          <reporter-output>
            <line>
              <![CDATA[Opening browser: chrome]]>
            </line>
            <line>
              <![CDATA[Maximizing browser window]]>
            </line>
          </reporter-output>
        </test-method> <!-- preSetup -->
        <test-method signature="lastRun()[pri:0, instance:com.atmecs.qa.falcondashboard.testscript.TC35_LastRun@6a73cdc5]" started-at="2020-02-18T13:55:52Z" name="lastRun" finished-at="2020-02-18T13:55:56Z" duration-ms="3137" status="PASS">
          <reporter-output>
            <line>
              <![CDATA[Successfully clicked on the recent runs]]>
            </line>
            <line>
              <![CDATA[Successfully validated the last run]]>
            </line>
            <line>
              <![CDATA[Successfully clicked on the last runs]]>
            </line>
          </reporter-output>
        </test-method> <!-- lastRun -->
        <test-method is-config="true" signature="teardown()[pri:0, instance:com.atmecs.qa.falcondashboard.testscript.TC35_LastRun@6a73cdc5]" started-at="2020-02-18T13:55:56Z" name="teardown" finished-at="2020-02-18T13:55:57Z" duration-ms="1641" status="PASS">
          <reporter-output>
          </reporter-output>
        </test-method> <!-- teardown -->
      </class> <!-- com.atmecs.qa.falcondashboard.testscript.TC35_LastRun -->
    </test> <!-- SampleTest -->
  </suite> <!-- FalconDemo-Sample-WIN_10_chrome_77 (33) -->
  <suite started-at="2020-02-18T13:46:31Z" name="FalconDemo-Sample-WIN_10_chrome_77 (1)" finished-at="2020-02-18T13:46:37Z" duration-ms="6312">
    <groups>
    </groups>
    <test started-at="2020-02-18T13:46:31Z" name="SampleTest" finished-at="2020-02-18T13:46:37Z" duration-ms="6312">
      <class name="com.atmecs.qa.falcondashboard.testscript.TC03_TestCases">
        <test-method is-config="true" signature="preSetup(java.lang.String, java.lang.String, java.lang.String, java.lang.String)[pri:0, instance:com.atmecs.qa.falcondashboard.testscript.TC03_TestCases@1c105638]" started-at="2020-02-18T13:46:19Z" name="preSetup" finished-at="2020-02-18T13:46:31Z" duration-ms="12490" status="PASS">
          <params>
            <param index="0">
              <value>
                <![CDATA[WIN]]>
              </value>
            </param>
            <param index="1">
              <value>
                <![CDATA[10]]>
              </value>
            </param>
            <param index="2">
              <value>
                <![CDATA[chrome]]>
              </value>
            </param>
            <param index="3">
              <value>
                <![CDATA[77]]>
              </value>
            </param>
          </params>
          <reporter-output>
            <line>
              <![CDATA[Opening browser: chrome]]>
            </line>
            <line>
              <![CDATA[Maximizing browser window]]>
            </line>
          </reporter-output>
        </test-method> <!-- preSetup -->
        <test-method signature="numberofTestCasesOfProduct()[pri:0, instance:com.atmecs.qa.falcondashboard.testscript.TC03_TestCases@1c105638]" started-at="2020-02-18T13:46:31Z" name="numberofTestCasesOfProduct" finished-at="2020-02-18T13:46:37Z" duration-ms="6312" status="PASS">
          <reporter-output>
            <line>
              <![CDATA[PASS : Successfully validaetd the test cases : ACTUAL : 10,1,2,2,1,1,4,10,2,12,1,1,4,1,1,0,2,2,1,4,4,0,1,6,6,6,4,1,1,1,7,9,2,1,8,10,10,1,4,2,1,8,4,2,1,1,1,1,6,2,1,2,2,1,5 EXPECTED :10,1,2,2,1,1,4,10,2,12,1,1,4,1,1,0,2,2,1,4,4,0,1,6,6,6,4,1,1,1,7,9,2,1,8,10,10,1,4,2,1,8,4,2,1,1,1,1,6,2,1,2,2,1,5]]>
            </line>
            <line>
              <![CDATA[Successfully valdated all the test cases]]>
            </line>
            <line>
              <![CDATA[Successfully mouse hovered the test cases]]>
            </line>
            <line>
              <![CDATA[PASS : Successfully displayed the test cases message : ACTUAL : Total Test Cases EXPECTED :Total Test Cases]]>
            </line>
          </reporter-output>
        </test-method> <!-- numberofTestCasesOfProduct -->
        <test-method is-config="true" signature="teardown()[pri:0, instance:com.atmecs.qa.falcondashboard.testscript.TC03_TestCases@1c105638]" started-at="2020-02-18T13:46:37Z" name="teardown" finished-at="2020-02-18T13:46:39Z" duration-ms="1642" status="PASS">
          <reporter-output>
          </reporter-output>
        </test-method> <!-- teardown -->
      </class> <!-- com.atmecs.qa.falcondashboard.testscript.TC03_TestCases -->
    </test> <!-- SampleTest -->
  </suite> <!-- FalconDemo-Sample-WIN_10_chrome_77 (1) -->
  <suite started-at="2020-02-18T13:52:49Z" name="FalconDemo-Sample-WIN_10_chrome_77 (23)" finished-at="2020-02-18T13:52:55Z" duration-ms="6039">
    <groups>
    </groups>
    <test started-at="2020-02-18T13:52:49Z" name="SampleTest" finished-at="2020-02-18T13:52:55Z" duration-ms="6039">
      <class name="com.atmecs.qa.falcondashboard.testscript.TC25_StepsOfProduct">
        <test-method is-config="true" signature="preSetup(java.lang.String, java.lang.String, java.lang.String, java.lang.String)[pri:0, instance:com.atmecs.qa.falcondashboard.testscript.TC25_StepsOfProduct@171459e8]" started-at="2020-02-18T13:52:37Z" name="preSetup" finished-at="2020-02-18T13:52:49Z" duration-ms="12385" status="PASS">
          <params>
            <param index="0">
              <value>
                <![CDATA[WIN]]>
              </value>
            </param>
            <param index="1">
              <value>
                <![CDATA[10]]>
              </value>
            </param>
            <param index="2">
              <value>
                <![CDATA[chrome]]>
              </value>
            </param>
            <param index="3">
              <value>
                <![CDATA[77]]>
              </value>
            </param>
          </params>
          <reporter-output>
            <line>
              <![CDATA[Opening browser: chrome]]>
            </line>
            <line>
              <![CDATA[Maximizing browser window]]>
            </line>
          </reporter-output>
        </test-method> <!-- preSetup -->
        <test-method signature="stepsOfProduct()[pri:0, instance:com.atmecs.qa.falcondashboard.testscript.TC25_StepsOfProduct@171459e8]" started-at="2020-02-18T13:52:49Z" name="stepsOfProduct" finished-at="2020-02-18T13:52:55Z" duration-ms="6038" status="PASS">
          <reporter-output>
            <line>
              <![CDATA[Successfully clicked on the product]]>
            </line>
            <line>
              <![CDATA[Successfully selected pass option]]>
            </line>
            <line>
              <![CDATA[Successfully selected the testcase]]>
            </line>
            <line>
              <![CDATA[Successfully validated Status option]]>
            </line>
            <line>
              <![CDATA[Successfully validated Details option]]>
            </line>
            <line>
              <![CDATA[Successfully validated the test case]]>
            </line>
            <line>
              <![CDATA[Successfully validated Request Body]]>
            </line>
          </reporter-output>
        </test-method> <!-- stepsOfProduct -->
        <test-method is-config="true" signature="teardown()[pri:0, instance:com.atmecs.qa.falcondashboard.testscript.TC25_StepsOfProduct@171459e8]" started-at="2020-02-18T13:52:55Z" name="teardown" finished-at="2020-02-18T13:52:56Z" duration-ms="956" status="PASS">
          <reporter-output>
          </reporter-output>
        </test-method> <!-- teardown -->
      </class> <!-- com.atmecs.qa.falcondashboard.testscript.TC25_StepsOfProduct -->
    </test> <!-- SampleTest -->
  </suite> <!-- FalconDemo-Sample-WIN_10_chrome_77 (23) -->
  <suite started-at="2020-02-18T13:49:56Z" name="FalconDemo-Sample-WIN_10_chrome_77 (13)" finished-at="2020-02-18T13:50:05Z" duration-ms="8805">
    <groups>
    </groups>
    <test started-at="2020-02-18T13:49:56Z" name="SampleTest" finished-at="2020-02-18T13:50:05Z" duration-ms="8805">
      <class name="com.atmecs.qa.falcondashboard.testscript.TC15_SkippedTestCases">
        <test-method is-config="true" signature="preSetup(java.lang.String, java.lang.String, java.lang.String, java.lang.String)[pri:0, instance:com.atmecs.qa.falcondashboard.testscript.TC15_SkippedTestCases@9ec6159]" started-at="2020-02-18T13:49:44Z" name="preSetup" finished-at="2020-02-18T13:49:56Z" duration-ms="12472" status="PASS">
          <params>
            <param index="0">
              <value>
                <![CDATA[WIN]]>
              </value>
            </param>
            <param index="1">
              <value>
                <![CDATA[10]]>
              </value>
            </param>
            <param index="2">
              <value>
                <![CDATA[chrome]]>
              </value>
            </param>
            <param index="3">
              <value>
                <![CDATA[77]]>
              </value>
            </param>
          </params>
          <reporter-output>
            <line>
              <![CDATA[Opening browser: chrome]]>
            </line>
            <line>
[...]
      <class name="com.atmecs.qa.falcondashboard.testscript.TC06_ProductMedium">
        <test-method is-config="true" signature="preSetup(java.lang.String, java.lang.String, java.lang.String, java.lang.String)[pri:0, instance:com.atmecs.qa.falcondashboard.testscript.TC06_ProductMedium@32a6c44f]" started-at="2020-02-18T13:47:15Z" name="preSetup" finished-at="2020-02-18T13:47:27Z" duration-ms="12090" status="PASS">
          <params>
            <param index="0">
              <value>
                <![CDATA[WIN]]>
              </value>
            </param>
            <param index="1">
              <value>
                <![CDATA[10]]>
              </value>
            </param>
            <param index="2">
              <value>
                <![CDATA[chrome]]>
              </value>
            </param>
            <param index="3">
              <value>
                <![CDATA[77]]>
              </value>
            </param>
          </params>
          <reporter-output>
            <line>
              <![CDATA[Opening browser: chrome]]>
            </line>
            <line>
              <![CDATA[Maximizing browser window]]>
            </line>
          </reporter-output>
        </test-method> <!-- preSetup -->
        <test-method signature="mediumOfProduct()[pri:0, instance:com.atmecs.qa.falcondashboard.testscript.TC06_ProductMedium@32a6c44f]" started-at="2020-02-18T13:47:27Z" name="mediumOfProduct" finished-at="2020-02-18T13:47:28Z" duration-ms="1694" status="PASS">
          <reporter-output>
            <line>
              <![CDATA[Successfully clicked on product]]>
            </line>
            <line>
              <![CDATA[Successfully displayed day and date of product]]>
            </line>
            <line>
              <![CDATA[Successfully displayed medium of product]]>
            </line>
            <line>
              <![CDATA[PASS : Successfully validated the medium of the product : ACTUAL :  Web Services  EXPECTED : Web Services ]]>
            </line>
            <line>
              <![CDATA[Successfully validated the medium of the product]]>
            </line>
          </reporter-output>
        </test-method> <!-- mediumOfProduct -->
        <test-method is-config="true" signature="teardown()[pri:0, instance:com.atmecs.qa.falcondashboard.testscript.TC06_ProductMedium@32a6c44f]" started-at="2020-02-18T13:47:28Z" name="teardown" finished-at="2020-02-18T13:47:29Z" duration-ms="804" status="PASS">
          <reporter-output>
          </reporter-output>
        </test-method> <!-- teardown -->
      </class> <!-- com.atmecs.qa.falcondashboard.testscript.TC06_ProductMedium -->
    </test> <!-- SampleTest -->
  </suite> <!-- FalconDemo-Sample-WIN_10_chrome_77 (4) -->
  <suite started-at="2020-02-18T13:54:50Z" name="FalconDemo-Sample-WIN_10_chrome_77 (30)" finished-at="2020-02-18T13:54:53Z" duration-ms="2530">
    <groups>
    </groups>
    <test started-at="2020-02-18T13:54:50Z" name="SampleTest" finished-at="2020-02-18T13:54:53Z" duration-ms="2530">
      <class name="com.atmecs.qa.falcondashboard.testscript.TC32_ColorOfSkippedTestCases">
        <test-method is-config="true" signature="preSetup(java.lang.String, java.lang.String, java.lang.String, java.lang.String)[pri:0, instance:com.atmecs.qa.falcondashboard.testscript.TC32_ColorOfSkippedTestCases@79cb337d]" started-at="2020-02-18T13:54:38Z" name="preSetup" finished-at="2020-02-18T13:54:50Z" duration-ms="12029" status="PASS">
          <params>
            <param index="0">
              <value>
                <![CDATA[WIN]]>
              </value>
            </param>
            <param index="1">
              <value>
                <![CDATA[10]]>
              </value>
            </param>
            <param index="2">
              <value>
                <![CDATA[chrome]]>
              </value>
            </param>
            <param index="3">
              <value>
                <![CDATA[77]]>
              </value>
            </param>
          </params>
          <reporter-output>
            <line>
              <![CDATA[Opening browser: chrome]]>
            </line>
            <line>
              <![CDATA[Maximizing browser window]]>
            </line>
          </reporter-output>
        </test-method> <!-- preSetup -->
        <test-method signature="colorofSkippedTestCases()[pri:0, instance:com.atmecs.qa.falcondashboard.testscript.TC32_ColorOfSkippedTestCases@79cb337d]" started-at="2020-02-18T13:54:50Z" name="colorofSkippedTestCases" finished-at="2020-02-18T13:54:53Z" duration-ms="2529" status="PASS">
          <reporter-output>
            <line>
              <![CDATA[Successfully clicked on product]]>
            </line>
            <line>
              <![CDATA[Successfully selected dashboard option]]>
            </line>
            <line>
              <![CDATA[Successfully displayed day and date of product]]>
            </line>
            <line>
              <![CDATA[PASS : Successfully validated the color of the skip test cases box : ACTUAL : rgba(33, 150, 243, 1) EXPECTED :rgba(33, 150, 243, 1)]]>
            </line>
            <line>
              <![CDATA[Successfully validated the color of the skip test cases box]]>
            </line>
          </reporter-output>
        </test-method> <!-- colorofSkippedTestCases -->
        <test-method is-config="true" signature="teardown()[pri:0, instance:com.atmecs.qa.falcondashboard.testscript.TC32_ColorOfSkippedTestCases@79cb337d]" started-at="2020-02-18T13:54:53Z" name="teardown" finished-at="2020-02-18T13:54:57Z" duration-ms="4801" status="PASS">
          <reporter-output>
          </reporter-output>
        </test-method> <!-- teardown -->
      </class> <!-- com.atmecs.qa.falcondashboard.testscript.TC32_ColorOfSkippedTestCases -->
    </test> <!-- SampleTest -->
  </suite> <!-- FalconDemo-Sample-WIN_10_chrome_77 (30) -->
  <suite started-at="2020-02-18T13:47:58Z" name="FalconDemo-Sample-WIN_10_chrome_77 (6)" finished-at="2020-02-18T13:48:00Z" duration-ms="2192">
    <groups>
    </groups>
    <test started-at="2020-02-18T13:47:58Z" name="SampleTest" finished-at="2020-02-18T13:48:00Z" duration-ms="2192">
      <class name="com.atmecs.qa.falcondashboard.testscript.TC08_DashboardSlidder">
        <test-method is-config="true" signature="preSetup(java.lang.String, java.lang.String, java.lang.String, java.lang.String)[pri:0, instance:com.atmecs.qa.falcondashboard.testscript.TC08_DashboardSlidder@28797897]" started-at="2020-02-18T13:47:46Z" name="preSetup" finished-at="2020-02-18T13:47:58Z" duration-ms="12328" status="PASS">
          <params>
            <param index="0">
              <value>
                <![CDATA[WIN]]>
              </value>
            </param>
            <param index="1">
              <value>
                <![CDATA[10]]>
              </value>
            </param>
            <param index="2">
              <value>
                <![CDATA[chrome]]>
              </value>
            </param>
            <param index="3">
              <value>
                <![CDATA[77]]>
              </value>
            </param>
          </params>
          <reporter-output>
            <line>
              <![CDATA[Opening browser: chrome]]>
            </line>
            <line>
              <![CDATA[Maximizing browser window]]>
            </line>
          </reporter-output>
        </test-method> <!-- preSetup -->
        <test-method signature="dashboardSlidder()[pri:0, instance:com.atmecs.qa.falcondashboard.testscript.TC08_DashboardSlidder@28797897]" started-at="2020-02-18T13:47:58Z" name="dashboardSlidder" finished-at="2020-02-18T13:48:00Z" duration-ms="2191" status="PASS">
          <reporter-output>
            <line>
              <![CDATA[Successfully clicked on the product]]>
            </line>
            <line>
              <![CDATA[Successfully selected dashboard option]]>
            </line>
          </reporter-output>
        </test-method> <!-- dashboardSlidder -->
        <test-method is-config="true" signature="teardown()[pri:0, instance:com.atmecs.qa.falcondashboard.testscript.TC08_DashboardSlidder@28797897]" started-at="2020-02-18T13:48:00Z" name="teardown" finished-at="2020-02-18T13:48:01Z" duration-ms="832" status="PASS">
          <reporter-output>
          </reporter-output>
        </test-method> <!-- teardown -->
      </class> <!-- com.atmecs.qa.falcondashboard.testscript.TC08_DashboardSlidder -->
    </test> <!-- SampleTest -->
  </suite> <!-- FalconDemo-Sample-WIN_10_chrome_77 (6) -->
  <suite started-at="2020-02-18T13:52:03Z" name="FalconDemo-Sample-WIN_10_chrome_77 (20)" finished-at="2020-02-18T13:52:05Z" duration-ms="1727">
    <groups>
    </groups>
    <test started-at="2020-02-18T13:52:03Z" name="SampleTest" finished-at="2020-02-18T13:52:05Z" duration-ms="1727">
      <class name="com.atmecs.qa.falcondashboard.testscript.TC22_DeleteOption">
        <test-method is-config="true" signature="preSetup(java.lang.String, java.lang.String, java.lang.String, java.lang.String)[pri:0, instance:com.atmecs.qa.falcondashboard.testscript.TC22_DeleteOption@fdbd9b6]" started-at="2020-02-18T13:51:51Z" name="preSetup" finished-at="2020-02-18T13:52:03Z" duration-ms="12047" status="PASS">
          <params>
            <param index="0">
              <value>
                <![CDATA[WIN]]>
              </value>
            </param>
            <param index="1">
              <value>
                <![CDATA[10]]>
              </value>
            </param>
            <param index="2">
              <value>
                <![CDATA[chrome]]>
              </value>
            </param>
            <param index="3">
              <value>
                <![CDATA[77]]>
              </value>
            </param>
          </params>
          <reporter-output>
            <line>
              <![CDATA[Opening browser: chrome]]>
            </line>
            <line>
              <![CDATA[Maximizing browser window]]>
            </line>
          </reporter-output>
        </test-method> <!-- preSetup -->
        <test-method signature="deleteOption()[pri:0, instance:com.atmecs.qa.falcondashboard.testscript.TC22_DeleteOption@fdbd9b6]" started-at="2020-02-18T13:52:03Z" name="deleteOption" finished-at="2020-02-18T13:52:05Z" duration-ms="1727" status="PASS">
          <reporter-output>
            <line>
              <![CDATA[Successfully clicked on recent runs]]>
            </line>
            <line>
              <![CDATA[Successfully mouse hovered over the delete option]]>
            </line>
            <line>
              <![CDATA[PASS : Successfully displayed the test cases message : ACTUAL : Delete Run EXPECTED :Delete Run]]>
            </line>
          </reporter-output>
        </test-method> <!-- deleteOption -->
        <test-method is-config="true" signature="teardown()[pri:0, instance:com.atmecs.qa.falcondashboard.testscript.TC22_DeleteOption@fdbd9b6]" started-at="2020-02-18T13:52:05Z" name="teardown" finished-at="2020-02-18T13:52:08Z" duration-ms="3419" status="PASS">
          <reporter-output>
          </reporter-output>
        </test-method> <!-- teardown -->
      </class> <!-- com.atmecs.qa.falcondashboard.testscript.TC22_DeleteOption -->
    </test> <!-- SampleTest -->
  </suite> <!-- FalconDemo-Sample-WIN_10_chrome_77 (20) -->
  <suite started-at="2020-02-18T13:49:04Z" name="FalconDemo-Sample-WIN_10_chrome_77 (10)" finished-at="2020-02-18T13:49:06Z" duration-ms="2670">
    <groups>
    </groups>
    <test started-at="2020-02-18T13:49:04Z" name="SampleTest" finished-at="2020-02-18T13:49:06Z" duration-ms="2670">
      <class name="com.atmecs.qa.falcondashboard.testscript.TC12_ExecutionDate">
        <test-method is-config="true" signature="preSetup(java.lang.String, java.lang.String, java.lang.String, java.lang.String)[pri:0, instance:com.atmecs.qa.falcondashboard.testscript.TC12_ExecutionDate@4cf6d690]" started-at="2020-02-18T13:48:51Z" name="preSetup" finished-at="2020-02-18T13:49:04Z" duration-ms="12414" status="PASS">
          <params>
            <param index="0">
              <value>
                <![CDATA[WIN]]>
              </value>
            </param>
            <param index="1">
              <value>
                <![CDATA[10]]>
              </value>
            </param>
            <param index="2">
              <value>
                <![CDATA[chrome]]>
              </value>
            </param>
            <param index="3">
              <value>
                <![CDATA[77]]>
              </value>
            </param>
          </params>
          <reporter-output>
            <line>
              <![CDATA[Opening browser: chrome]]>
            </line>
            <line>
              <![CDATA[Maximizing browser window]]>
            </line>
          </reporter-output>
        </test-method> <!-- preSetup -->
        <test-method signature="dateOfExecution()[pri:0, instance:com.atmecs.qa.falcondashboard.testscript.TC12_ExecutionDate@4cf6d690]" started-at="2020-02-18T13:49:04Z" name="dateOfExecution" finished-at="2020-02-18T13:49:06Z" duration-ms="2669" status="PASS">
          <reporter-output>
            <line>
              <![CDATA[Successfully clicked on product]]>
            </line>
            <line>
              <![CDATA[Successfully displayed day and date of product]]>
            </line>
            <line>
              <![CDATA[Successfully displayed day and date of product]]>
            </line>
            <line>
              <![CDATA[PASS : Successfully validated the date : ACTUAL : Feb18,2020 EXPECTED :Feb18,2020]]>
            </line>
            <line>
              <![CDATA[Successfully validated the date]]>
            </line>
          </reporter-output>
        </test-method> <!-- dateOfExecution -->
        <test-method is-config="true" signature="teardown()[pri:0, instance:com.atmecs.qa.falcondashboard.testscript.TC12_ExecutionDate@4cf6d690]" started-at="2020-02-18T13:49:06Z" name="teardown" finished-at="2020-02-18T13:49:08Z" duration-ms="1754" status="PASS">
          <reporter-output>
          </reporter-output>
        </test-method> <!-- teardown -->
      </class> <!-- com.atmecs.qa.falcondashboard.testscript.TC12_ExecutionDate -->
    </test> <!-- SampleTest -->
  </suite> <!-- FalconDemo-Sample-WIN_10_chrome_77 (10) -->
  <suite started-at="2020-02-18T13:55:32Z" name="FalconDemo-Sample-WIN_10_chrome_77 (32)" finished-at="2020-02-18T13:55:40Z" duration-ms="7372">
    <groups>
    </groups>
    <test started-at="2020-02-18T13:55:32Z" name="SampleTest" finished-at="2020-02-18T13:55:40Z" duration-ms="7372">
      <class name="com.atmecs.qa.falcondashboard.testscript.TC34_ViewPage">
        <test-method is-config="true" signature="preSetup(java.lang.String, java.lang.String, java.lang.String, java.lang.String)[pri:0, instance:com.atmecs.qa.falcondashboard.testscript.TC34_ViewPage@5c9d3cfc]" started-at="2020-02-18T13:55:20Z" name="preSetup" finished-at="2020-02-18T13:55:32Z" duration-ms="12234" status="PASS">
          <params>
            <param index="0">
              <value>
                <![CDATA[WIN]]>
              </value>
            </param>
            <param index="1">
              <value>
                <![CDATA[10]]>
              </value>
            </param>
            <param index="2">
              <value>
                <![CDATA[chrome]]>
              </value>
            </param>
            <param index="3">
              <value>
                <![CDATA[77]]>
              </value>
            </param>
          </params>
          <reporter-output>
            <line>
              <![CDATA[Opening browser: chrome]]>
            </line>
            <line>
              <![CDATA[Maximizing browser window]]>
            </line>
          </reporter-output>
        </test-method> <!-- preSetup -->
        <test-method signature="viewPage()[pri:0, instance:com.atmecs.qa.falcondashboard.testscript.TC34_ViewPage@5c9d3cfc]" started-at="2020-02-18T13:55:32Z" name="viewPage" finished-at="2020-02-18T13:55:40Z" duration-ms="7372" status="PASS">
          <reporter-output>
            <line>
              <![CDATA[Successfully validated views]]>
            </line>
            <line>
              <![CDATA[Successfully validated the views panel title]]>
            </line>
            <line>
              <![CDATA[Clicked on download option]]>
            </line>
            <line>
              <![CDATA[Successfully selected dashboard option]]>
            </line>
          </reporter-output>
        </test-method> <!-- viewPage -->
        <test-method is-config="true" signature="teardown()[pri:0, instance:com.atmecs.qa.falcondashboard.testscript.TC34_ViewPage@5c9d3cfc]" started-at="2020-02-18T13:55:40Z" name="teardown" finished-at="2020-02-18T13:55:40Z" duration-ms="316" status="PASS">
          <reporter-output>
          </reporter-output>
        </test-method> <!-- teardown -->
      </class> <!-- com.atmecs.qa.falcondashboard.testscript.TC34_ViewPage -->
    </test> <!-- SampleTest -->
  </suite> <!-- FalconDemo-Sample-WIN_10_chrome_77 (32) -->
  <suite started-at="2020-02-18T13:48:31Z" name="FalconDemo-Sample-WIN_10_chrome_77 (8)" finished-at="2020-02-18T13:48:34Z" duration-ms="2357">
    <groups>
    </groups>
    <test started-at="2020-02-18T13:48:31Z" name="SampleTest" finished-at="2020-02-18T13:48:34Z" duration-ms="2357">
      <class name="com.atmecs.qa.falcondashboard.testscript.TC10_TestPhase">
        <test-method is-config="true" signature="preSetup(java.lang.String, java.lang.String, java.lang.String, java.lang.String)[pri:0, instance:com.atmecs.qa.falcondashboard.testscript.TC10_TestPhase@2dbd2d81]" started-at="2020-02-18T13:48:19Z" name="preSetup" finished-at="2020-02-18T13:48:31Z" duration-ms="12652" status="PASS">
          <params>
            <param index="0">
              <value>
                <![CDATA[WIN]]>
              </value>
            </param>
            <param index="1">
              <value>
                <![CDATA[10]]>
              </value>
            </param>
            <param index="2">
              <value>
                <![CDATA[chrome]]>
              </value>
            </param>
            <param index="3">
              <value>
                <![CDATA[77]]>
              </value>
            </param>
          </params>
          <reporter-output>
            <line>
              <![CDATA[Opening browser: chrome]]>
            </line>
            <line>
              <![CDATA[Maximizing browser window]]>
            </line>
          </reporter-output>
        </test-method> <!-- preSetup -->
        <test-method signature="testPhase()[pri:0, instance:com.atmecs.qa.falcondashboard.testscript.TC10_TestPhase@2dbd2d81]" started-at="2020-02-18T13:48:31Z" name="testPhase" finished-at="2020-02-18T13:48:34Z" duration-ms="2356" status="PASS">
          <reporter-output>
            <line>
              <![CDATA[Successfully clicked on the product]]>
            </line>
            <line>
              <![CDATA[Successfully selected dashboard option]]>
            </line>
            <line>
              <![CDATA[Successfully validated the test phase of the product]]>
            </line>
          </reporter-output>
        </test-method> <!-- testPhase -->
        <test-method is-config="true" signature="teardown()[pri:0, instance:com.atmecs.qa.falcondashboard.testscript.TC10_TestPhase@2dbd2d81]" started-at="2020-02-18T13:48:34Z" name="teardown" finished-at="2020-02-18T13:48:34Z" duration-ms="734" status="PASS">
          <reporter-output>
          </reporter-output>
        </test-method> <!-- teardown -->
      </class> <!-- com.atmecs.qa.falcondashboard.testscript.TC10_TestPhase -->
    </test> <!-- SampleTest -->
  </suite> <!-- FalconDemo-Sample-WIN_10_chrome_77 (8) -->
</testng-results>
